323XY2C2867CYKT8VW
323XY2C2JBTMFR98VW
323XY2C2VEKYLBMWMQ
323XY2C2VK79A97V9Q
323XY2C2VTBEFYCJUQ
323XY2C2VYXX5FZKQQ
323XY2C2YNZB8BM3VW
323XY2C3VGQ3G3BK2Q
323XY2C4V35GKXBURQ
323XY2C4VM8PXY5CWQ
323XY2C4VQ8Y7TJJYQ
323XY2C4VTWD6QHETQ
323XY2C5VA4S5665NQ
323XY2C5VGWU8T8THQ
323XY2C5YCTYLNX4VW
323XY2C6RGQ8C8P4VW
323XY2C6VCANWK22LQ
323XY2C6VPAK6HB7EQ
323XY2C6VQ8QN4SKAQ
323XY2C6VUK3PSCKVQ
323XY2C6VVDUMVG9LQ
323XY2C7VA6N76S6LQ
323XY2C7VEFK9BKYHQ
323XY2C8LUA8QNN6VW
323XY2C8PKPWF2D9VW
323XY2C8Q3HZD3M4VW
323XY2C8V5CWFPNFGQ
323XY2C8VA3TLZP3KQ
323XY2C8VF9GJ29DAQ
323XY2C8VFUUPJ732Q
323XY2C8VPNSBFW62Q
323XY2C8VR3GNQKBKQ
323XY2C8VS4T82U8LQ
323XY2C8VSUNJC8C9Q
323XY2C8VUHEAG8F4Q
323XY2C966492MF4VW
323XY2C9Q2SJCTY5VW
323XY2C9S6HTRFN9VW
323XY2C9VGZRQ4A2ZQ
323XY2C9VPY4YFR85Q
323XY2C9VRLYUSCFFQ
323XY2CA4QL6KZB2VW
323XY2CBR8ECP3L4VW
323XY2CE8LYG9LH3VW
323XY2CET6HRZ7Y6VW
323XY2CEZMB5NV54VW
323XY2CF3322FTK2VW
323XY2CGH8VL78S4VW
323XY2CH8CJ5PPJ3VW
323XY2CH9A5NL7Z5VW
323XY2CHJWUGXHL2VW
323XY2CJJ3P6NHA6VW
323XY2CJVQ7ZBQP4VW
323XY2CM7JHCQEE6VW
323XY2CMLR3QQNS2VW
323XY2CPBFYG87W4VW
323XY2CPL87SKM54VW
323XY2CPSREZ37Y9VW
323XY2CQ4QQXQZ45VW
323XY2CQHQ7QANE5VW
323XY2CQHUKSFEQ8VW
323XY2CRHBFPLR58VW
323XY2CSJZHL7T52VW
323XY2CUDMMN3BF3VW
323XY2CV4AW2RFZ3VW
323XY2CVS8FVFEJ2VW
323XY2CVY3AHHNX4VW
323XY2CWQWU42V58VW
323XY2CX524C24N5VW
323XY2CX846NYMG5VW
323XY2CY4V4J4JJ5VW
323XY2CYME7Z9272VW
323XY2CYWAUZYB42VW
323XY2CZLJV82EH4VW
323XY2E54WG9V8C6VY
323XY2KL8RBNG8C2VY
323XY2RS3ABNG4C6VY
323XY2S8YEMFA4C4VY
323XY2V2C8Q7D9Y3UJ
323XY2V2C9VW6PH8XJ
323XY2V2CD8A8H4QKJ
323XY2V2CG3C7HT9KJ
323XY2V2CJ6QEPC5RJ
323XY2V2CKDE4S78WJ
323XY2V2CKP3NMTF8J
323XY2V2CSGCBGWASJ
323XY2V3CA7UJEWE6J
323XY2V4C29BQ3CV9J
323XY2V4C5UKAZXY5J
323XY2V4C7NS4VMXGJ
323XY2V4CALRD52M6J
323XY2V4CHKV4G49SJ
323XY2V4CKP9WB8V9J
323XY2V4CLU5WG2KXJ
323XY2V4CXL7793J7J
323XY2V4CZ8WBMF3FJ
323XY2V4RNJW2FD2CL
323XY2V5CXSLHPZ6CL
323XY2V5EJ5V4J62CL
323XY2V66W42ZMF8CL
323XY2V6C2MHVY3RQJ
323XY2V6C4KZ2YHMRJ
323XY2V6C54BZA3RPJ
323XY2V6C66N4M3LEJ
323XY2V6CLDLSQ62KJ
323XY2V6CWSRRR8QNJ
323XY2V6H5A6GSB9CL
323XY2V6QPU3ERC8CL
323XY2V6S7TVS2T2CL
323XY2V7UQVPQ8D8CL
323XY2V8CGQKUM34XJ
323XY2V8CNPA2FXSGJ
323XY2V8CQVPG6T8VJ
323XY2V8CR3VVDW9CJ
323XY2V8CT9XFMHJ4J
323XY2V8CVDJF33DRJ
323XY2V9CMVAMY2ARJ
323XY2VBV6NNZYM3CL
323XY2VD3B2GCF74CL
323XY2VD7A9TCHN2CL
323XY2VDFCBX24J2CL
323XY2VDJ58GCJQ4CL
323XY2VEHG9QZ9W4CL
323XY2VFCZUMPBY3CL
323XY2VFSA4UDKU8CL
323XY2VHJ6MNLJD6CL
323XY2VJ7L9YSGU2CL
323XY2VKTVJXEW58CL
323XY2VLGLFDM5Y8CL
323XY2VMBSU6T5N3CL
323XY2VN3MMBAEJ8CL
323XY2VNA9DRQVW9CL
323XY2VQR4TKJ644CL
323XY2VRBPASU6B2CL
323XY2VRX6AR7QQ8CL
323XY2VS8QCJ47C4CL
323XY2VSP7RNJNS6CL
323XY2VSPC3BJXP5CL
323XY2VTJAB754S2CL
323XY2VVME63LSB6CL
323XY2VWCJ5ULVF4CL
323XY2VWRXWKA2Y4CL
323XY2VX32CD8TC8CL
323XY2VYPH3WN5H8CL
323XY2VZ5MLKZA93CL
323XY2VZKXGFTAD5CL
323XY32FNQW4F2V6CS
323XY34XMNBRE8C4VY
323XY35Q2SKV56C2VY
323XY3AV5DU4S6V2CS
323XY3C2VEGDNNRUGQ
323XY3C2VL4SK86TJQ
323XY3C2VL55CDDWUQ
323XY3C2VTJBG8RTFQ
323XY3C3V7SU4DNUDQ
323XY3C3VQXFQTUENQ
323XY3C4V4L4TW5DKQ
323XY3C4VASES4HJLQ
323XY3C4VM588DZK8Q
323XY3C4VUWPUNBNXQ
323XY3C5S83CEYV2VW
323XY3C6VDDL2ZMQHQ
323XY3C6VP82R7UPXQ
323XY3C6VWKF4W7PJQ
323XY3C8V6ZU2WHFPQ
323XY3C8VRNYD996XQ
323XY3C8VZ7QMD7SMQ
323XY3C9Q22TS4H5VW
323XY3C9VQ7LRPD9YQ
323XY3CC75E47V64VW
323XY3CQ6QARN8E2VW
323XY3JF47S5L5C2VY
323XY3K6LQR857V3CS
323XY3V2CC2ZS4MJ5J
323XY3V2CZF2PM2YFJ
323XY3V39G5DYXR4CL
323XY3V4C3B4MVVR4J
323XY3V4C3CV6TS8RJ
323XY3V4CNRR9F64JJ
323XY3V5XXCYVUR3CL
323XY3V6CL8P3CL6MJ
323XY3V8C6EGUHDTBJ
323XY3V8CAVVJ8DWJJ
323XY3V8CC46ARDXTJ
323XY3V8CVELXGJRMJ
323XY3V8CYWMAAHBBJ
323XY3V94V32DKS6CL
323XY3V952TA9RR2CL
323XY3VBAGFQ39L9CL
323XY3VBY85YZQ36CL
323XY3VES3A8FKN3CL
323XY3VGV66K9426CL
323XY3VJ9H2R6HY2CL
323XY3VK5VA3SH75CL
323XY3VMKQA6H6H2CL
323XY3VUN94S2A68CL
323XY3VVQVXZEVF6CL
323XY3VYX5H73E29CL
323XY433KJ6536C2VY
323XY43E5328X7V8CS
323XY4ABWBT9G2V8CS
323XY4C22MY4SL54VW
323XY4C2ER4G9R88VW
323XY4C2VB9SPV94QQ
323XY4C2VBZBL95DBQ
323XY4C2VEAJ8ZDPKQ
323XY4C2VHBJKVFWEQ
323XY4C2VPYWR7MPDQ
323XY4C2VSU6VYF2ZQ
323XY4C2VSX5DSAN5Q
323XY4C2VX9J3NJBJQ
323XY4C3E4BSSXF3VW
323XY4C3RYLB8VJ4VW
323XY4C3VAJLK9NLXQ
323XY4C3VJBT78DFCQ
323XY4C3VRPRD7D2ZQ
323XY4C3YHLWJ5J5VW
323XY4C484QVP3W8VW
323XY4C48APZXFL2VW
323XY4C4VC6PHA3TCQ
323XY4C4VD4A766NFQ
323XY4C4VLEUAKSMVQ
323XY4C4VNST5BDFYQ
323XY4C4VQFJQHS55Q
323XY4C4VTN7KMGHBQ
323XY4C4VWRGLLGZMQ
323XY4C5TE8MT849VW
323XY4C5VLEGT48PAQ
323XY4C6V44LJ5MDUQ
323XY4C6V677H36NJQ
323XY4C6VEGNZJRGBQ
323XY4C6VF757F7TLQ
323XY4C6VN9DZRSX6Q
323XY4C6VS39Q6SACQ
323XY4C6VUG8BN545Q
323XY4C6VY5QV8HU9Q
323XY4C7R4HAW3U4VW
323XY4C7VATBNZHAQQ
323XY4C7VV79X8ZN3Q
323XY4C7VWZ4A94S7Q
323XY4C88XZH5U44VW
323XY4C8PPXYEB92VW
323XY4C8V56CRMR9JQ
323XY4C8VCYYZCP9GQ
323XY4C8VE2JTSFFYQ
323XY4C8VGQ8YLXM5Q
323XY4C8VJ38UYJ9EQ
323XY4C8VRDVMMHDVQ
323XY4C9V6ESLA229Q
323XY4CA8X3AVGR6VW
323XY4CAPKUHCUP8VW
323XY4CCLZ9PRHU7VW
323XY4CD6BAY57Z3VW
323XY4CDWTDAXK88VW
323XY4CFP72MJ2K2VW
323XY4CFWHXADGX2VW
323XY4CGCJUPKHT6VW
323XY4CGM8TBR7N6VW
323XY4CJP6NFQHW8VW
323XY4CLJVXPTRF8VW
323XY4CMJTGQKZB3VW
323XY4CP97D257V6VW
323XY4CPEGHYUNC4VW
323XY4CQKA827QW8VW
323XY4CQUL3QMFL8VW
323XY4CR7L8BU964VW
323XY4CRH82XSZU8VW
323XY4CS8EJUU5R6VW
323XY4CSL5LG9Y48VW
323XY4CSR3MYTPG9VW
323XY4CTRGN2V8L2VW
323XY4CUZCLJTWZ8VW
323XY4CVHVAXCHX6VW
323XY4CVKP4YM7A8VW
323XY4CWWALTX9R3VW
323XY4CYHLRDWA94VW
323XY4CZD8WBY5S8VW
323XY4CZTYFSRCV3VW
323XY4EFQUBNU6C7VY
323XY4QY8JNGF6C6VY
323XY4TTNRKHG6V6CS
323XY4V223KJLGN2CL
323XY4V2CKM52WXCEJ
323XY4V2CLCZT2UGVJ
323XY4V2CQK7TFEULJ
323XY4V2CZJBQXSTJJ
323XY4V2F8T2WAQ2CL
323XY4V37VHQ9R42CL
323XY4V3C7MKYMRMZJ
323XY4V3CJUCPED7MJ
323XY4V47EWCG4N2CL
323XY4V4C4EDBSZEHJ
323XY4V4C67FCSZ7CJ
323XY4V4CHYL47U95J
323XY4V4CK25VQFG2J
323XY4V4CKDV5LRFSJ
323XY4V4CPXWBL9AUJ
323XY4V4CQ4QXHM55J
323XY4V4CR6YK87N3J
323XY4V4CVXCX6PLFJ
323XY4V4CVZ2DHCYYJ
323XY4V4CYH8UMDULJ
323XY4V4JAFD8FJ2CL
323XY4V588QYW5Y4CL
323XY4V5C2QSGSZ37J
323XY4V5CC9VGYNVSJ
323XY4V5CL8GBMZQBJ
323XY4V6C2JQ8QAYTJ
323XY4V6C2P523UKQJ
323XY4V6CEJ2G4PHZJ
323XY4V6CHPL6RK8GJ
323XY4V6CV5JJL6YRJ
323XY4V6CXRZWL3KVJ
323XY4V6CYFZF8YTUJ
323XY4V6CYKHPECP8J
323XY4V7C8XRCVXLMJ
323XY4V7CGK9G4VHLJ
323XY4V7CLHMJPKF7J
323XY4V7CMHLWQWPTJ
323XY4V7CRGUE6AEDJ
323XY4V7FNVPRKS2CL
323XY4V8CA95B5YRPJ
323XY4V8CC7M6RCYXJ
323XY4V8CE3XYMQ86J
323XY4V8CR2LRN93SJ
323XY4V8CVHWDNZ5MJ
323XY4V8S8ZYNWD6CL
323XY4V99L9ZDEC6CL
323XY4V9CDGCMAN4LJ
323XY4V9CMHGGP3E9J
323XY4VBY446FEB2CL
323XY4VDE8XRJLQ3CL
323XY4VEC2FC4YX7CL
323XY4VGT7B9G734CL
323XY4VHYMJWUCK3CL
323XY4VLGWHBVZ82CL
323XY4VM6WZAZY74CL
323XY4VMXGF6BQB2CL
323XY4VMZQNYMNR2CL
323XY4VNCST59S25CL
323XY4VNJS7E6DE2CL
323XY4VPVWPVH5M7CL
323XY4VQ7Q55DKR2CL
323XY4VRLPYLJLH7CL
323XY4VS2JW877T2CL
323XY4VST64XVZ33CL
323XY4VT224EXZY8CL
323XY4VT2KLQTWW6CL
323XY4VTME7FU878CL
323XY4VUR3AETH96CL
323XY4VWSVSAC4F8CL
323XY4VXTFVLMYC8CL
323XY4VZ2Z5EXYV2CL
323XY4VZ464EWFV9CL
323XY4VZS4J6W6C2CL
323XY4X64W96Y4C5VY
323XY4XCVMUTC4V6CS
323XY4Y8H4UWW4V6CS
323XY524ZKVKZ2C8VY
323XY52VB52B88C3VY
323XY53L8HG5R8C6VY
323XY5B9CW4YY8C7VY
323XY5C2VGU9736KNQ
323XY5C4V7VFQWCZGQ
323XY5C4VKKP77ATBQ
323XY5C4VW3LWHX85Q
323XY5C548JPX5C9VY
323XY5C5VY3NJCS3FQ
323XY5C6VDKTLZ8UNQ
323XY5C6VHDUG5P4XQ
323XY5C6VZDMBR4YMQ
323XY5C8L6G9P8T4VW
323XY5CAKB6D9WB8VW
323XY5CATHCAV2N4VW
323XY5CLE4FZ7ZM6VW
323XY5CTP9QGPJQ5VW
323XY5CYPE6EBJ47VW
323XY5RZER2ZM8C7VY
323XY5V2C9UUY8T4WJ
323XY5V2CW77RU2AFJ
323XY5V2S9YBE6E2CL
323XY5V3CR24M4RV8J
323XY5V5CGANDBB2JJ
323XY5V6CB523C8GNJ
323XY5V6CME2VXGA2J
323XY5V6CQ2ZAGZ4DJ
323XY5V6CRQ5ZGBAUJ
323XY5V7SMTNBBP2CL
323XY5V8C3QXWBKE2J
323XY5VJGSN5DN95CL
323XY5VLJNLHXX44CL
323XY5VLJZHWWF46CL
323XY5VQJVBPJ2A4CL
323XY5VVM93BZ4V2CS
323XY5VVZLRSRG75CL
323XY5VWP3RP3RK8CL
323XY5VX3K3NJ3C2VY
323XY5W2WH9LK9V4CS
323XY5WANS54H8V8CS
323XY5WPT4NG58V2CS
323XY5WXG7KNF6C4VY
323XY66MQBSY32C7VY
323XY66W9Z4RQ8V4CS
323XY6C2V44UNHZZXQ
323XY6C2V7ETJC9KDQ
323XY6C2V932WZEU7Q
323XY6C2VBGTJW79GQ
323XY6C2VKV3XNS6VQ
323XY6C2VNAPUXQ8CQ
323XY6C2VURHAE5TLQ
323XY6C2VY95LPYX3Q
323XY6C3VK546CRZFQ
323XY6C4V67JAZXLZQ
323XY6C4VGV5ZMWQFQ
323XY6C4VHGMG7SNZQ
323XY6C4VX68AECJ6Q
323XY6C5S79FZEM2VW
323XY6C5S7PVUSW2VW
323XY6C5V9HT7KS8VQ
323XY6C5VD7AYRW6PQ
323XY6C5VUVGUMJWKQ
323XY6C5VVR2UT2Y3Q
323XY6C6V4LJSAPWZQ
323XY6C6V7H8MF32AQ
323XY6C6VCDZGBG9AQ
323XY6C6VFWV8RSHEQ
323XY6C6VNRM3EYNEQ
323XY6C7VP9E6QX8KQ
323XY6C8V5ZPZTPYDQ
323XY6C8VG39SENEZQ
323XY6C8VTVSRCV5TQ
323XY6C9V529TR4EDQ
323XY6C9VT8GRM8BFQ
323XY6CATP9TBYY5VW
323XY6CD6XY734L2VW
323XY6CF94XWX4B8VW
323XY6CGKZWWC3Q4VW
323XY6CHT965BUC8VW
323XY6CJTNP2ZCB2VW
323XY6CJV2TZEAG6VW
323XY6CKJD3J4374VW
323XY6CKWVNSLXM5VW
323XY6CLY52GB7K7VW
323XY6CMSZKNP6V4VW
323XY6CNEZ223GK8VW
323XY6CP2WHE4H32VW
323XY6CPPUXP4Q38VW
323XY6CQFE5T7UC4VW
323XY6CR3FKQ8XL6VW
323XY6CRNYYFKHK8VW
323XY6CRZVGPFVS3VW
323XY6CUH8W69428VW
323XY6CVBVV954S8VW
323XY6CVRYQTGEU2VW
323XY6CWSA4Q4QQ5VW
323XY6CYDSQU2563VW
323XY6CZ7NQNU352VW
323XY6EC6SA6N2V8CS
323XY6HX9GYV96V8CS
323XY6KD2MZAL2V6CS
323XY6V2C7E79PMHSJ
323XY6V2CCAQRKJAPJ
323XY6V2CCTFT66C6J
323XY6V2CFMLWJ495J
323XY6V2CGAZ28LMRJ
323XY6V2CMXKTUJ4CJ
323XY6V2CUXWYUU43J
323XY6V2CV5RBQ66SJ
323XY6V2WADZND94CL
323XY6V3C8RUDX9PNJ
323XY6V3SDZ9XME4CL
323XY6V42KXAD5Q7CL
323XY6V4C33CQ439JJ
323XY6V4C69AE4X43J
323XY6V4CAKKZZZXTJ
323XY6V4CGE2GSGA6J
323XY6V4CQ7DJRAPNJ
323XY6V4CQANABX28J
323XY6V4CSF5AC4Q9J
323XY6V4CVV59M6TNJ
323XY6V4CWY2Z7QNEJ
323XY6V4L39UBDQ6CL
323XY6V4LK8C4TJ3CL
323XY6V5C93XU4N73J
323XY6V5CZPMT943MJ
323XY6V6BPMFELF2CL
323XY6V6C36AT2RUKJ
323XY6V6C6LGCGDFXJ
323XY6V6CCR4HB9DZJ
323XY6V6CGK6DNQ3EJ
323XY6V6CH9QRTJY2J
323XY6V6CMCYVF5XSJ
323XY6V6CMPCKJHA8J
323XY6V6CRVS655TLJ
323XY6V8C3U6ZA9NWJ
323XY6V8CDSCVYNGFJ
323XY6V8CHCPPYWNWJ
323XY6V8CHQTBY9KEJ
323XY6V8CJ75RFDPNJ
323XY6V8CUF9P4WN8J
323XY6V8CZYUSR3T5J
323XY6V973N8KGN6CL
323XY6V9B6EJYTQ3CL
323XY6V9CFYLP4PMMJ
323XY6V9CJWXA9WVWJ
323XY6V9CMUEE8SJ6J
323XY6V9CN6P5ESC8J
323XY6V9EK4PE9C2VY
323XY6VA69H2DHM5CL
323XY6VA79T9HMN8CL
323XY6VAME29WBF6CL
323XY6VB9G8ED7F2CL
323XY6VCN8SNJCF3CL
323XY6VD43PDD278CL
323XY6VDFBH9DWD3CL
323XY6VDSB23GQ26CL
323XY6VJBLGT5XU8CL
323XY6VJX7ZAVS66CL
323XY6VK6XZDD256CL
323XY6VLH3BSRG74CL
323XY6VLKRSF46N9CL
323XY6VLVYDBECY8CL
323XY6VMUTFDM8B9CL
323XY6VMZV5WP8X7CL
323XY6VQVMW2N858CL
323XY6VR8EUKT793CL
323XY6VRKX8NZAM6CL
323XY6VRVCCPF6G8CL
323XY6VVADT7YHF7CL
323XY6VVLJ2KDES6CL
323XY6VVXLPN6AN4CL
323XY6VW5X5A29R2CL
323XY6VW7BUNKQB6CL
323XY6VXZ6K9YA54CL
323XY6VYEAQFMYA5CL
323XY6VYLGSYBM95CL
323XY6X7THR6F8C6VY
323XY72R8J6654V4CS
323XY765ALBJR2V4CS
323XY78TQWCM98C5VY
323XY79CX7PP49V2CS
323XY7BG6D5JV7C4VY
323XY7C26DXQ5AY6VW
323XY7C2M7NVDKZ8VW
323XY7C2VGHWK2Y86Q
323XY7C2VX9JKN9TQQ
323XY7C3N353BAF9VW
323XY7C4VJPKV99P8Q
323XY7C59BFPKJJ6VW
323XY7C5VLEXVF5ECQ
323XY7C5YMUU5BQ2VW
323XY7C6V6QWLRYU4Q
323XY7C6VEU4V84Y7Q
323XY7C6VEUTRE5L4Q
323XY7C6VRBSLB5WNQ
323XY7C6VS4HZQPELQ
323XY7C7AA3KMGH9VW
323XY7C8V7N9TNS9FQ
323XY7C8V7Q2L3YNFQ
323XY7C8VZ25RSUCFQ
323XY7C9E7ZG6YZ5VW
323XY7CDRGZL6MK2VW
323XY7CDW2K79C27VW
323XY7CE9YKAQXX6VW
323XY7CEWMG3A3X4VW
323XY7CFHQRWC8L8VW
323XY7CK94VJV6A8VW
323XY7CL9ED65QM2VW
323XY7CN8JS6LAY8VW
323XY7CNP7G46NS2VW
323XY7CRFDQUP9N4VW
323XY7CW9BV7KZH4VW
323XY7GVRC8GQ8V9CS
323XY7JMWD72M7V2CS
323XY7L9VMPH24C8VY
323XY7NE93UWV7C2VY
323XY7S6CX9RQ8C3VY
323XY7SBLQQ4E4C8VY
323XY7V2CBPLZS6XTJ
323XY7V2CFKRA6G7HJ
323XY7V2JTWPPWB5CL
323XY7V3C4LDQLEC7J
323XY7V3TTCTS9N4CL
323XY7V4C7K8C696TJ
323XY7V5CA6Z4958XJ
323XY7V636UCWH42CL
323XY7V6CJ36EQAX8J
323XY7V6CRD8WHYCFJ
323XY7V6CYW9HX3E7J
323XY7V7CPR36J7L4J
323XY7V7CWX8EXUSHJ
323XY7V8C3R8CAXB5J
323XY7V8CXJANUSM2J
323XY7V8CZCYZQVQ3J
323XY7VBUL28SQP8CL
323XY7VK6VMDGQK4CL
323XY7VKK9HV9674CL
323XY7VNJXGHWGT4CL
323XY7VNNT8FSZ26CL
323XY7VPBJ5U3UY5CL
323XY7VSMA5F23Z2CL
323XY7VSWQHE8UG6CL
323XY7VTVR8GKYG2CL
323XY7VVGAPJPGW4CL
323XY7VWQJYE88S7CL
323XY7VX7TNFYHK8CL
323XY7VYBXTHVXG7CL
323XY7XY85N3X4C4VY
323XY7YEBUDKV2V7CS
323XY85YZA5BA4V9CS
323XY87LDNPDM2C9VY
323XY88RTGJB52C3VY
323XY8AHTVNKL3C8VY
323XY8C2CPD9XD42VW
323XY8C2V2R58DL3RQ
323XY8C2V9764TBWNQ
323XY8C2VC3GZYS4AQ
323XY8C2VCMDSM9YMQ
323XY8C2VFT69SGHHQ
323XY8C2VM8WB4G8YQ
323XY8C2VN96LZSEPQ
323XY8C2VRURJMWGFQ
323XY8C2VSYZM764LQ
323XY8C3V6NEPT8AVQ
323XY8C3VW297UHV4Q
323XY8C4JAPDSKU8VW
323XY8C4V2TJ6ZVL2Q
323XY8C4VA2PPGNHEQ
323XY8C4VF6N5HQ3XQ
323XY8C4VFD3NG6ALQ
323XY8C4VHH4T36QBQ
323XY8C4VJWE69WQTQ
323XY8C4VLN9MH2YWQ
323XY8C4VMUGPG6MNQ
323XY8C4VWFHYQF68Q
323XY8C4VYMFD39MYQ
323XY8C5V64QXFP9WQ
323XY8C5VR5ECHXLHQ
323XY8C6JFZXEYH8VW
323XY8C6V3AWCLC9CQ
323XY8C6V93ZT8ZTLQ
323XY8C6VBV593Y3PQ
323XY8C6VLBBEDW6PQ
323XY8C6VME2APUQQQ
323XY8C6VMGGCKBKMQ
323XY8C6VP6CDEG94Q
323XY8C6VPU7AYN6VQ
323XY8C6VQC2TJTU9Q
323XY8C7V6229DHF3Q
323XY8C7VKLWEM8SNQ
323XY8C7VY5GBRC2SQ
323XY8C8QEW9GVM6VW
323XY8C8V2957HQGYQ
323XY8C8V3WDDL55FQ
323XY8C8V8WZM2A5EQ
323XY8C8VBBUYFNGKQ
323XY8C8VG2HCLLHDQ
323XY8C8VH2R6WMP5Q
323XY8C93L27X5W2VW
323XY8C9435GZZ44VW
323XY8C94N66XJK8VW
323XY8C9V59YVZHEZQ
323XY8C9VP3LKNKZYQ
323XY8C9VPC8U9HYBQ
323XY8C9VSTYZ262RQ
323XY8C9VU4937S7GQ
323XY8C9VVY7P2NZDQ
323XY8CA5L929SH7VW
323XY8CAHD8NDWK8VW
323XY8CAZYPVRN46VW
323XY8CBD8EJ94Y3VW
323XY8CC2CA2N2V2VW
323XY8CD7W6TYNW8VW
323XY8CD9SS9QHF6VW
323XY8CGD4TWJAU8VW
323XY8CH8CPZBNX6VW
323XY8CHVS4B5YQ8VW
323XY8CJBV8BXLP4VW
323XY8CKXAWEVUP6VW
323XY8CLFA62TLD7VW
323XY8CLNPK5RG38VW
323XY8CLWPCH6776VW
323XY8CME74PRV76VW
323XY8CMN533AYP2VW
323XY8CMPE7LRHK8VW
323XY8CPA54PHTK9VW
323XY8CPBS76AFB2VW
323XY8CQAW2D5X72VW
323XY8CQYNQWBRR6VW
323XY8CSNA43RGN3VW
323XY8CSPN2WU3E6VW
323XY8CUC686EE55VW
323XY8CVAWJV79K8VW
323XY8CY6EYF9LK8VW
323XY8CY9UR78DA6VW
323XY8CYA7Q5N752VW
323XY8CZK9RX8SA3VW
323XY8H38ZVKW2C4VY
323XY8J8HRASU2V2CS
323XY8K4HJHMV5C7VY
323XY8P8ACSXS4C6VY
323XY8UEQAGT44C4VY
323XY8V23XMCSXJ7CL
323XY8V24JHC5B63CL
323XY8V2C396QD5REJ
323XY8V2C4KSE8GALJ
323XY8V2C8ZUYS8T6J
323XY8V2CQR88S9QMJ
323XY8V2CRK92F3HRJ
323XY8V3C2LTXVAJRJ
323XY8V3CCVU2D5P4J
323XY8V3CQLCRFH2JJ
323XY8V3CRRRQ5URPJ
323XY8V3PC6PHYV2CL
323XY8V4C5X3NP6HQJ
323XY8V4CE57CFW7RJ
323XY8V4CG7VA7QHXJ
323XY8V4CGPWEM6PRJ
323XY8V4CGQEFJQARJ
323XY8V4CP5M5EA6PJ
323XY8V4CPEQPDMWPJ
323XY8V4CQFUWMKCDJ
323XY8V4CSURXVV3DJ
323XY8V4CWR3UJGPKJ
323XY8V4CXE38NXCAJ
323XY8V4CZ235SZNLJ
323XY8V55GYQQKP6CL
323XY8V5C7QUDBSXNJ
323XY8V6AE5JAQR6CL
323XY8V6C38UUXT2MJ
323XY8V6C4KPE5DQEJ
323XY8V6CLWQUVEH6J
323XY8V6CNB56K98HJ
323XY8V6CTFB6Y263J
323XY8V6CUMG8YKNXJ
323XY8V6CW7228MTCJ
323XY8V6RFSZ7T27CL
323XY8V6UVL4T984CL
323XY8V7C4T4XT3W8J
323XY8V7CSW4EUA2MJ
323XY8V7CX79VLP73J
323XY8V8C5GLSXRP3J
323XY8V8C8KRTRNRUJ
323XY8V8CQ43BF85QJ
323XY8V8CWAFGD3T3J
323XY8V8CXM2Z75FBJ
323XY8V9D35M58R6CL
323XY8VAQLLSX754CL
323XY8VCA8B5K9D2CL
323XY8VCDSVNEEB2CL
323XY8VD7W493WD8CL
323XY8VGGNU23K26CL
323XY8VGVFK5R4L4CL
323XY8VH7KG7E9K9CL
323XY8VHCFUS3X55CL
323XY8VHCM3UKUJ4CL
323XY8VLMC6MCAL3CL
323XY8VLVS47GAY6CL
323XY8VM6ESVSMT8CL
323XY8VMCJH3G6V4CL
323XY8VMLLDBPM72CL
323XY8VPHNYBAS26CL
323XY8VU8VH626E7CL
323XY8VVXFX9FHV8CL
323XY8VXV7ZN4CR4CL
323XY8VY94QJ8682CL
323XY8VZD6HG25P4CL
323XY8VZG3GTMSL4CL
323XY8YZYZM8G7C6VY
323XY8Z7JW4H54V8CS
323XY9894WK324C3VY
323XY9C2VCZNY2HD9Q
323XY9C3V4NHQ3F4GQ
323XY9C3V4RDDRPH6Q
323XY9C3V4UCLRZ9UQ
323XY9C4VDZSN2MY7Q
323XY9C4VGT68JXYPQ
323XY9C4VVLJQXLPLQ
323XY9C5VLNUHA5SUQ
323XY9C5VRZ6AYQSMQ
323XY9C6V8ZCG9AH3Q
323XY9C6VM65Y762EQ
323XY9C6VS7EY6UCAQ
323XY9C6VWMF2JT4DQ
323XY9C6VZ35P6HK9Q
323XY9C7RBPJW8S6VW
323XY9C7VFGCQDJ8GQ
323XY9C8V4VNEE7VVQ
323XY9C8VSJY2U9QUQ
323XY9C9V7WYABWZBQ
323XY9CDHTGR4J86VW
323XY9CFHGU43WJ8VW
323XY9CMKGHFJ287VW
323XY9CP75LHHQY3VW
323XY9CPE23L93Y2VW
323XY9CRQ39HW4F4VW
323XY9CS8H2AYKL6VW
323XY9CZ4X3UCYQ6VW
323XY9EBSGSS89V4CS
323XY9KDMJURS6V6CS
323XY9KEMDN7S6C6VY
323XY9KKN6P5Y6C6VY
323XY9PE9EJN78V9CS
323XY9QZ4GU7C8C2VY
323XY9RVGGP4S2C2VY
323XY9TT4Z2VU9V7CS
323XY9UT7B7548V4CS
323XY9V2CLWL6K85JJ
323XY9V2CRAMVU8KGJ
323XY9V2CWTAUPQZFJ
323XY9V2VWLDG4H4CL
323XY9V5CSU8LZS8QJ
323XY9V6CDG2WBGQWJ
323XY9VC8AXT7X59CL
323XY9VHF3ZEE276CL
323XY9VLJ8X7TXN9CL
323XY9VLYEUHP8V8CS
323XY9VSR9VMELQ2CL
323XY9VU7ESF4Z92CL
323XY9VVBPKHN7E6CL
323XY9VWWGQQRGJ2CL
323XY9VXPTY2XKY8CL
323XY9YTWFJRJ2V4CS
323XY9ZJA598B8V8CS
323XYA3Q3MG3S3V4CS
323XYA6ZGS9BW8V9CS
323XYA8SYSS6R6C4VY
323XYAART4BEN6C8VY
323XYAERCXKDV8C4VY
323XYAHHEJV6F6C2VY
323XYAJAFZ6VK8V2CS
323XYAJJY8W4V5C4VY
323XYALYA5UCE6C9VY
323XYANBZ8LEC5V2CS
323XYAQ4RPJN36C6VY
323XYATMQYTRV6V7CS
323XYAVRLWDFT9C6VY
323XYAWHX3MPX6V3CS
323XYB7TBXNZB7V2CS
323XYBD8JCMGQ6C7VY
323XYBE3998YV4V8CS
323XYBLZXX22T6C5VY
323XYBNF5D4R38V6CS
323XYBQ3XFZSL2V8CS
323XYBQ4NTVDY2C6VY
323XYBRZB7KGS2V8CS
323XYBWKVJUMD5V4CS
323XYBYJQV4RM6C6VY
323XYC5AJHBA79V4CS
323XYCAJ6QNYX6V6CS
323XYCB4DW95B8V3CS
323XYCCD35EZS4C8VY
323XYCEKPA9XF7C2VY
323XYCNK6P6HU2V4CS
323XYCSPSFWR24C5VY
323XYCURLFSAM8C5VY
323XYCVHHKXX97V5CS
323XYCYUU9W8B2C5VY
323XYD2MYDZS67V6CS
323XYD6NYDMT36V2CS
323XYD7WC2YPS2C2VY
323XYD8NSRKSG8V9CS
323XYDA6P7ZVK8V2CS
323XYDAL4N95X2C8VY
323XYDBFW57PB4V7CS
323XYDCPYFWQZ8V9CS
323XYDJ9GRX2N6C4VY
323XYDJDZ8JXA2C4VY
323XYDL6F7BKM2V8CS
323XYDMP76HEG6C9VY
323XYDMR7K8FM2C5VY
323XYDMUH3J9Z2C4VY
323XYDXJ48RV55C4VY
323XYE226SVST8V6CS
323XYE343YLMD4V4CS
323XYE3LUCFKA8V8CS
323XYE9DX9SYB8C4VY
323XYEEFUXALS4V4CS
323XYEEMPTE2A6C4VY
323XYEHF25LWU4C2VY
323XYEHK8D4X88C2VY
323XYESSUGA9Z2V2CS
323XYEWDUEN728V8CS
323XYEWKVDCYZ8V4CS
323XYF3G5ANHL7V7CS
323XYFDH23MAY2C6VY
323XYFFPHLSM96V2CS
323XYFH6FTQQE4V7CS
323XYFJQEQXYB2C7VY
323XYFLUZU3KS8V3CS
323XYFS8NYZLQ6V6CS
323XYFW49C8DG2V2CS
323XYG3XXCMT37C4VY
323XYG6Y4R7LL2C4VY
323XYG879RHGH8C9VY
323XYGB67Y4864V6CS
323XYGDRX75E68C5VY
323XYGEYSHBMD3C2VY
323XYGF9DUND45V8CS
323XYGM8UKPD38C6VY
323XYGPGJAZEK3V6CS
323XYGRKEE4Z99C4VY
323XYGWRKX7SD2V3CS
323XYH8V58YVL2V6CS
323XYHPSAYRFV7V6CS
323XYHQ3RDZBE4V2CS
323XYHRSTV3RK6V2CS
323XYHU9JWYSF2C8VY
323XYHUPDFSGQ7V3CS
323XYHXWVBJAA3C6VY
323XYJ2FMHYUR2C6VY
323XYJ7YLJERW5C7VY
323XYJ8W7F2935V2CS
323XYJ9YJ3WGH9V8CS
323XYJA8ATF8V2C8VY
323XYJCAXMQNC8C2VY
323XYJH5UYQAN9V4CS
323XYJUTL2HG94C8VY
323XYJW24M88U4V4CS
323XYJWHJM29E6V4CS
323XYJY9VNP5H8V4CS
323XYJYCBHWH98C2VY
323XYJYHCNXNM2C2VY
323XYK5LBGAWH8V2CS
323XYK6BNFSJ78C6VY
323XYK6E8GAZN8C6VY
323XYK6EVL7MJ3V8CS
323XYKGJAC6KQ8V4CS
323XYKQP2HNJ92C5VY
323XYKRGHYXJF8C4VY
323XYKYCYCN2J4V9CS
323XYKZVCXCWF5V4CS
323XYL2A9YVGP8V7CS
323XYL596TPTE6V4CS
323XYL797QYDS4C8VY
323XYL7P37LNQ7C8VY
323XYL7Z3TZSA4V5CS
323XYL9V394M78C5VY
323XYLC3DWSB46C6VY
323XYLE8TXQ7K2C2VY
323XYLHDVETWJ8V7CS
323XYLJU3TWWX4V7CS
323XYLKSSQC3D8V8CS
323XYLMNTGPTV6V7CS
323XYLP4SVDWF9C5VY
323XYLR5SPD4U2C7VY
323XYLSW7AGLT6V5CS
323XYLWLCSTXJ9C7VY
323XYM28DNJ3Z6V7CS
323XYM9H6XMBS9C3VY
323XYMGTB8YLK6C7VY
323XYMHB4RW8H9C2VY
323XYMHHMZ6TD4C8VY
323XYMMPNG3AQ3V6CS
323XYMN3PQU8Z6V6CS
323XYMR3KBA2R8C8VY
323XYMUNJMBU66V4CS
323XYN3E4DF5W4C9VY
323XYN3RBA3YH6V6CS
323XYN9PGSDHZ2C4VY
323XYNBPZ3BWR6V5CS
323XYNNJ5FUEW8V8CS
323XYNPGKS2872C6VY
323XYNSW7F26D2C4VY
323XYNU2NE7CX2C8VY
323XYNV22GN534C7VY
323XYNWSAEEF98V3CS
323XYNYPGZ3L75C8VY
323XYNYUQ8R7H8C8VY
323XYNZ5ZE86Q6V7CS
323XYP225AB4T3V6CS
323XYP97SSLJU2V6CS
323XYPGDU9CEF4V2CS
323XYPKZBMYBC2V2CS
323XYPRA3897P6C5VY
323XYPTE5BKX82C8VY
323XYPULRVNP96V9CS
323XYQ36RW6PV5V6CS
323XYQ5WP92XD2C8VY
323XYQ8Q4E6CU5C5VY
323XYQB92XHXJ6V2CS
323XYQLFY9RRS6C2VY
323XYQMUZGAFM3V9CS
323XYQTD2WPHA6C6VY
323XYQUSXP8666C2VY
323XYQW629NE46C6VY
323XYQWU478L32C6VY
323XYR3ZNZJJQ9C3VY
323XYR49J38RV8V2CS
323XYR75KAWJ76V6CS
323XYRCPDBBU92C8VY
323XYRL624UMV8V8CS
323XYRSYLXDM28C8VY
323XYRTNE8NLM6C2VY
323XYRY3LLPTM6V4CS
323XYRYRDZMTG2V8CS
323XYS4SX5DNY6C4VY
323XYS4ZF6MP63V9CS
323XYS6KMMAHH5C2VY
323XYS9VP9KMP2V8CS
323XYSAFA79T86C8VY
323XYSFCFV9AZ8V6CS
323XYSHPTQDYC6V9CS
323XYSV6AWQVT7V6CS
323XYSWH5AUUM8V8CS
323XYSWPCMJXL8V8CS
323XYSX46LRNX8V9CS
323XYSXSECRZA6C8VY
323XYT2UH9GCH8C3VY
323XYT3HNAF6V2C2VY
323XYT6WZCQNS6C7VY
323XYT75JAMJJ6C9VY
323XYT8PEURKA4V6CS
323XYTHDM2KXX8C9VY
323XYTJT394432V7CS
323XYTPGZR7U72C2VY
323XYTUBMX3VM2V6CS
323XYTVSB6ECV2V8CS
323XYTZRZYCYT2C6VY
323XYU2XZEQPB8C8VY
323XYU4Y4ES6X8V4CS
323XYUBW5H5H22C7VY
323XYUH9CUZXF2V4CS
323XYUKJSECXL4V8CS
323XYUMWBN99L2V8CS
323XYUNYMGG7H2V2CS
323XYUS8L8GT54C7VY
323XYV2FE5AB64V4CS
323XYV3VJ6QMQ2V2CS
323XYV87Z28R42V4CS
323XYVBHGVHQ24V5CS
323XYVBHYU2SP4V4CS
323XYVCCK9FK75C8VY
323XYVF5S5E482C3VY
323XYVF8948N77C8VY
323XYVGHM6E8Q2C2VY
323XYVJ985PWU2C3VY
323XYVKJVG8H82C8VY
323XYVM4VKRTP8V7CS
323XYVM5P5AX45C7VY
323XYVQ2C7FUB8V8CS
323XYVQ73CNLF5V2CS
323XYVS2CTMBN8V7CS
323XYVSU25FAP9C3VY
323XYVUX2DJPQ9C2VY
323XYVYRYD8ZW2C9VY
323XYW2P7SGMT3V7CS
323XYW2X8CP7H6C4VY
323XYW7VZRZ622V3CS
323XYW9R87EWF4C3VY
323XYWA43M3K62V6CS
323XYWASGRVWT8V6CS
323XYWC7UZ4JF5C2VY
323XYWEXXW6VA5V6CS
323XYWJPEHEF54V2CS
323XYWK3X8VAX9C4VY
323XYWR78TU7S4V2CS
323XYWXD4G38N2C4VY
323XYX35ULN6P3V8CS
323XYX5T73HC88C7VY
323XYX9MMX9RJ2C8VY
323XYXCQFEEKJ7V3CS
323XYXF7J34UC4C6VY
323XYXHFJZU4P7C4VY
323XYXMGV37U82V6CS
323XYXMNW5MEE8C4VY
323XYXP64C49H6V6CS
323XYXQK2NY4T7V2CS
323XYXSARRVBG2C4VY
323XYYBAWCRGZ4C2VY
323XYYEVQTEQH4C9VY
323XYYGMPJ37J6C8VY
323XYYKSLPL6C2C6VY
323XYYKZ6VNQC4C9VY
323XYYLS62WXU2C7VY
323XYYMEAQW8X9V9CS
323XYYMJ6SDZG4C6VY
323XYYN35C6JU3V2CS
323XYYQZPMA4Q8C5VY
323XYYR3Y6NQE6C6VY
323XYYXUTZSSB6V7CS
323XYZ4NR5XR78C8VY
323XYZ57KEWMS5C2VY
323XYZ6GFL9N59V3CS
323XYZ723JDJ56C6VY
323XYZBHZH6C98C4VY
323XYZH9JAZ5D6V6CS
323XYZKBZNC728C9VY
323XYZM6HKECE2V4CS
323XYZN8XQ4TX2C5VY
323XYZQ8SFA6V8V9CS
323XYZT8EVX978C6VY
323XYZUMEFBD38V8CS
323XYZVQ9J34M8C2VY
323XYZWRYEW3M7V7CS
323XYZYSLVMJG6C4VY
2C323XY26ES6LD46VU
2C323XY2V7335GDMSN
2C323XY2V9ZQRJ8P2N
2C323XY2VJJBJ5YJQN
2C323XY2VKKF7QUVBN
2C323XY2VQRKAEW7EN
2C323XY2VU8XR63AQN
2C323XY2VVTE9AENGN
2C323XY2VWWTLXVA7N
2C323XY2VZJNX78QMN
2C323XY2VZLMGX65WN
2C323XY39JZRW6U4VU
2C323XY3VGPF4TU6BN
2C323XY3VTKWHSDHQN
2C323XY4CG7HCNT8VU
2C323XY4V35QYV5BFN
2C323XY4V426W9NP4N
2C323XY4VDQK35ZEKN
2C323XY4VHPAF98X4N
2C323XY4VLJ58VABTN
2C323XY4VNNMX59RPN
2C323XY4VQPE7RP3BN
2C323XY4VRMETYASWN
2C323XY4VRP3ZRHQSN
2C323XY4VWGKTUJRTN
2C323XY4VWZLEXM72N
2C323XY5ASAJ4522VU
2C323XY5ASFNV5N8VU
2C323XY5RW4WF7X6VU
2C323XY5VYKAUK6XWN
2C323XY6V5NX4BLVMN
2C323XY6VKQB8EXPQN
2C323XY6VKV4R5PZCN
2C323XY6VT3CB3P2SN
2C323XY6VZ9N5CWQFN
2C323XY7V9E8BJ2EDN
2C323XY7VGKWJ3F8KN
2C323XY7VH8GXZWKHN
2C323XY7VPGFVXEUNN
2C323XY7VS8H927U7N
2C323XY7ZDDAJW82VU
2C323XY8V4FWKA4EKN
2C323XY8VHRRXGLHMN
2C323XY8VN2Y5R3EJN
2C323XY8VN8A87YL8N
2C323XY9V2SUV3VUKN
2C323XY9V3S3WRL5RN
2C323XY9VGDUY5V8CN
2C323XY9VHY7EET4LN
2C323XY9VKDTW9GQGN
2C323XY9VZ7A2GEHXN
2C323XY9ZJE8RN49VU
2C323XYALG5XW588VU
2C323XYB75EQBSV5VU
2C323XYBNNZ6C5A2VU
2C323XYCATK8H8Y2VU
2C323XYEMJKFKNM2VU
2C323XYJ7KLXUEQ9VU
2C323XYJM9VPYDY2VU
2C323XYLQY8BV496VU
2C323XYM78UPT5R7VU
2C323XYMTCEECYF4VU
2C323XYMYYZLBM54VU
2C323XYN2NYVM6U8VU
2C323XYNPFCALUP2VU
2C323XYNWY43M8N4VU
2C323XYPFQ222PQ5VU
2C323XYPYAJE59N7VU
2C323XYQNCRJ9G38VU
2C323XYQVKJ9EGW4VU
2C323XYR2S6D6644VU
2C323XYR99APNZ36VU
2C323XYRNXS8ZS96VU
2C323XYSU6HLWMU5VU
2C323XYUBP8KMDA2VU
2C323XYV883TC5S9VU
2C323XYVFN3QRNJ2VU
2C323XYVMQ8UZUJ6VU
2C323XYVUQCK8498VU
2C323XYWVSFCN5J3VU
2C323XYXYSE7SR64VU
2C323XYY5WYDEVN4VU
2V323XY2C6G2HBJ8LC
2V323XY2C6MY7D8EMC
2V323XY2CHBND6MFSC
2V323XY2CNT5PCVYGC
2V323XY2CQX7EJXKDC
2V323XY2CZ3ECDRYSC
2V323XY385HWCFH4CE
2V323XY3CN8RGNRCWC
2V323XY3CNYU6K9FPC
2V323XY43YLPN7Q4CE
2V323XY45P2SEE73CE
2V323XY4C8ZT9E964C
2V323XY4C92JXVXPMC
2V323XY4C9QF37BDRC
2V323XY4CTYARBV5GC
2V323XY4CU2YMJRMXC
2V323XY4CUJGLT6T3C
2V323XY4PWFT2NR6CE
2V323XY4SRMJBA29CE
2V323XY5C2YNZWY2CE
2V323XY5C4G66MZE2C
2V323XY5CECNV59RWC
2V323XY5CQDWFN5B5C
2V323XY5UD2BEL79CE
2V323XY66BJBFPR8CE
2V323XY6C94E852LLC
2V323XY6CCE2PFFTWC
2V323XY6CF4ABMLTJC
2V323XY6CWFLH6XZSC
2V323XY6CZAJ3GFEXC
2V323XY7CLWVLPM2JC
2V323XY7CLY3EH3JFC
2V323XY7SJB39MR8CE
2V323XY86CJSXQW9CE
2V323XY8C2D9L67A2C
2V323XY8CDQLMHG8SC
2V323XY8CELWA5G9YC
2V323XY8CJ3WS73J9C
2V323XY8CMZMQUQWEC
2V323XY8CNSYZ34Y9C
2V323XY8CSUZLH9V2C
2V323XY8CU4SWEY2NC
2V323XY8CWMZ4XBSEC
2V323XY8TJBDG5A9CE
2V323XY9NDYVDXE3CE
2V323XYAHEAZMYC4CE
2V323XYAS6EGZ7R5CE
2V323XYATKYLKHY9CE
2V323XYAUQ5LGVE6CE
2V323XYBLRU69Q36CE
2V323XYE2UZY9LB6CE
2V323XYG2DJNGYA6CE
2V323XYGAVNSMG58CE
2V323XYGXNBL48F2CE
2V323XYHZEH86L34CE
2V323XYJY8SKKAD7CE
2V323XYKVZJSXHF6CE
2V323XYLDN636322CE
2V323XYLGPM6NY37CE
2V323XYM297XLMB4CE
2V323XYQAKU9BZD4CE
2V323XYQD6RUZ738CE
2V323XYQDG9KRV34CE
2V323XYQHHB48J32CE
2V323XYR3AVV5AY7CE
2V323XYRTBKQDHL7CE
2V323XYTDHSYE4H6CE
2V323XYTZA3MR4N4CE
2V323XYVQWMVF9G8CE
2V323XYWJHNJJRM4CE
2V323XYYX6K65PK2CE
3C323XY3VE3C7KKE4N
3C323XY3VWETRUMKTN
3C323XY4V6LN9LZZDN
3C323XY4VAQATUAC9N
3C323XY4VHXTYHSHFN
3C323XY4VKFZWJGKRN
3C323XY6VVNQ7438SN
3C323XY7V7PNUHJF7N
3C323XY8VJNFL7VRNN
3C323XY8VM573EZY8N
3C323XY8VQ3ETGXAAN
3C323XYBW95KEBP7VU
3C323XYCS2RANWU7VU
3C323XYEFF6HH459VU
3C323XYGG8DG6XB6VU
3C323XYGGMP4C3T2VU
3C323XYHTTXVMYN4VU
3C323XYKZLURALA4VU
3C323XYLL92UY3M9VU
3C323XYP688VNE26VU
3C323XYSBKA2N8N6VU
3C323XYSR69QCCL8VU
3C323XYTJW9JZLZ2VU
3C323XYU9CEUZ6S4VU
3V323XY2C2DMRVD22C
3V323XY2C4HWTMM6LC
3V323XY2CFYZW9S3NC
3V323XY3C5NKJJ2L3C
3V323XY4C9JNFTZBQC
3V323XY6CSAVXKF9FC
3V323XY7ETQ3FXR9CE
3V323XY8C58LADVLZC
3V323XY8C6J6Y5E3SC
3V323XY8CM4QVAF4HC
3V323XY8CQHQQMN4CE
3V323XY8XWT9D4U5CE
3V323XY9CTJ37936ZC
3V323XYAHV2XZWM4CE
3V323XYEJZCZLJQ8CE
3V323XYG627DN824CE
3V323XYGA95U7VC4CE
3V323XYK5K8J57A4CE
3V323XYLP5634GB4CE
3V323XYLVKREK354CE
3V323XYQW9GP89W3CE
3V323XYR42B82MG2CE
3V323XYSLYJ3DLM5CE
4C323XY2QU8YANS2VU
4C323XY2RB7CWVB2VU
4C323XY2V5GXKBWC5N
4C323XY2V9T33FK7WN
4C323XY2VF72T8A5KN
4C323XY2VLR63VDLXN
4C323XY2VRDSNTVSKN
4C323XY2VZJ36LN4EN
4C323XY3V96BP5WWEN
4C323XY3VMQJC8K5PN
4C323XY4EJJ3R4A8VU
4C323XY4LV8VXKV6VU
4C323XY4V7AVYSXG3N
4C323XY4VBQ6PT7NRN
4C323XY4VG8TJEKS5N
4C323XY4VQSAX5DZNN
4C323XY4VRYRXC8TMN
4C323XY4VSZCFY56DN
4C323XY5VWHL7X4FUN
4C323XY5VZ2HRNBFNN
4C323XY6V7R74EDS6N
4C323XY6VGPXLC5F4N
4C323XY6VMSHW7TAKN
4C323XY6VNKUUDMPAN
4C323XY6VRUKRW6Y2N
4C323XY6VTSDJ8AJ9N
4C323XY6VZV2CWC4JN
4C323XY75AHU5KN3VU
4C323XY76JD9LRL8VU
4C323XY7QK3WZWQ5VU
4C323XY7VCKWU6NT3N
4C323XY7VQGZ2VJHLN
4C323XY82DHPXZV9VU
4C323XY8V47JJ3T3YN
4C323XY8VBJJ5N9SAN
4C323XY8VDJC2UGXGN
4C323XY8VEMJ8JWLVN
4C323XY8VFNVK92MAN
4C323XY8VL7UM4X3BN
4C323XY8VXSWMBHV3N
4C323XY9V7BBDSRWRN
4C323XY9VBVNSK2P5N
4C323XY9VJSHTFNQLN
4C323XYAAGUE4YG9VU
4C323XYAQJTZC6V6VU
4C323XYATJTMSEM4VU
4C323XYD46S3XY37VU
4C323XYD825JNZG2VU
4C323XYEBEDDJYN6VU
4C323XYGC7E2H4X6VU
4C323XYJVDBXTWZ4VU
4C323XYK6PKJWHW4VU
4C323XYK9R8YZXK8VU
4C323XYKDEKNRVY4VU
4C323XYLJZUDZ6A6VU
4C323XYMBEJ89724VU
4C323XYMDZCSNHA2VU
4C323XYMWHLM3XY2VU
4C323XYNR6KFC9N6VU
4C323XYNTG6HPQV2VU
4C323XYNXU5NKDC6VU
4C323XYPJM6235C2VU
4C323XYQENNG8N97VU
4C323XYQLKBZC8D2VU
4C323XYRAXYKPNU8VU
4C323XYTCVYXPD87VU
4C323XYUYTA4SER4VU
4C323XYVP8W6WBN6VU
4C323XYVWDJLQ2J6VU
4C323XYW2XC9DTW8VU
4C323XYWGHW2P8E4VU
4C323XYWRZJWNH62VU
4C323XYXJ4UW7B84VU
4C323XYXVC6JXAL8VU
4C323XYXWWZNL326VU
4C323XYZNGJ4YPT2VU
4C323XYZNWHYD6C4VU
4V323XY2C6VNTL6UWC
4V323XY2CRUM5XCNVC
4V323XY2CSCGTYMNLC
4V323XY2CSM8NQR3QC
4V323XY2CZU5JB32LC
4V323XY3CRWYWRHUXC
4V323XY3CZCVCYCU9C
4V323XY3MMJ3F2C6CE
4V323XY4C26ZZPMSWC
4V323XY4C3SLEDS3YC
4V323XY4C9XYRJ6PVC
4V323XY4CY9ZRC4A8C
4V323XY4ZW2PAX48CE
4V323XY5C44JLH5MZC
4V323XY5CP3JUPCLGC
4V323XY5CR7PUAKDJC
4V323XY5CSK7UKBWSC
4V323XY6C53VUTJ39C
4V323XY6CM5N42ELDC
4V323XY6CTN8VE2ZFC
4V323XY73R82UFY2CE
4V323XY7CNYS476U2C
4V323XY7CTCYA598BC
4V323XY7FSDNQ794CE
4V323XY7G294DRS4CE
4V323XY7GXX9UNK8CE
4V323XY7KDYJF8Y3CE
4V323XY7KMD37JR7CE
4V323XY8C88RG58PBC
4V323XY8C8HXE2WZ2C
4V323XY8CD8UZ5ZL4C
4V323XY8CFQVGD7CDC
4V323XY8CKTPMKSQVC
4V323XY9CAS74BHHJC
4V323XY9CPP2J3YXAC
4V323XY9CT3WKTBRUC
4V323XY9CX9SP59Y7C
4V323XYAAXYRXFM6CE
4V323XYE7MTE2RN4CE
4V323XYF2MPLPPC8CE
4V323XYF7KWNYJ76CE
4V323XYFKAXJXGN3CE
4V323XYFZJJCTQY9CE
4V323XYG8KHSVU74CE
4V323XYK73CCK464CE
4V323XYKHQDE6MR2CE
4V323XYKWRXDYZW4CE
4V323XYMFEW9LGB2CE
4V323XYNV3HANWP3CE
4V323XYQJ9VCULB8CE
4V323XYTJBJMZSC3CE
4V323XYTWS4JQF28CE
4V323XYUWKEYKCJ4CE
4V323XYUYRGAMD28CE
4V323XYXDKXP2HC4CE
4V323XYXULUT2L64CE
4V323XYZPM396SG8CE
5C323XY2V4H72ZGVZN
5C323XY2VGMYE3GSBN
5C323XY3VV6E754GJN
5C323XY4VKKVUCKR9N
5C323XY4VTXTHFHNNN
5C323XY5NQECJ543VU
5C323XY5VRWV3V3LFN
5C323XY5VZ8XVCPWWN
5C323XY6VDHRTKCSSN
5C323XY7VBJ35CU9UN
5C323XY7VXFPZYUSQN
5C323XY8VHEYC37PJN
5C323XY8VUK7N7974N
5C323XY9VDAR73TDJN
5C323XYEBSJME5Z6VU
5C323XYMFMP76886VU
5C323XYMHMRRRB34VU
5C323XYN98M3W2L9VU
5C323XYNZXL6AX42VU
5C323XYSCQRL4KQ4VU
5C323XYTGPR8TKL2VU
5C323XYTZ24FKPP5VU
5V323XY288B2HN66CE
5V323XY2CCNV67T5AC
5V323XY2CD2Y3HBRAC
5V323XY2CHC2N6PKQC
5V323XY2CKZX4ZQ25C
5V323XY2CLGPCJH9MC
5V323XY2SUTH3F39CE
5V323XY3CSF9VBKWXC
5V323XY4CC9N8GG92C
5V323XY4CH4L7EWDFC
5V323XY589GXTUE2CE
5V323XY5CN276CQ58C
5V323XY5CYL3XFMWFC
5V323XY5CZ6ZLY7FKC
5V323XY62R9Z2KG2CE
5V323XY6C7DG4VBJWC
5V323XY6CT65XHRATC
5V323XY7CFNGWXJTUC
5V323XY8CBNLUMNR2C
5V323XY8CE5QKVFNRC
5V323XY8CH74JNAJYC
5V323XY8CSRRAZYQ8C
5V323XY8CW3TK895KC
5V323XYBBSAF92S4CE
5V323XYBRZ6Q95A5CE
5V323XYCEYG67A39CE
5V323XYENAZJD2P8CE
5V323XYL7FGB7374CE
5V323XYNF65KWWH2CE
5V323XYPNCGTMPZ3CE
5V323XYRPEQ8WSP6CE
5V323XYUMX433EV4CE
6C323XY2V5BW83LGGN
6C323XY2VDM8MZD3TN
6C323XY2VFZKVZP8JN
6C323XY2VGZ775X98N
6C323XY2VLKK5ATXRN
6C323XY2VQCVL76T7N
6C323XY2VSL5F9A8AN
6C323XY3VFT9DUJQUN
6C323XY43YYBB2Q2VU
6C323XY4V3WFQMN3WN
6C323XY4V6NYJPYWYN
6C323XY4V6SZDAUPRN
6C323XY4VP3HTJ5GZN
6C323XY4VPEN6SXL2N
6C323XY4VQFPFGX58N
6C323XY5MQC9PE48VU
6C323XY5PRP3L4X5VU
6C323XY5V6CX6N5R8N
6C323XY5V79225CNVN
6C323XY5VRFD3834AN
6C323XY6LEE32KW4VU
6C323XY6V8AM64JE4N
6C323XY6VBWWMT64KN
6C323XY6VGMDB5BJVN
6C323XY6VGMUZBW75N
6C323XY6VNWHV79T5N
6C323XY6VVP96ADPLN
6C323XY6VXA66XYCVN
6C323XY6VXU2S3BLSN
6C323XY7QNQ75742VU
6C323XY7V6E92EG37N
6C323XY7VHGZDUMFEN
6C323XY7VJUXTK3LDN
6C323XY89YTNR282VU
6C323XY8VHYJCE5QQN
6C323XY8VJ4HW8R7MN
6C323XY8VRDMN39SRN
6C323XY8VTH9E5AYBN
6C323XY9DLF5YYZ7VU
6C323XY9VLW6ZM6N9N
6C323XYA9QTQBUC4VU
6C323XYAFQ48PXM4VU
6C323XYBFJJ3UK48VU
6C323XYBY25PT593VU
6C323XYCJLUCNC92VU
6C323XYCTP4X8UH2VU
6C323XYEKWT7NV62VU
6C323XYEMZSSVR44VU
6C323XYGK364ZAN8VU
6C323XYH53LZHMF5VU
6C323XYJNSSB2SW7VU
6C323XYJSYM9YFK7VU
6C323XYLVLDCDUP3VU
6C323XYMDATFXM52VU
6C323XYMEDHGFL66VU
6C323XYNX3SBP6Q2VU
6C323XYPGW7CFGQ6VU
6C323XYPJV3QXX46VU
6C323XYPQX3LH627VU
6C323XYQZ4DBHS62VU
6C323XYRAVFLY8J2VU
6C323XYRMCPY4VR6VU
6C323XYRU6TPCRR8VU
6C323XYSC27VJZL2VU
6C323XYURJDVYSF4VU
6C323XYUSBE7N2L5VU
6C323XYVRS278TE8VU
6C323XYVTB3KJ567VU
6C323XYZETDL64N2VU
6V323XY2C63JD8GNXC
6V323XY2C85P65J54C
6V323XY2CUKG8H397C
6V323XY2CUU8SWEMBC
6V323XY3C4FAQ4P55C
6V323XY3C5WXSNEY8C
6V323XY3C727AMXCYC
6V323XY4C8M5GGYDPC
6V323XY4CANFGYLUEC
6V323XY4CFRSL4J37C
6V323XY4CHDGYZZHWC
6V323XY4CHGWM9KAWC
6V323XY4CTDJ4J6UNC
6V323XY5C6XHCP6Q6C
6V323XY6C5HEE5THLC
6V323XY6CAWJX9QGEC
6V323XY6CE33X3NU8C
6V323XY6CHA8DAZ3MC
6V323XY6CHM7XC9HLC
6V323XY6CJMT86LB7C
6V323XY6CXG43L396C
6V323XY6CZ5NQFV2LC
6V323XY7C9LJWUBL2C
6V323XY7CD5GVJ6YKC
6V323XY7CHYPFHNLAC
6V323XY7CPQK6Y3DGC
6V323XY7CYMXFMTKLC
6V323XY8C3PSWBNWWC
6V323XY8C96RRGGZQC
6V323XY8CVLEGAPWWC
6V323XY8R4ZJPSX4CE
6V323XY9C2MZ6XXJLC
6V323XY9C4SR5L3XLC
6V323XY9C9K382SVBC
6V323XY9CC9MGDFA5C
6V323XY9CDEMDNQBWC
6V323XY9CG54A3SQTC
6V323XYATWWBPUU7CE
6V323XYC8LWRD548CE
6V323XYCC9VNRCT9CE
6V323XYCWANSC8G7CE
6V323XYDFNKQF2M6CE
6V323XYDLGL2RUJ8CE
6V323XYE3DPGJCV2CE
6V323XYFFQE5WLU6CE
6V323XYGAUFSFC46CE
6V323XYH6Q2PRZU8CE
6V323XYHTFUP8MC2CE
6V323XYKU576C6A2CE
6V323XYKWLF4UV46CE
6V323XYLZUR5XXQ2CE
6V323XYQWFVWAPT8CE
6V323XYSGPL5BYK9CE
6V323XYT4E8EJZ22CE
6V323XYU2Y2JP466CE
6V323XYV2X7YC8S4CE
6V323XYVPFH7C239CE
6V323XYXXFZ2L4P2CE
7C323XY2VER7LM4AWN
7C323XY2VFNVBNNPRN
7C323XY2VHAQBJNQTN
7C323XY2VVQ27V65NN
7C323XY2VWPDSFTVZN
7C323XY2VZTUWAPFZN
7C323XY3VNFGZZFCPN
7C323XY4V8RDWURB7N
7C323XY4VWCAQ4WHTN
7C323XY5VPFC8JUUQN
7C323XY6VB4NLAA63N
7C323XY6VLSKJ3DR9N
7C323XY6VZL9R95S9N
7C323XY7VLKE8QPELN
7C323XY8V3AM5QWW5N
7C323XY8V4F49VK6LN
7C323XY9V6Q44T7PTN
7C323XYDDLWHJ8Q2VU
7C323XYGTRSGJMA6VU
7C323XYHBN5LGDF4VU
7C323XYK4V45Z3X8VU
7C323XYLCGDN5SQ6VU
7C323XYMV74YL8R4VU
7C323XYU58QQES65VU
7C323XYU99GGPYZ8VU
7C323XYV594F8JL4VU
7C323XYWUXERWHW6VU
7C323XYY8EFFZBN2VU
7C323XYY8ZR37F26VU
7V323XY2CE8BH9T5QC
7V323XY2CKWYVZ83LC
7V323XY2CT6LY475QC
7V323XY2ZT5YLHU2CE
7V323XY3CUA7KFSGBC
7V323XY4CNT3HKLYNC
7V323XY4CQR6CPMG3C
7V323XY6C34NM4ZCAC
7V323XY6CCQPDJPT3C
7V323XY6CE2VPBTFJC
7V323XY6CGG9PB2HEC
7V323XY6CZJJZW8X8C
7V323XY79M2HGCG4CE
7V323XY8C65MR9XZNC
7V323XY8CFSZBJ325C
7V323XY8CJ636WANPC
7V323XY8UAC8QDC6CE
7V323XYEYCXG4AR6CE
7V323XYF2VEHYT93CE
7V323XYHMSYWQTC3CE
7V323XYLR4T2W3R9CE
7V323XYMG85P2E84CE
7V323XYPMRT5CUH2CE
7V323XYYPXNMTGY4CE
8C323XY24VFRM568VU
8C323XY2VSGT8J3LXN
8C323XY2VT3QZ4B2EN
8C323XY3GUT69CY6VU
8C323XY3V2GM6HHAPN
8C323XY3V6XW3RJMKN
8C323XY3VYHYBJHW3N
8C323XY4V6FWQWVMBN
8C323XY4V73X5MGFCN
8C323XY4VBDZSE65RN
8C323XY52SLHLFR4VU
8C323XY5FEVD35X6VU
8C323XY5VCN3Y8QJFN
8C323XY5VLDWGA7KDN
8C323XY5YQ3VG5D6VU
8C323XY67DRP5Q62VU
8C323XY6UEP9J6M2VU
8C323XY6V3P49Q5ZGN
8C323XY6V5HHXDWGQN
8C323XY6VDZTJ2ZZQN
8C323XY6VE689AY2YN
8C323XY6VGYE2SPXFN
8C323XY6VMH2VE6V2N
8C323XY6VNGHBDR99N
8C323XY6VRDCBKFD5N
8C323XY6VSNVFTBRGN
8C323XY6VYEH6PN3TN
8C323XY7DRD6QRF8VU
8C323XY8V4KGUCPQ9N
8C323XY8V7ZP33U9ZN
8C323XY8V9M2ZWL2ZN
8C323XY8VCJRZBJJEN
8C323XY8VDU2XB7J6N
8C323XY8VE2EEN8E6N
8C323XY8VGEF3X6SAN
8C323XY8VQ7S56JCRN
8C323XY8VSU8W8PM4N
8C323XY8VTT2V9SX4N
8C323XY8VY37WZBMYN
8C323XY8VZHMBLLMNN
8C323XY9852ASHQ4VU
8C323XY9VFR6D4GELN
8C323XY9VXPG99BH5N
8C323XYCVRGXG5F4VU
8C323XYGVSMY4MD2VU
8C323XYH6BC3FSU9VU
8C323XYH9KKDNZ59VU
8C323XYJQWYBWAE9VU
8C323XYJWQSS3U46VU
8C323XYK3WJQKC36VU
8C323XYKE9HC4S96VU
8C323XYL9HX2CMT4VU
8C323XYLQTW5DW82VU
8C323XYNG7EJ3NX9VU
8C323XYQXXWAJBN4VU
8C323XYRJDWB5QW3VU
8C323XYRXTRA8D69VU
8C323XYSE9FXE878VU
8C323XYSJ8E3BZX6VU
8C323XYTREY24XC8VU
8C323XYTV4XD5ZF8VU
8C323XYUDTKJ2D36VU
8C323XYUYSJKMR28VU
8C323XYYGGD2NKP4VU
8V323XY2MTQ62NK6CE
8V323XY2ZH448WJ6CE
8V323XY3BL8TKKM8CE
8V323XY3CY95HUY3EC
8V323XY3JNEFJ4B3CE
8V323XY4C4JSJ7FW7C
8V323XY4C4KRN4ZMQC
8V323XY4C8JN7RSDYC
8V323XY4CGGP9LN4KC
8V323XY4CLDAL47MEC
8V323XY4CQZTTTPJFC
8V323XY4CVSX5NBTXC
8V323XY4CWVJQ2XQDC
8V323XY4FCVHHTE2CE
8V323XY4GL72KX86CE
8V323XY6C2B4J33NWC
8V323XY6C38ZKY3Q8C
8V323XY6C4DGQGQ54C
8V323XY6C4PD3Y5UMC
8V323XY6C5LUKQC93C
8V323XY6C5SVX33HXC
8V323XY6CE4MDHYV2C
8V323XY6CE56L8K2QC
8V323XY6CKE7KZ543C
8V323XY6CQFF4P26ZC
8V323XY6CVZKMGSZAC
8V323XY6FC7D27Q8CE
8V323XY77H6K8YY8CE
8V323XY7C2XEZBK2VC
8V323XY7CQ3RHL9A3C
8V323XY87JE4HJ38CE
8V323XY8C22ZZKG7KC
8V323XY8C4CCW4NWAC
8V323XY8CEUDLEJ4YC
8V323XY8CHS6XLZ72C
8V323XY8CJ3UC6WJKC
8V323XY8CLSFQN3ERC
8V323XY8CLUKMNNTDC
8V323XY8CN366YULQC
8V323XY8CZ5FU6XWTC
8V323XY98ZGWXNX4CE
8V323XY9CCCTPRDEHC
8V323XY9CTXQGABD4C
8V323XY9G67RK4D4CE
8V323XY9MDHC22S8CE
8V323XYB72ERK8Z6CE
8V323XYB9MJMHWJ8CE
8V323XYBQ8SNQJN6CE
8V323XYBY5KBAQQ4CE
8V323XYC2VJRYTU6CE
8V323XYCAG5YFY96CE
8V323XYD8JKR2PN3CE
8V323XYD9S5ZDHB2CE
8V323XYE3WSL5SG5CE
8V323XYEEQXJT9N7CE
8V323XYF2G7KC6H3CE
8V323XYF37SEFN44CE
8V323XYGM57F89K4CE
8V323XYJ8PGYHHJ2CE
8V323XYK32XYSLM5CE
8V323XYKTNVBFNP7CE
8V323XYLKVDRP6H6CE
8V323XYLS5E2PBJ5CE
8V323XYLUU2SQDR9CE
8V323XYQS73JQP58CE
8V323XYQWHKUCNV8CE
8V323XYRDF684MC2CE
8V323XYRXEC9CNN6CE
8V323XYT2LEQ2RU6CE
8V323XYTA4XJ2ZH6CE
8V323XYUHGTPPX43CE
8V323XYUU67X4FE2CE
8V323XYWNTNA8SK8CE
8V323XYXG8ZZS423CE
8V323XYXKZ6THRP6CE
8V323XYYTYM6DQT5CE
8V323XYZKJUV4YM4CE
9C323XY2VXKT6ZGTSN
9C323XY3DFUS8LD2VU
9C323XY3VJ8EU3T8VN
9C323XY3VMEXTM9AQN
9C323XY3VNM4Y4CRTN
9C323XY4VG8Y8WVRLN
9C323XY52DTE5G75VU
9C323XY6VTSYCZLLZN
9C323XY7J44DS8U9VU
9C323XY8VU28ZFAKZN
9C323XY8VXUHQTDCTN
9C323XY9VT3JQHC5SN
9C323XYBVYX4CW82VU
9C323XYBYAN8BNC5VU
9C323XYFHHPQPH96VU
9C323XYGXXZLHSU5VU
9C323XYNASBLGNE4VU
9C323XYP5SMQWHC4VU
9C323XYQBDXA5KW3VU
9C323XYSC6T5NJD8VU
9C323XYV99URAZ38VU
9C323XYWTNA6N7P3VU
9C323XYX6UJRGF86VU
9C323XYXMSVUCQP3VU
9V323XY2C7YY3RVDYC
9V323XY2CHKR6YMQNC
9V323XY2CVH3C63ERC
9V323XY4CYCW4D9PVC
9V323XY6C6433YPYAC
9V323XY6CUSTHDJPYC
9V323XY7CE364XBJKC
9V323XY7RUJEYJW4CE
9V323XY7WTW4PG36CE
9V323XY8C9Y9CMGVKC
9V323XY8CPUCGJF8WC
9V323XY9C2XGN65Y5C
9V323XY9MM35W7E4CE
9V323XYA6VE745W8CE
9V323XYHBGEA5XA2CE
9V323XYHW4M4SUF4CE
9V323XYTWGTTPYZ9CE
9V323XYU3ZUFGH58CE
9V323XYW63Y4GH48CE
9V323XYW65ZV6878CE
2C2V323XY5NJ6SRDFG
2C2V323XY8N2VW4JDG
2C2V323XYB9TS2MARG
2C2V323XYDRKQH4ZNG
2C2V323XYJFUQHAKKG
2C2V323XYLNCT98GHG
2C2V323XYNS8AYMAKG
2C2V323XYTP2M5AFEG
2C2V323XYUQL8QL6FG
2C2V323XYWDY64CSZG
2C2V323XYWNURAAPRG
2C3V323XY738HHM7NG
2C3V323XYG2DRJKEFG
2C3V323XYU38QK2E5G
2C3V323XYUWSXF5JKG
2C4V323XY2TMWPA3AG
2C4V323XY2VDL252SG
2C4V323XY4FJTVZ3EG
2C4V323XY4VVBJ4HTG
2C4V323XY83GYZB3RG
2C4V323XYGMXR83NHG
2C4V323XYP2PQQK42G
2C4V323XYRX7A3EM8G
2C4V323XYUXU3EGYBG
2C4V323XYZKFRYYGVG
2C6V323XYJLCBUQVGG
2C6V323XYKY68YBZTG
2C6V323XYMLBTHX2LG
2C6V323XYSRQ4BSVKG
2C8V323XY7A5N5ZN2G
2C8V323XYDZVW8KAUG
2C8V323XYVECAXVTPG
2C8V323XYW3DS8JZYG
2C8V323XYYX7R8RVQG
2C8V323XYYZ2QHDELG
2C9V323XY5CNCNFJNG
2C9V323XYE9K9VWJBG
2C9V323XYQDY6FBG3G
2V2C323XYBX7VASYXA
2V2C323XYDAN8ZFNJA
2V2C323XYG7EJPLGWA
2V2C323XYG8QQALPYA
2V2C323XYTB8XQQQVA
2V3C323XYD8FCXLTMA
2V3C323XYQXECA973A
2V5C323XY5LHMDC8RA
2V5C323XYVQ2YR8XCA
2V5C323XYXJS8HKNKA
2V6C323XY7GTGDJRCA
2V6C323XYHKGPCDE6A
2V6C323XYJ8AJJ5L5A
2V6C323XYZZNYFHFFA
2V7C323XYU3ZPMA4HA
2V8C323XY6ULWFR2NA
2V8C323XYA2EK53GSA
2V8C323XYLK9Y4D2CA
2V8C323XYQEG9SPG9A
2V8C323XYRVSFQ5FAA
2V8C323XYZMMB7UD9A
2V9C323XY29SL2JWCA
2V9C323XYH4J5PXRMA
2V9C323XYTELZ68V9A
3C2V323XYP8QFWFEVG
3C2V323XYT94WR5QXG
3C3V323XYSVASMJF3G
3C4V323XY2CVE6B84G
3C4V323XY49JWEHGGG
3C5V323XYH6TDJSBZG
3C6V323XYE7ZE5JC3G
3C6V323XYG8XZ98DAG
3C6V323XYNT3Q4S48G
3C8V323XYK9QWLYWTG
3C8V323XYMMQLCCJ2G
3C8V323XYTXCM6VJ8G
3C9V323XY3ASZU3S8G
3V2C323XYGZXPMFGQA
3V4C323XY3ARB4F6KA
3V4C323XYM7WSN2UXA
3V4C323XYZ8XWKGGHA
3V5C323XY2CLZF7GFA
3V5C323XYQ8GJ5BCBA
3V6C323XY2EH87Y87A
3V6C323XY2S7C3TD3A
3V6C323XYVXVWL7X2A
3V6C323XYZDESQLAGA
3V7C323XYNQ56JDTFA
3V7C323XYUJ427VA7A
3V8C323XYUXB2Z6QSA
3V9C323XYGVC5NDSZA
4C2V323XYACL5FY2LG
4C2V323XYGZ4C84TPG
4C2V323XYJS8J6LMWG
4C2V323XYJYTN4YUFG
4C2V323XYND7BPJHNG
4C2V323XYW8CSCAEDG
4C2V323XYWCH98S5SG
4C2V323XYWG4E4DY3G
4C4V323XY93NARQCXG
4C4V323XY9CY863MBG
4C4V323XYMXXEHTQYG
4C4V323XYVDL9ZVXRG
4C4V323XYZDG4PMBJG
4C5V323XYC3KTJHCSG
4C5V323XYNM6GL4N2G
4C6V323XY43ZJLE5PG
4C6V323XY59XY8QDCG
4C6V323XYLYWPWA78G
4C6V323XYNR7URPL6G
4C6V323XYSBYD3FZKG
4C7V323XYC5U9F2UDG
4C7V323XYK96RRXDDG
4C7V323XYT62JWZ5GG
4C7V323XYUF2HUAV5G
4C7V323XYWPQEVDGBG
4C8V323XY4EZ6FVGAG
4C8V323XYHNJHQ6CSG
4C8V323XYPNFXTRXFG
4C8V323XYQUDAKT7JG
4C8V323XYULUN5852G
4C8V323XYYF6P47RLG
4C9V323XY5V64QQ2HG
4V2C323XY7P9PCPB8A
4V2C323XYLGKNZBBSA
4V3C323XYMVNNBU38A
4V3C323XYWWRMURA3A
4V4C323XY2PEAGW95A
4V4C323XY5H4MH6ALA
4V4C323XYHQUL95L2A
4V5C323XYELR3SZPYA
4V6C323XY2WWGXEPRA
4V6C323XY7RES4YV9A
4V6C323XYDJGM9SGKA
4V6C323XYH6SMB5M3A
4V6C323XYP5BB7XXCA
4V6C323XYRYWDJN7FA
4V6C323XYXPY6SUT9A
4V7C323XYAZG8PY3XA
4V7C323XYEH2249TQA
4V7C323XYWRDAFU68A
4V8C323XYACDU7HCYA
4V8C323XYQNPQDYSZA
4V9C323XY3BBFBYNEA
4V9C323XY64VVLWELA
5C2V323XY9EDGXPJPG
5C2V323XYD8B8DU74G
5C2V323XYFZD42C9HG
5C2V323XYL6S9E7QGG
5C2V323XYSB6FX3QEG
5C6V323XY7JPTBRKBG
5C7V323XY3GVKBJSNG
5V2C323XY7F9SJ779A
5V2C323XYQZ7QP9PMA
5V2C323XYWWRQ4Q2QA
5V3C323XY5R6PXFDHA
5V3C323XYBYTA2WSYA
5V4C323XYNTWXLTTJA
5V4C323XYR98DS3M7A
5V4C323XYS22EMW6KA
5V4C323XYWKDHCWH6A
5V4C323XYYLEMF8TBA
5V6C323XY63LKU7KBA
5V6C323XYVB2P4XBTA
5V7C323XYVQ9Q8A7HA
5V8C323XY78LTWDPZA
5V8C323XY7GV7DG34A
5V8C323XYBU8JP2WQA
5V8C323XYUZHKJGEUA
5V9C323XYMAZU6YQTA
6C2V323XY47WEX54TG
6C2V323XY7UDR9HPVG
6C2V323XYF7M58H3MG
6C2V323XYGSREK62LG
6C2V323XYMUGWYXYVG
6C2V323XYPRL8MNS6G
6C2V323XYSAW7879FG
6C2V323XYTLT6N7MPG
6C2V323XYWB2FR5JTG
6C4V323XYALFPD6HSG
6C4V323XYALSAYTGGG
6C4V323XYT3YYNT4DG
6C4V323XYW6ZRN5CGG
6C4V323XYYRQTD4ZKG
6C5V323XY4LNNG6A7G
6C5V323XYCN2SWSZWG
6C5V323XYS2GFC4M9G
6C6V323XY3D89VRV9G
6C6V323XY4XZZ5T9QG
6C6V323XY6QKV7FCPG
6C6V323XYGRMS9S9XG
6C6V323XYUW49TGRJG
6C6V323XYXHNHDMLBG
6C6V323XYXPP8PMB7G
6C7V323XYRLPSXNTDG
6C7V323XYXA3C82ZFG
6C8V323XY3AKUQ4BBG
6C8V323XY45DT7QUQG
6C8V323XYATGRPDL5G
6C8V323XYC5SCZ96PG
6C8V323XYCXNWTH5BG
6C8V323XYLDY2A3LBG
6C8V323XYLXNQESPYG
6C8V323XYVAMB6J3UG
6C8V323XYVN3M2BX9G
6C9V323XYJPXWG3TUG
6C9V323XYKXELX47UG
6V2C323XY4CEJJSECA
6V2C323XYPLZF736BA
6V3C323XY54PAWAVJA
6V3C323XY7DGSXFN2A
6V3C323XYBAE4TPWNA
6V4C323XY4JVF2BAQA
6V4C323XY6C78737EA
6V4C323XYGCEFP4ZGA
6V4C323XYJD8TLVLUA
6V4C323XYJGDAA774A
6V4C323XYJJ6VL6JRA
6V4C323XYKG4HUD5KA
6V4C323XYL874G73ZA
6V4C323XYMVQSAHFFA
6V4C323XYP5VY6D7QA
6V4C323XYPTUHMVFQA
6V4C323XYQK4EM5VBA
6V4C323XYRHKK7FFLA
6V5C323XY2G7DQYJZA
6V5C323XY8SL9XDQBA
6V5C323XYJZN2HHPSA
6V5C323XYQ9ABCRVBA
6V5C323XYSR34ELV8A
6V5C323XYU7VRK5XHA
6V6C323XY85BMAGMPA
6V6C323XYAQWB3TDJA
6V6C323XYBYDSVZH9A
6V6C323XYERTNCVVLA
6V6C323XYNY6GL6J2A
6V6C323XYSAYFH4CWA
6V6C323XYZ8B2JJDEA
6V7C323XYFT6KRHYCA
6V7C323XYH4FPC2J3A
6V7C323XYJY2RVVCMA
6V7C323XYUYSFZG5XA
6V8C323XY3GXDH5VFA
6V8C323XY87VT7HYCA
6V8C323XYDU7XABGWA
6V8C323XYDZ5K8YNBA
6V8C323XYEK27LPJ3A
6V8C323XYMD4C7N3SA
6V8C323XYNDYWUUQVA
6V8C323XYTCVJF2JNA
6V8C323XYYM7GYH97A
6V9C323XYA4KG8UP9A
6V9C323XYPGPLX858A
6V9C323XYVD75XCLUA
7C2V323XY34CEQSFTG
7C2V323XYRN6UFVUZG
7C2V323XYTGVMWLKTG
7C3V323XY5B4HSTFUG
7C3V323XYEZ7Y5BZ2G
7C4V323XYCAVGNEX2G
7C4V323XYNXRPRG59G
7C6V323XY28ADPAA5G
7C6V323XYS5W8HFWBG
7C8V323XY6N4SMF43G
7C8V323XYL56A97UYG
7C9V323XY359HJDQXG
7V2C323XYCRPJ8FXGA
7V2C323XYEPAUVU3WA
7V2C323XYKMNDGU45A
7V2C323XYNTAY5HWGA
7V2C323XYVFHKC6D6A
7V3C323XYCNDUWJMXA
7V3C323XYRLUN92Z9A
7V4C323XY956J3DXHA
7V4C323XYKLNTRWKJA
7V5C323XYXYGYQNMGA
7V6C323XYU3FF5FFUA
7V6C323XYWNSWN2J2A
7V6C323XYXLZL6HNMA
7V8C323XY5Q5FYK9KA
7V8C323XYMTUTBA2UA
7V8C323XYZR7E9X9AA
8C2V323XY48F2C7BNG
8C2V323XY4HVYYLLFG
8C2V323XYQLMCZ7SBG
8C2V323XYSER6W62VG
8C2V323XYU2KJNRVPG
8C2V323XYW3HXTHTQG
8C2V323XYYZTSMUJFG
8C4V323XY4N76JPCAG
8C4V323XY6ZMUNWDZG
8C4V323XYCM8UDU8JG
8C4V323XYJUHM9874G
8C4V323XYM6FR77B3G
8C4V323XYP327YUD6G
8C4V323XYXZBU2TF4G
8C4V323XYYBPMRHWFG
8C5V323XY337XQK6TG
8C5V323XY8FBP6QK3G
8C5V323XYEBVKGCRWG
8C5V323XYRUKKWHYWG
8C5V323XYWB4EE2KSG
8C5V323XYYXHMASWFG
8C6V323XY6C524PKLG
8C6V323XY7ESPL9YNG
8C6V323XY8W9FACHJG
8C6V323XYB5JYS297G
8C6V323XYDJCRS3QBG
8C6V323XYKHUCTK3WG
8C6V323XYKZJ2RWJJG
8C6V323XYLSHM3AU9G
8C6V323XYMCV2C5Z9G
8C6V323XYW9K2A589G
8C6V323XYY5GVRDQUG
8C7V323XY3ZHKWA5FG
8C7V323XY64FSFK4KG
8C7V323XYT4X9GQNYG
8C8V323XY2QAFA5ZTG
8C8V323XY83U79GZUG
8C9V323XY3AEQSTWQG
8C9V323XY3FKJV4WBG
8C9V323XY59RQN8P9G
8C9V323XY5NXDTYY9G
8C9V323XY9YMUYL6TG
8C9V323XYNJ9HJZT5G
8C9V323XYXTSWSNSXG
8V2C323XY7MPVSU5YA
8V2C323XYBBFVVYN5A
8V2C323XYFE7W2K8EA
8V2C323XYLWUF9QKHA
8V3C323XYS6NUG2S3A
8V3C323XYSXSKUZNCA
8V3C323XYVZJ7RRMNA
8V4C323XY3M84JA8MA
8V4C323XY5Y23FY3FA
8V4C323XYN27PAS86A
8V4C323XYNP662ZRPA
8V4C323XYPBGF7NFTA
8V4C323XYPDEGNVPWA
8V4C323XYQNU86A69A
8V4C323XYRVEVZNNMA
8V4C323XYWQH6AABPA
8V4C323XYXP5Z3L5HA
8V6C323XYH6F48ZBUA
8V6C323XYP6HSTLGTA
8V6C323XYS4K878KSA
8V6C323XYWG9CMEVLA
8V6C323XYX78ENL3JA
8V7C323XYLNHSLNRZA
8V7C323XYPFMF3UCFA
8V7C323XYZVHWVZYWA
8V8C323XY7J2TK878A
8V8C323XY7RE5ZDKRA
8V8C323XYFWB4PHDEA
8V8C323XYSA4K833AA
8V8C323XYTRTJG8C6A
8V8C323XYV5MGA65JA
8V9C323XYDBNCYW5FA
8V9C323XYJMWAQC3FA
9C2V323XYH3ADCWMLG
9C2V323XYY3L9KNUXG
9C3V323XYKHZMNBYAG
9C4V323XYMF84L2GCG
9C4V323XYPKWCSHUVG
9C6V323XYWTGQPCFRG
9C6V323XYYKUST8JUG
9C7V323XYXRZ9SUXSG
9C8V323XYAQ7DVFFDG
9C8V323XYTVQ2EMKQG
9C9V323XY3PLV8B49G
9V2C323XY7WPJY5F4A
9V2C323XY86STPHNEA
9V2C323XYFFFDTF77A
9V2C323XYRG6XVT5AA
9V2C323XYS4W3FB3ZA
9V2C323XYWTDA7DMWA
9V4C323XYDACE7PSUA
9V4C323XYEY68ZXKGA
9V5C323XY4Q747XSDA
9V6C323XY3ZBHW8MEA
9V6C323XY4VSBWD5UA
9V6C323XYG5Q8276PA
9V6C323XYK7E98LJGA
24TNXM8H323XY8V5CT
25HZHATX323XY6C8VZ
26JF3B4S323XY2V4CT
2795PBYQ323XY6V3CT
2FC4M2WQ323XY2V4CT
2MBXJQUU323XY9V4CT
2RXP84HR323XY5V2CT
2V3UVWPC323XY8C2VZ
2WTPAQ8T323XY3C4VZ
35BK8T3E323XY4C5VZ
36TCPU67323XY8C5VZ
37XSJCBL323XY2C3VZ
38VMX65M323XY2C4VZ
3C2ZVHYP323XY4V4CT
3ELEF3D3323XY2C3VZ
3FLGX9QZ323XY8V5CT
3HLSRHZT323XY3C2VZ
3KY63LNK323XY4V6CT
3LJDK7XC323XY4C8VZ
3MXTFQ3B323XY6C2VZ
3NM3RKN4323XY4C5VZ
3NPM46T8323XY8C3VZ
3TWCKYAB323XY2C4VZ
3WZCEWU7323XY2V7CT
3XB6EPBS323XY8V6CT
3XP4KW9F323XY9C4VZ
43ULJV9J323XY7C6VZ
4AU5ZJFE323XY4C3VZ
4B4DAZJ5323XY9C6VZ
4D8CPLGA323XY5V8CT
4ER97278323XY5C2VZ
4FDV9Y64323XY2V6CT
4GTSHFBA323XY2C6VZ
4LFSWSBB323XY8C9VZ
4MGKWVY2323XY2V4CT
4NUDKG57323XY6V5CT
4NYXGRSN323XY8C3VZ
4NZPLS38323XY8C4VZ
4UWQWQCD323XY3V2CT
4V2FAVCM323XY5V2CT
4YMDMS74323XY2C4VZ
4YMKTANF323XY2C2VZ
58PJBJMP323XY8V9CT
59TG5DTV323XY6V8CT
5AVFVZPN323XY3V3CT
5AVXLU72323XY4C5VZ
5CSUR79R323XY2V4CT
5LMNS229323XY3C4VZ
5TBKX9R4323XY4V6CT
5XL5278C323XY6V4CT
5YT2YRQU323XY4V6CT
5ZBQK32S323XY2C9VZ
64NKZFNC323XY4V2CT
68528FKK323XY4V3CT
6D4AZC2H323XY3C4VZ
6DQQM9U4323XY8C4VZ
6LGFGCAP323XY9C7VZ
6M638UV7323XY8V4CT
6PC9HDN6323XY4V8CT
6RGL2QM4323XY6C6VZ
6RQ3XKVW323XY4C3VZ
6ZP4DD6S323XY6C2VZ
7559BCV4323XY6C3VZ
77MJGJHV323XY6V4CT
78K557LY323XY2C2VZ
796HMCSY323XY7C4VZ
7B3L4KU4323XY8C2VZ
7F5PZ8VE323XY8V4CT
7GJ7PN7Y323XY3V2CT
7GZU4HCM323XY7C9VZ
7JDBDPY5323XY6V2CT
7LTA262Z323XY4V8CT
7N6MU95Y323XY6C6VZ
7PKMM56N323XY4C6VZ
7SKA5XZ4323XY4V4CT
859EADVB323XY9C4VZ
8A2JKQ76323XY3C8VZ
8DTMTD4W323XY2V8CT
8JK9WDXL323XY4C6VZ
8JQ5WM9Q323XY2C2VZ
8JXMR9BX323XY4V4CT
8L3SFUF8323XY4V7CT
8PN2KBNR323XY8C4VZ
8QFPY2QS323XY8C9VZ
8SJ9VXQ6323XY6V4CT
8SSFSBJA323XY6V4CT
8T5USXXJ323XY6C2VZ
8T9M4H5M323XY4V2CT
8TR6967Y323XY6V2CT
8UWL5FZA323XY9C3VZ
8WZBLJEX323XY2C2VZ
8Z9S4PCJ323XY4V4CT
95DZRBYT323XY2C2VZ
97Q8AVRU323XY7C8VZ
98CD4CNE323XY6C6VZ
98HCNPLB323XY2V4CT
9AJ9JESK323XY3V6CT
9AK35SEN323XY2C4VZ
9MJY9EHS323XY6V4CT
9MLK4WVY323XY2V8CT
9N2JHGNP323XY9V3CT
9QGNH6CG323XY9V6CT
9SCLHHHA323XY9V4CT
9UPRGXSY323XY8C5VZ
A2V569QG323XY9C4VZ
A94CMMQX323XY4C2VZ
ABTA5PKM323XY8C3VZ
ABXDUN8B323XY7V6CT
AEDY253D323XY6V6CT
AGJCNEYD323XY9V4CT
AH72ZALL323XY7C4VZ
AT8U5KN9323XY4V8CT
AYHUPLGZ323XY9C8VZ
AZHJESUK323XY6V2CT
B4BBM4GR323XY8V2CT
B5G6L3FG323XY8C6VZ
B8662WGT323XY2C4VZ
BDL6KYZ2323XY6C9VZ
BGU6Z7CV323XY5V6CT
BHAX35BQ323XY2V2CT
BHPHYBM3323XY8C8VZ
BKJGWMED323XY8V2CT
BRQNPRN5323XY2C6VZ
BUJC9SSE323XY8C2VZ
C2JX2T42323XY5V2CT
C3QTQ49Y323XY4V6CT
C3W4QFCF323XY5V9CT
C4AWQRE2323XY2C4VZ
C7QUTAHY323XY9C8VZ
CAQRLV7B323XY4V2CT
CBREWEY2323XY4C8VZ
CGUVVLXC323XY3C9VZ
CHZXFL6N323XY8C9VZ
CMSK8RGT323XY8V2CT
CPCTFGPH323XY8C2VZ
CTANQD35323XY4V3CT
CWAKEVYP323XY5C3VZ
CY9SRUBT323XY4V8CT
CYNJNYFS323XY4V4CT
D2WYFJN9323XY6V3CT
D2XCP836323XY6V7CT
D55SNCQY323XY4V2CT
DAXDPWBK323XY6C4VZ
DCQCK6WY323XY4V6CT
DEZNCULP323XY7V8CT
DFHBP8SR323XY8V5CT
DLDZUYPF323XY8V5CT
DN6DF4ZA323XY8C4VZ
DPYEMU26323XY6C2VZ
DVTCJCN5323XY8V7CT
DZ5WH2CC323XY4V6CT
DZHT66PS323XY2V2CT
EAGB8LYD323XY5V7CT
EAJE4DFA323XY5C8VZ
EC74A3KX323XY6V2CT
EDFZNY89323XY2C9VZ
ELUMJ7FT323XY4V5CT
ENVZZYBH323XY7C2VZ
ETGG4JJU323XY4C7VZ
ETQEQFC4323XY8V6CT
F76Z3HBU323XY6C4VZ
F7KEHZPU323XY3C3VZ
F8XBRLW4323XY2V6CT
FAMLV7V3323XY9C4VZ
FEECUT3Q323XY4V4CT
FFS7KNRT323XY5C2VZ
FHM53HV2323XY6C4VZ
FMAG5CZC323XY8V4CT
FN4E7G2D323XY6C2VZ
FVZBG5KF323XY2C8VZ
G39B5MG4323XY7V4CT
G5A2UYDE323XY3C2VZ
G72DJKNY323XY6C9VZ
GF3WY4RY323XY4C3VZ
GLZVVJXW323XY7V8CT
GMQLRNE2323XY7C3VZ
GQN76QVU323XY8V3CT
GU8775CP323XY8V4CT
GVCQKJ5T323XY6V9CT
GY4XG7ZV323XY2V6CT
H35CANFS323XY8C6VZ
H7TQHHSY323XY4V2CT
H8GHNLW6323XY4C9VZ
H8RLWA22323XY8C7VZ
HBT7JW25323XY5V4CT
HCKXFHKJ323XY6C3VZ
HEBS2WZK323XY6V9CT
HEC6SJD7323XY9V4CT
HGET2DJF323XY8C8VZ
HNPGY8TH323XY3C7VZ
HPLDPKYR323XY4V4CT
HPSA33XD323XY4V6CT
HS98NSG2323XY8V6CT
HSNNK9HA323XY8V8CT
HY24WWD8323XY3C3VZ
HZ5V9ADF323XY6C3VZ
J8Y2XFVL323XY3C8VZ
JA3FM84P323XY2V4CT
JDUMHWCK323XY8V4CT
JFDA7MW8323XY3C2VZ
JG23BAP8323XY2V9CT
JGAE275Z323XY9C5VZ
JJZ49JEL323XY6V8CT
JKZWLUBH323XY8V6CT
JL2949ZN323XY8C2VZ
JN8FZMCN323XY2V9CT
JQJEKVC7323XY4V8CT
JQKD4QKB323XY8V2CT
JVUJCDWN323XY4V9CT
JYUWEKKF323XY2V2CT
JYVXUTKD323XY5V6CT
JZBHDZNX323XY8V9CT
JZCQFV5S323XY8C8VZ
K2ZFJBXX323XY4C4VZ
K38KVLUA323XY4C7VZ
K5K5P3BP323XY7V3CT
K5WR6YEY323XY4C8VZ
K658VS7F323XY3V2CT
K6GTPM8N323XY2V6CT
KD73CXRH323XY4C5VZ
KFW7EAEK323XY2V9CT
KHLBKALF323XY6V2CT
KJLSDAK7323XY8V2CT
KN9RSA78323XY2V4CT
KNXNE976323XY4V6CT
KR7KC6MC323XY9V8CT
KU6TNW2J323XY4V5CT
KXL7NYS4323XY2V9CT
LCBKP3MN323XY4V5CT
LJB36PYT323XY4V3CT
LKNTH297323XY4V4CT
LN45VGBT323XY4V5CT
LP6BKQ4H323XY8C6VZ
LTN4XSJX323XY6V5CT
LYFDJ44A323XY3V7CT
LZZRCGDL323XY9V9CT
M2ARP6KN323XY4V3CT
M8WR9MH6323XY9V8CT
M9TVB2UJ323XY6C3VZ
MB8GPAK2323XY3C8VZ
MBQ6GL7V323XY6C8VZ
MJG7GLZL323XY2V4CT
MK4BF92Y323XY7V3CT
MLNSBKHT323XY4V6CT
MNV8AP3C323XY7C7VZ
MTG26DRW323XY6C4VZ
MX5WZ8FQ323XY6V2CT
MZJ23SAT323XY5C2VZ
MZZARWRK323XY8C4VZ
N4BRKNPQ323XY4V3CT
N6W86V2H323XY6C8VZ
N7HFDQSE323XY3C6VZ
N8AARZPV323XY7C2VZ
ND7P4FHU323XY6C4VZ
NED9TQSL323XY2V9CT
NKAN4QXH323XY8C2VZ
NPVEYJHQ323XY6V4CT
NQRRWCQR323XY6V2CT
NQYQEL74323XY7C7VZ
NWPTUQUE323XY2V4CT
NZ3L7V5F323XY8C4VZ
P2G64RF7323XY2V8CT
P2UL3GVK323XY8C6VZ
P45GWRAV323XY3V8CT
P5A5N7AQ323XY4C2VZ
P5D9MAA4323XY8V9CT
PM7ZV8FU323XY3V6CT
PS8Z5QX9323XY7V6CT
PU2WGHY5323XY8V6CT
PVSVHA5S323XY4C8VZ
PW7CP2X4323XY5V7CT
PXZ7J3S5323XY2V2CT
PZ3Y9WLA323XY2V4CT
Q6S59PLU323XY6C6VZ
Q7442DJP323XY2C4VZ
QEDAGDKV323XY8V8CT
QN2HQWY2323XY2C7VZ
QVYDCKJW323XY6C7VZ
QZFCA4ML323XY8V2CT
R2RJYJRN323XY2C2VZ
R3DAZVWW323XY4C2VZ
R3UX4SEV323XY8V2CT
R7S85DAR323XY6V6CT
R8LK4JZV323XY3C8VZ
RCHJ6EAL323XY2V9CT
RD47E2RQ323XY5V2CT
RE2DDBD8323XY8C8VZ
RGLKRAWS323XY2C5VZ
RHLLL3X2323XY4V5CT
RL6XK4LN323XY4C9VZ
RLRBKNVM323XY4C4VZ
RMVBKCC5323XY8C7VZ
RQYX3LJM323XY4V2CT
RRCQ5SGE323XY2C5VZ
RSY2DCCY323XY4C6VZ
RVCTDRKX323XY2V2CT
RVMB5FTU323XY4V3CT
S3E82JVA323XY8V9CT
S58AA4QU323XY6V7CT
S5YUV7ZD323XY8C2VZ
S98KFGZF323XY6V6CT
SEYYBTWJ323XY4C8VZ
SF6TR2GN323XY2C4VZ
SF8NSMYN323XY7C4VZ
SKZ7L87V323XY6C6VZ
SNNLMH2Y323XY4V9CT
SPKK38MB323XY6V6CT
SS9MX3DY323XY2C6VZ
SSUJ86BZ323XY4C8VZ
SSXQ8AT6323XY2V7CT
ST652T4H323XY2V4CT
ST7FS5QJ323XY2V6CT
SUXNCQ9Z323XY6V6CT
SVBQEBSY323XY2C8VZ
SW5JYTSB323XY7C6VZ
SWP2ZHVM323XY4V2CT
SXQNLW28323XY5V6CT
SXY3SGV3323XY8C6VZ
T2TC8M46323XY2C2VZ
T5X373GY323XY8C4VZ
TALEAM2S323XY5V7CT
TDV3B5X4323XY5V6CT
TK5UB9EX323XY2V4CT
TLACMZRE323XY8C4VZ
TSSVUA7F323XY3C3VZ
TUBJU5HE323XY6V6CT
TUE2QVW3323XY2V9CT
TWGU8GQL323XY2V4CT
TWR8FTPG323XY4V8CT
TYQDDXAW323XY2V8CT
U26FJNY8323XY8V9CT
U6BJLWLX323XY9V8CT
U7HWYFYH323XY9C9VZ
U8M7ZK5J323XY3V8CT
U959DEDC323XY6C6VZ
UCBLBS26323XY2C2VZ
UDEU95QG323XY5V5CT
UE54UNBK323XY6C6VZ
UN68F2P3323XY2V4CT
UT3CUR63323XY2V4CT
UXLCGGMJ323XY4C4VZ
UYSEE2GL323XY2C6VZ
V8BHN56E323XY2C4VZ
VCYX6GFC323XY8V3CT
VD68JMJJ323XY7V7CT
VQLL5677323XY8V2CT
VR3L7WZX323XY4C4VZ
VRSW6J2R323XY6V6CT
VTQTEHJ2323XY8C9VZ
VU6FFV9L323XY2V8CT
VXKRE5XX323XY4V5CT
VZH2TKD7323XY8C2VZ
W23K2WEX323XY4V4CT
W5PSB6RZ323XY6C8VZ
WAPGXKHP323XY4V8CT
WECJCMNX323XY4V7CT
WHFG827S323XY6V6CT
WJ2MC7ZF323XY8V6CT
WJVF8VEX323XY6V6CT
WNZ56MWY323XY6V6CT
WQAJU5ZS323XY2V2CT
WQQ4NM4T323XY8V6CT
WSD7GFUS323XY2C2VZ
WTDJJXS5323XY2C8VZ
WYJPT2GW323XY4V4CT
X4ZJL5ZU323XY6C6VZ
X6DC2M45323XY4C2VZ
XEH2LM2P323XY8V6CT
XFJAC65M323XY3C6VZ
XM3YXYHK323XY3C8VZ
XNFVTZ83323XY8C9VZ
XRWWBB5N323XY4C3VZ
XS3JLVKM323XY2C4VZ
XSESRJG7323XY8C2VZ
XZEJU93R323XY6C6VZ
YBTK5NNC323XY8C4VZ
YCVRQ9CY323XY8C4VZ
YDN75CFD323XY7C8VZ
YHY5U4WX323XY3V2CT
YHY5U4WX323XY3V2CT
YHY5U4WX323XY3V2CT
YKQ6J85J323XY6C8VZ
YL8DRHLT323XY6V6CT
YRENGQ95323XY4C6VZ
YVHU6J7N323XY6V2CT
Z4B8CK6M323XY6C4VZ
Z4JUKNXK323XY5V4CT
Z5F4VBTD323XY8V5CT
Z6FNCDTF323XY2V9CT
ZBAUGM8E323XY6C9VZ
ZG8G3CEL323XY2C2VZ
ZJCDEH4D323XY2C8VZ
ZJHMVMLL323XY6V5CT
ZZTMQ2VM323XY4V3CT
23GCXRJ98V323XY8CM
2ARDVKBS8V323XY8CM
2C3MEV7PSR323XY2VV
2C3VGLV7WG323XY3VV
2C49KLZ89H323XY4VV
2C4S4KWJL2323XY2VV
2C4WGCP7TQ323XY6VV
2C587MVAZ3323XY8VV
2C6UFDDMXN323XY6VV
2C7GBXQ24Y323XY8VV
2CAQRHMN5G323XY5VV
2CB54U983F323XY8VV
2CBK3E2VHM323XY3VV
2CCAAQN2HW323XY4VV
2CCVEW95HQ323XY2VV
2CDWN9ADAW323XY5VV
2CE3NA9UYX323XY4VV
2CEUJN977U323XY7VV
2CFJB2LU4T323XY5VV
2CGKCS5X6Z323XY2VV
2CH86A2MLB323XY7VV
2CJMJVRAD3323XY6VV
2CJRCZ7P79323XY2VV
2CKK3CNC8P323XY7VV
2CL6Q5C8ZV323XY6VV
2CLFWSPHSF323XY8VV
2CN44NW88T323XY2VV
2CNULAZV6H323XY5VV
2CRVUL9LHR323XY2VV
2CSL24MPCW323XY4VV
2CSWYT729K323XY9VV
2CSXS7PT6U323XY2VV
2CTHQEQH2Q323XY6VV
2CU5HEXNVZ323XY7VV
2CX57GJY97323XY6VV
2CX7MWCGDZ323XY4VV
2CYNLD8VV7323XY4VV
2LHNDMEE2V323XY2CM
2R44GYZB4V323XY9CM
2TC26ZM94V323XY8CM
2TRFHJGE6V323XY2CM
2UZYKQPK4C323XY8VX
2V4V66Z2SJ323XY9CF
2V5FGW8WUU323XY8CF
2V6HYF9EBH323XY3CF
2V7MWBV46Y323XY8CF
2V977WSGQU323XY8CF
2V9PPU57GB323XY2CF
2VA2YH2YTS323XY5CF
2VBTRWM8CE323XY9CF
2VC23RH5TU323XY4CF
2VC6D6NWPZ323XY3CF
2VFPFKPHYL323XY6CF
2VFV5FABZS323XY2CF
2VGN8JUS6M323XY2CF
2VH3CKWEN8323XY8CF
2VHM326FC9323XY3CF
2VJMKH557W323XY7CF
2VK496HY43323XY4CF
2VKAR6NHGX323XY8CF
2VLARN9HS6323XY3CF
2VLZYBZ428323XY2CF
2VM9RZBB2N323XY4CF
2VNF4YBLTP323XY6CF
2VP36DHRBD323XY8CF
2VPDLYR7Y5323XY4CF
2VQ7973HVY323XY8CF
2VQUX8CZ5B323XY2CF
2VQXCQGL5Y323XY2CF
2VR3BM43N5323XY4CF
2VSWMSRNJY323XY8CF
2VTL37WRRX323XY4CF
2VUUQLT5AJ323XY2CF
2VVHM8PD9M323XY8CF
2VVUFEGDPE323XY4CF
2VW2H8N957323XY9CF
2VY7SHDLGE323XY4CF
2VZBN2MBZX323XY9CF
2VZKBHSAVW323XY2CF
325WGRDK3C323XY4VX
32X3W8YN5V323XY2CM
3C2NT5FHHV323XY5VV
3C4F64ZDBY323XY5VV
3C79Y6A6YX323XY2VV
3C8JXXQA3K323XY6VV
3CCYRU8D6V323XY4CM
3CKEDZRCLG323XY6VV
3CMXC6WB5E323XY6VV
3CQWUG3NXV323XY8VV
3CR8PX2KHC323XY8VV
3CS646CDW6323XY8VV
3CS8KUWJJP323XY3VV
3CVGGDFNTD323XY2VV
3CVKPG2DM5323XY8VV
3CYV9Z86AU323XY2VV
3G84AFD28V323XY7CM
3L9FAQD26V323XY2CM
3M7Y74WC2C323XY6VX
3MPH84W47V323XY8CM
3N9SPQTZ8C323XY8VX
3PVUB5F74C323XY8VX
3TJWY9MD2C323XY4VX
3V3YU6NHY5323XY2CF
3V8NYCGJT6323XY4CF
3VBTTXVB2B323XY4CF
3VCC5E8UBY323XY4CF
3VDPWKJNAH323XY9CF
3VDWVW2QAX323XY6CF
3VHPVPM5GS323XY2CF
3VJM8ER82U323XY2CF
3VKM4NCUHS323XY8CF
3VNWVK3MGK323XY4CF
3VP3LVSUSN323XY7CF
3VWTS4HNP3323XY9CF
3VZTJ2FK92323XY9CF
3WCXF4YY8C323XY2VX
43G8MAUT8V323XY6CM
44ZDPJT54C323XY2VX
486FTGZV8C323XY3VX
4C2G658RYC323XY4VV
4C2TR2NHVD323XY6VV
4C3MMX63HH323XY9VV
4C3PR3FQDL323XY4VV
4C5ZBZUVBF323XY9VV
4C5ZMAYPHL323XY2VV
4C6KQPGVBU323XY8VV
4C99UG885H323XY2VV
4C9EFPCCCR323XY5VV
4CAEVTUX43323XY3VV
4CB5UJRZX6323XY7VV
4CB5ZZ6WF4323XY4VV
4CBQEQ5XM5323XY6VV
4CCEXDHFRE323XY8VV
4CDVH5NZCR323XY2VV
4CFCXAATY7323XY4VV
4CGTLXPR6V323XY8VV
4CGZV5NDGY323XY8VV
4CHQQ9929Y323XY6VV
4CHUU62UH4323XY5VV
4CJKYBKATA323XY4VV
4CJRUNCMKM323XY4VV
4CK7SS9JX8323XY2VV
4CLX4L6R23323XY3VV
4CMLC6RW3C323XY4VV
4CMTVX3LG3323XY8VV
4CMW9U5FCM323XY6VV
4CNK6TZGYH323XY6VV
4CNWKUN8XV323XY4VV
4CP6CS8Z6J323XY6VV
4CPVM836YG323XY2VV
4CTBSCHKD5323XY9VV
4CTSMQ428U323XY4VV
4CWU3AKDYD323XY4VV
4CX4S8RF49323XY2VV
4CXLNNMKCW323XY2VV
4CYQZBP6VW323XY4VV
4CZU6K39XJ323XY4VV
4GXKFG277V323XY2CM
4GXZ3T4T2C323XY9VX
4JKBAZC32C323XY6VX
4S2B95QM2C323XY7VX
4SCCKZYX6V323XY4CM
4V27DXNBPW323XY8CF
4V2RGHAFDG323XY8CF
4V33JNYQN6323XY8CF
4V3L9KXJEG323XY8CF
4V3VT8TPRG323XY4CF
4V4GKN2KX4323XY4CF
4V4ZN2D836323XY5CF
4V54H5GS6T323XY6CF
4V54J79LJ7323XY6CF
4V6L7HNYJ2323XY2CF
4V7QNWFYFW323XY6CF
4V7ZHBGZM7323XY2CF
4VA3J5DZAG323XY5CF
4VA5S5G2H2323XY2CF
4VBNW7DMAP323XY4CF
4VEHLBQ35Q323XY2CF
4VG6DJAB42323XY6CF
4VJALQNGKT323XY2CF
4VJR6RWW6G323XY9CF
4VKPZCJXCS323XY2CF
4VKXUXA3RG323XY4CF
4VL8NNKYN8323XY4CF
4VLBB32ZWF323XY2CF
4VMSBT9YC7323XY2CF
4VNAWFAWXM323XY2CF
4VNS3GPA24323XY3CF
4VNSTNEXYB323XY4CF
4VPANBQVJC323XY4CF
4VPP8S5QYB323XY4CF
4VRM7UCCX5323XY8CF
4VTVA5WB83323XY7CF
4VTWKNT7SL323XY2CF
4VUPWT25BB323XY2CF
4VUUPGG6J3323XY3CF
4VVHLW7KZT323XY4CF
4VVKPT9KJV323XY2CF
4VVZU4TAWQ323XY8CF
4VWRRWTC36323XY2CF
4VXXKQZN6M323XY4CF
4VZBQ4MY2V323XY2CM
4Y64UGQH4V323XY4CM
4ZU5BLWR4C323XY2VX
4ZXYS3HH6C323XY2VX
52GVGCTF8V323XY4CM
52WTBD662C323XY2VX
55B5E4R62C323XY8VX
56Z2H7DH8C323XY5VX
573ZVY9C2C323XY8VX
57YXLE552C323XY4VX
59KL6NLR6V323XY8CM
5BGWZJ7N8C323XY8VX
5C4KHSEPP5323XY6VV
5C7FV85HFL323XY8VV
5C82YDXKDG323XY6VV
5CLB63ZVAJ323XY8VV
5CLRZZZANH323XY6VV
5CMDTQ7HK3323XY8VV
5CNXJKFAQT323XY3VV
5CR6T776WU323XY8VV
5CSRKV8PAW323XY8VV
5CT45DGT4G323XY8VV
5CUF5X67LF323XY2VV
5CWH86MKUJ323XY6VV
5CXGAQZBSE323XY5VV
5K59GNCA9C323XY4VX
5LQRBPMH4C323XY2VX
5M2QSTBZ8V323XY7CM
5M7FV84K6C323XY3VX
5N6HNSG38C323XY2VX
5NGAN6EV2C323XY5VX
5QVH53XW8V323XY2CM
5TD9K4BT6V323XY4CM
5UPGSVRU2V323XY8CM
5V3QBL96QF323XY3CF
5V42CFZ6D7323XY2CF
5V7QVXDYQW323XY4CF
5V9N9YMXY2323XY6CF
5V9SDT4LT8323XY9CF
5VAR75M4K7323XY2CF
5VH32MGVL6323XY4CF
5VTJ3A9R9N323XY8CF
5VUEWT5LVD323XY6CF
5VUUKKQGQR323XY4CF
5VV6TYQ836323XY3CF
5VW6QPN8U9323XY4CF
5ZSRHTUY6C323XY6VX
62XRQFJ72V323XY3CM
6C2QXY9EUF323XY2VV
6C2Z3PL5GK323XY6VV
6C58GF4BQ6323XY6VV
6C5MCCARWD323XY2VV
6C75CGZ93U323XY4VV
6C873VJVD6323XY7VV
6C8C2QWUCF323XY8VV
6C94GV67L6323XY8VV
6C98SSDWSH323XY8VV
6CB9QJABWG323XY8VV
6CBAKFMZCL323XY9VV
6CCFDK26BA323XY5VV
6CDN5SHBAJ323XY2VV
6CEB56HB28323XY2VV
6CEYLQGX9V323XY8VV
6CFW57J76R323XY5VV
6CGHPASNAR323XY4VV
6CH7CV9J3C323XY9VV
6CHVBX7PEZ323XY2VV
6CJLQX6W3A323XY2VV
6CK65RNRFW323XY4VV
6CKDCPTA33323XY4VV
6CLQJ4WEU8323XY4VV
6CNARNHMFH323XY8VV
6CPF4QPEUE323XY2VV
6CPPDLCVPL323XY2VV
6CR2P3QMQJ323XY4VV
6CR9LV33NN323XY4VV
6CRSLPCFUS323XY4VV
6CTCHJ8274323XY6VV
6CTTQ5VN49323XY6VV
6CV6GMLH6R323XY8VV
6CVL8SYK34323XY3VV
6CVNGHFZ6G323XY8VV
6CVPUSSWTR323XY2VV
6CWJ84ERYN323XY8VV
6CWTGZH4AU323XY6VV
6CX9R7VP4G323XY2VV
6CYRDWA6PL323XY5VV
6CYZ766U7S323XY6VV
6CZYQBADHN323XY4VV
6GJD7FRY2V323XY4CM
6PBFSBUA6V323XY6CM
6SYE8QR86C323XY6VX
6UCQB5RA9V323XY4CM
6V2KCL2KE5323XY4CF
6V3K8JV2GG323XY6CF
6V3KZLDL2W323XY8CF
6V4HUG7C5B323XY2CF
6V4MURDKK2323XY2CF
6V4XMY8YNF323XY4CF
6V5KV9KHC7323XY9CF
6V6GT6X9HK323XY2CF
6V87QLPFMD323XY8CF
6VA2M6A5V9323XY6CF
6VDB22AL68323XY6CF
6VDERET5NS323XY6CF
6VDFYZZ8B4323XY3CF
6VDHPFV25R323XY8CF
6VDKAYXB8T323XY4CF
6VEWHRSJXX323XY6CF
6VFEBZAHAQ323XY4CF
6VFQ9JCNJA323XY4CF
6VGL2PHEVH323XY7CF
6VGLL7QCU8323XY6CF
6VGWCP9SEC323XY4CF
6VHCCKVHAW323XY3CF
6VJE84KETU323XY3CF
6VJYBET287323XY2CF
6VK7KPNWST323XY8CF
6VKNEKEQPB323XY6CF
6VLTHJJXRD323XY4CF
6VMGCJNNKL323XY2CF
6VNGPG6C8R323XY5CF
6VP5L3WT59323XY4CF
6VPJQA58KZ323XY2CF
6VQ4VZ3AN6323XY7CF
6VR6ABE6GG323XY2CF
6VSDUE9VQW323XY4CF
6VTEH9SZPX323XY3CF
6VUYVDKP53323XY6CF
6VVHNZX66L323XY5CF
6VWAL7P5ZS323XY4CF
6VXQSAYNJT323XY5CF
6VYS3MM5C3323XY5CF
6WVR8MMM2C323XY6VX
73WS6SHX6C323XY6VX
74DUG5LM6V323XY2CM
75AEQDX66V323XY4CM
76SU5FHZ6C323XY3VX
77N4RLAM4C323XY4VX
7C2SCN9JYC323XY6VV
7C7VB6FGUQ323XY6VV
7CDS5R6WER323XY2VV
7CEH8YDBQS323XY2VV
7CEWAP65EA323XY2VV
7CJGSLE58E323XY4VV
7CLFY2Q2XR323XY6VV
7CM26UHL9B323XY8VV
7CRJ2URXPH323XY8VV
7CVZK929CM323XY8VV
7CZ4PLM6TE323XY8VV
7CZY34BAYH323XY5VV
7CZYNULYT5323XY7VV
7FGLZT4N8V323XY8CM
7FGLZT4N8V323XY8CM
7H389JU68V323XY6CM
7HKRQJSX4C323XY8VX
7LJ3U4MU6C323XY6VX
7QCHL94X3C323XY5VX
7QLWKLXA6C323XY7VX
7UYD8TM79C323XY7VX
7V6KVLUH8B323XY8CF
7V9R6L5M7Q323XY8CF
7VAEU6YPXB323XY4CF
7VN9B6V6XQ323XY5CF
7VPCTL7BW9323XY4CF
7VPPPTUH2V323XY6CF
7VRNB7GYXA323XY8CF
7VU4R3QCRE323XY2CF
7VWLM7BTS4323XY4CF
7VXLSQS3CU323XY9CF
7VXSUVUYQT323XY9CF
7VXU6ERX33323XY8CF
7VXWZWJRNH323XY2CF
7VYVSHRRSV323XY6CF
7YLWQ8YM8V323XY9CM
89A69ZMC2V323XY4CM
89N8HMMS6V323XY5CM
8AU9VGCR2V323XY9CM
8AYSYD362V323XY4CM
8C2ZBGFN2D323XY3VV
8C3RA4N5ZB323XY2VV
8C4DAG85J8323XY6VV
8C4K3AHPKQ323XY3VV
8C5YFMZM8Z323XY4VV
8C6TNF99WE323XY7VV
8C7ZP6RLJZ323XY8VV
8C965JS2M7323XY6VV
8C9AD8TJLH323XY4VV
8CA2UT3V9C323XY8VV
8CA5ZXVZ5M323XY2VV
8CB4QPT99W323XY5VV
8CB8V2MNXD323XY2VV
8CCJNFB384323XY5VV
8CCUCWQH3S323XY4VV
8CDPKWF3Q7323XY9VV
8CDYB48VKD323XY2VV
8CE74N46VK323XY9VV
8CEP7FB2WG323XY4VV
8CESMZETHZ323XY8VV
8CFURTRYXK323XY5VV
8CG5AGLJF8323XY4VV
8CGE69DZJY323XY2VV
8CK4ZDQM27323XY6VV
8CLKCKAYBM323XY9VV
8CMF2SAH29323XY2VV
8CN7JCAVMD323XY8VV
8CNVDG83AF323XY4VV
8CPDDTAV9V323XY9VV
8CPKQ49D6T323XY5VV
8CPRPGF5UB323XY2VV
8CQ2JCXYBB323XY4VV
8CQRCU6N44323XY6VV
8CRUEQ63GQ323XY4VV
8CYTTG2UX5323XY8VV
8EFZMU9W8V323XY8CM
8FEPRESQ5V323XY4CM
8FR9T5CX2V323XY9CM
8HTC9LXN5V323XY2CM
8JTQ6LF24V323XY8CM
8PLF3M2W5V323XY5CM
8TC7YV3N2C323XY2VX
8V2WD9RVNN323XY4CF
8V4XK7GM6Z323XY4CF
8V64TFHSNC323XY4CF
8V6Z4M3SYT323XY7CF
8V9W7UELR2323XY9CF
8V9YW6AC69323XY2CF
8VACW745ML323XY6CF
8VAKS5ZND6323XY2CF
8VB9TCSSU4323XY2CF
8VBJEJL8HF323XY6CF
8VC549KN25323XY8CF
8VCXDY3UBD323XY8CF
8VD6U32HMA323XY6CF
8VEL8AQXZL323XY4CF
8VFDZX9Z6D323XY8CF
8VH555XDBK323XY8CF
8VJE5J8BHQ323XY6CF
8VJEZQMF69323XY8CF
8VLSTMVZPP323XY2CF
8VNQPY8NPZ323XY4CF
8VP2HBA3GZ323XY2CF
8VQHWV2Q6V323XY7CF
8VRSQ56AHB323XY2CF
8VT5GF2JLT323XY4CF
8VU2PXAZP3323XY4CF
8VUNM7SJTD323XY6CF
8VUUG984LS323XY4CF
8VX7HNAEZR323XY8CF
8VXBTBMDX2323XY4CF
8VY39WKYYZ323XY5CF
8VY8TPWJNU323XY2CF
8VYUAVB9QN323XY2CF
8VZ4WUGZQX323XY8CF
8VZC7LY2U8323XY6CF
8VZJ66SA6F323XY4CF
8WE6JNET6C323XY2VX
8YASGP4K2C323XY2VX
92JYHNC26C323XY5VX
94BMPLZM7V323XY8CM
94L476PV2V323XY6CM
95JV2KGL6V323XY8CM
95M5XYQL6C323XY5VX
96EU3LC37V323XY2CM
9AYDVE325C323XY8VX
9C2MH4CUXK323XY4VV
9C43PQQ97C323XY9VV
9C5JDXTFAN323XY7VV
9C6EPTTKJJ323XY2VV
9C7WDPH43Q323XY2VV
9C8EW3KFXE323XY8VV
9C9Z4QV2FU323XY4VV
9CE4S2FETU323XY4VV
9CNDVALJYJ323XY9VV
9CSD6GF99A323XY7VV
9CTZZVYQ63323XY9VV
9CX9LG8J86323XY7VV
9CZPLBLV5L323XY4VV
9F6Z2AJ28C323XY6VX
9FMN4J6C6C323XY6VX
9FP7TGV28V323XY6CM
9H7PCAND3V323XY2CM
9HZV7H7L2C323XY2VX
9KTDBKSH5C323XY2VX
9MA3B8E87V323XY4CM
9PNQ7W5E7V323XY2CM
9QEG8F9W6C323XY6VX
9RLDLW5C2C323XY2VX
9RT7AQ4A7V323XY2CM
9SKA36VH2V323XY6CM
9T2NZF3L7C323XY6VX
9T3M89847C323XY4VX
9V39AGSLTS323XY3CF
9V448ZAZV4323XY7CF
9V4VLZX587323XY7CF
9V8N24SVER323XY4CF
9VDGFFBLYK323XY4CF
9VEGULMPH6323XY4CF
9VFBPHFF59323XY3CF
9VKKJV6N5Y323XY4CF
9VMMSBBRGJ323XY2CF
9VPM8QPEVH323XY9CF
9VQTNR9C7B323XY6CF
9VTXEDVETF323XY4CF
9VYXYHE48C323XY2VX
9VZDFRPVQS323XY9CF
9VZT73KD9N323XY8CF
9XPQ62H29C323XY2VX
9Y3BLK7A8C323XY7VX
9YSSQTYV8C323XY6VX
9ZHQ6FRQ6V323XY2CM
9ZUEE44L6C323XY9VX
A26VAG3C3C323XY6VX
A2T8HQV98C323XY6VX
A2YL446W5C323XY2VX
A4GC245K4V323XY4CM
A5B6LFQ98V323XY6CM
A65SMU2L6C323XY5VX
A9FJM29K9V323XY6CM
AJCBVMAJ4V323XY3CM
ALFC82XM7C323XY5VX
AVUZBHPS6V323XY7CM
AWPXATRP6C323XY6VX
AZ3D9ACR3C323XY4VX
B4TY3HFK4C323XY8VX
B6YDDQZV3V323XY2CM
BBD6JZNF8V323XY6CM
BHBHDMY25V323XY9CM
BLT2388D6C323XY4VX
BMNR7GWP8C323XY4VX
BPP3UC534C323XY3VX
BR2ZA2NP8V323XY8CM
BVU3VQ9S3V323XY6CM
BYEZZEFB2C323XY5VX
C2EWDK9Z2V323XY4CM
C6R7RDKG6V323XY8CM
C8BK2VEG6V323XY4CM
CCPH399C7V323XY6CM
CE4HQGM52C323XY4VX
CEMD37AR6C323XY5VX
CHCZVKMB9C323XY2VX
CJ3MVKN93C323XY8VX
CJC5DPN96V323XY7CM
CJS6GMCF6V323XY4CM
CLWDF6JK8C323XY8VX
CQAS34PM6C323XY8VX
CQER77KD4C323XY6VX
CRU2HK3Z2C323XY9VX
CRWXSTYK4V323XY9CM
CUFUR3Z29C323XY8VX
CV29UHFB8C323XY2VX
D6Q6ADX34V323XY8CM
D9UR66QR9V323XY6CM
DCEN8ANJ6C323XY6VX
DCHRKTJ63C323XY5VX
DFL7ECVJ4C323XY2VX
DFLQUHPF6V323XY4CM
DGGQRGGV4V323XY6CM
DNS4F59V2V323XY8CM
DQ267W826C323XY8VX
DSEB3PMM4C323XY5VX
DSS6MM7T4C323XY4VX
DSZGH2XZ6V323XY6CM
DWJMFPMF6C323XY6VX
DWVEGUJT4V323XY2CM
DX2KPSQ25V323XY4CM
DXNSQG4U8C323XY4VX
DZGPN3V98C323XY8VX
DZJ2PFZG5V323XY4CM
E22DU3GM4V323XY6CM
E2JKNFP24C323XY8VX
E43FFE499V323XY6CM
E4YPPNX59V323XY2CM
E5A2B42H4C323XY2VX
E5WQZ9558V323XY6CM
E7MD3L5H4V323XY4CM
E9GKEU2S5C323XY4VX
EBBU4A5V8C323XY5VX
EK7Z8Q9S3C323XY9VX
EMED9WBM4C323XY4VX
EQVL5AFZ2V323XY2CM
ES5WGRCK9V323XY8CM
EYQ2DD4M2C323XY6VX
F62RH9V23V323XY8CM
F96XC6433V323XY8CM
F9GG586M6C323XY4VX
FA5QMC2N8V323XY5CM
FBSJBBDH2C323XY6VX
FN9SQ2LA9C323XY2VX
FPLWHXJV8C323XY2VX
FTEXFB9L2V323XY8CM
FZVFTYK38C323XY3VX
G7R6Z98L2V323XY4CM
G8Q9NR568C323XY3VX
GGPZKXKD4V323XY2CM
GL5SAJBH5V323XY9CM
GMB8SHDD8C323XY2VX
GNCZN8TR8V323XY7CM
GSSSCSYQ8V323XY4CM
GSYXHPQQ6C323XY5VX
GUCLSE3M4V323XY6CM
GXKWDX4M2V323XY8CM
GZUL3WZS8C323XY6VX
H5E9RLVX3V323XY2CM
H6CUCG6J9C323XY7VX
H8KYYNU86V323XY4CM
HADFAYS47V323XY4CM
HD8WAGLR7C323XY6VX
HHVQV43S6C323XY3VX
HNQYBFQD4C323XY9VX
HP83K9NF5C323XY4VX
HPJ3WHSV4C323XY4VX
HUBNKU554V323XY4CM
HUJC3U8N7V323XY5CM
HW6S8PBM4C323XY2VX
HXMSAK8K8C323XY6VX
HZD4DK287C323XY5VX
HZRNKJZZ6V323XY2CM
J5MQ7NV72V323XY4CM
J7NFFFZA4V323XY2CM
JB7XB3TW5V323XY8CM
JE9KGKLL6C323XY2VX
JJANAUZ59C323XY4VX
JRBWJWE92C323XY4VX
JYAP9ECR4C323XY8VX
K2SFC9TP6C323XY3VX
K2WULYSR2V323XY2CM
K5YMQN6E3V323XY3CM
K6ZYABKM9V323XY8CM
KAH9AYYS5C323XY2VX
KBRT92VD4C323XY5VX
KKC7B2845V323XY3CM
KLC72Y388C323XY6VX
KMX9SVKU8V323XY6CM
KNAE6USJ5C323XY9VX
KNCHDX8U6C323XY2VX
KV943WJ72V323XY8CM
KW9STZ4W8C323XY6VX
L3JR3S4H6V323XY4CM
L5SGMPEH5V323XY8CM
LBT6L32D5V323XY4CM
LJ8RCQXS6C323XY4VX
LLEXPZR32V323XY3CM
LQDU5PHA6C323XY2VX
LT9Q4VTN8V323XY8CM
M6AWDLZD5V323XY6CM
M7GHEM2R9V323XY2CM
M9CGKCLU6V323XY9CM
MGSYMH4X7V323XY6CM
MJJYDCF62V323XY3CM
MKXS7NT26V323XY6CM
MQQ3WVDG4C323XY6VX
MUZJKEQ33V323XY5CM
MVG6A5FR6V323XY5CM
MYFLEAEF2V323XY3CM
MYSJ9U2H4C323XY2VX
MZ5S7K2K2C323XY8VX
N25WWE2Q9C323XY4VX
N33NUHFM2V323XY4CM
N5F6A96X5C323XY3VX
NA34UQD85C323XY8VX
NAA3ZQKP6V323XY8CM
NBNJNWHE4C323XY4VX
NLA7M4V64V323XY2CM
NLYHZLS37V323XY2CM
NQNDDXAB4C323XY4VX
NU8QVGZ62V323XY4CM
NV43NE7L4C323XY8VX
NVKPCML83V323XY8CM
NXG59PBQ7V323XY9CM
P6XEJX3Z6C323XY9VX
P8T6H4UZ4V323XY4CM
PAECSBME4C323XY8VX
PEGHULYZ6V323XY9CM
PGKCSHNR8C323XY5VX
PH4NR36D6C323XY4VX
PJ39HC9M4V323XY6CM
PJRS4TER2V323XY4CM
PLA4963K6V323XY4CM
PMQEUCSK9V323XY2CM
PPDZEMGM6C323XY7VX
PTP2TUDH3C323XY2VX
PZ4HULQF9V323XY4CM
Q4HT5VYC9C323XY5VX
Q9VSAVGS3V323XY8CM
QMEDED6K8C323XY3VX
QMTXUS9X4V323XY2CM
QR5V3PPJ2C323XY6VX
QSC5N9322C323XY8VX
QUQMK5554C323XY2VX
QWGKH3BU4V323XY7CM
QWV4UPLB4V323XY3CM
R6KJ7LUD6V323XY7CM
R7GBZJ376C323XY4VX
RAFYXTN94V323XY6CM
RC7LRAU26C323XY8VX
RGRFZEKE6V323XY4CM
RHAT24E93C323XY6VX
RJWMDH2Z8C323XY3VX
RKNXMN7N2V323XY9CM
RNHQ6PY98V323XY4CM
RPSVDLS38V323XY7CM
RR3GRGGD8V323XY2CM
RRA9YVJE4V323XY8CM
RREEQ9UW6V323XY3CM
RVCRNPEW6C323XY4VX
RYJ9YTRW2V323XY5CM
RZ4PH6TY2C323XY8VX
S2CQCQGF9C323XY4VX
S8CQ34GN8V323XY3CM
SB2EEY3M6V323XY8CM
SDP7NX5Y6V323XY4CM
SH6G5MJR8V323XY8CM
SHN3TVNQ2V323XY2CM
STCDYZQ62C323XY2VX
SVMA4PQL5C323XY4VX
SX6K68B23C323XY8VX
SXQWPZYP4C323XY6VX
T6E385W54V323XY6CM
T74PS6HP6C323XY8VX
T8ZAY7WG2V323XY9CM
TA7L44XM2V323XY8CM
TAD28HGM8C323XY6VX
TAV9SV3F6C323XY9VX
TCMFUG3X2C323XY4VX
TF3CVCW22V323XY7CM
TKQRZPF32V323XY7CM
TMHAZYT54V323XY2CM
TRYDUNEH6C323XY8VX
TX6XRZSW5C323XY4VX
TZC6Q32Y5C323XY8VX
TZH2MYAT9C323XY2VX
U25MYWV66C323XY6VX
U3WA59XB8V323XY2CM
U4G5GTL56V323XY8CM
U884V9Q42C323XY8VX
UAG8P7PS8C323XY2VX
UH7XKGZF8V323XY4CM
ULXHX5VN6V323XY6CM
UNKAHK7H8C323XY2VX
URNEYTV94V323XY3CM
US537D854V323XY8CM
UV3TB2HY4V323XY7CM
UXJQ92AL2C323XY2VX
UZ23H74G8V323XY5CM
V3CEKQWE2V323XY6CM
V4W3XVWH5C323XY9VX
V65SBSAA7V323XY4CM
V6KGU36Z4V323XY4CM
V9YHS4T25V323XY9CM
VDGYVFS62C323XY7VX
VH6XVCBN7C323XY9VX
VK2L93D77C323XY2VX
VKJVG8H82C323XY8VX
VKPSYSZ54C323XY9VX
VPCXK3N52V323XY4CM
VPL38EB54V323XY4CM
VQTNEXCQ6V323XY6CM
VREWURKX4V323XY7CM
VUXDKVVM4V323XY4CM
VUZRVV8J2C323XY2VX
VYPHQHJ36V323XY2CM
VZKDURK94V323XY8CM
W3VV4MV59C323XY6VX
W6AR9JJ82V323XY2CM
W7L9GPMZ8C323XY2VX
WBDU9J2X9C323XY8VX
WGJEAJ4T2C323XY2VX
WHKDP6PU2C323XY2VX
WHN3RF3W2V323XY4CM
WKHFW6SV6C323XY3VX
WKWC7SCT5C323XY2VX
WRNYBMJQ4V323XY8CM
WUDERBTY7C323XY5VX
WUE5S6T32C323XY8VX
WV7686985C323XY2VX
WXJS8JXN2V323XY5CM
WZP7TJC54V323XY9CM
WZQPTDRB6C323XY2VX
X3ZRHQM58V323XY4CM
X6A3HFU42C323XY9VX
X8PVYBDW8C323XY8VX
XBRW8VHJ2V323XY3CM
XDZG8TLC5C323XY6VX
XGTVXD4R5C323XY9VX
XJNPTRY84C323XY3VX
XKNGWHZF6V323XY2CM
XSCF8PZB6C323XY9VX
XU5QCGGD2V323XY2CM
XYWXVFA96V323XY6CM
Y2F5MEM99V323XY6CM
Y4JJJADQ2V323XY2CM
Y4L5S3SV2V323XY9CM
Y5TZ7RMX9C323XY4VX
Y6YWTGUM4V323XY4CM
Y8C74VTA9V323XY4CM
YBENQPV42V323XY2CM
YC28BGLR9V323XY9CM
YEX2KSZ45C323XY6VX
YGDH8K4V6C323XY6VX
YK95FXSV8C323XY5VX
YWRJZARK3C323XY2VX
YX8GE9QC9V323XY8CM
YXFDW8AH6C323XY6VX
YZQ9596F6C323XY2VX
Z3LCD5XN2V323XY7CM
Z3Z82BQA3C323XY8VX
Z4EBER8P4C323XY8VX
Z9UAD36V4C323XY9VX
ZC9XJVHA2C323XY4VX
ZEVUTC774C323XY6VX
ZGMCRDCB2C323XY8VX
ZLXAXNVZ2C323XY5VX
ZNLFBTK24C323XY6VX
ZNLPX39R4V323XY2CM
ZNYMRV346C323XY8VX
ZQZ5L3338V323XY6CM
ZQZJ92FE7V323XY4CM
ZY3A65KA2V323XY3CM
26N2Z9DV2V8C323XYK
2AR3M64X2V4C323XYK
2C2CYVSSMM2V323XYP
2C2V42TXVHYT323XYH
2C2V5ETYQ6QN323XYH
2C2V6HTTPRTG323XYH
2C2V6W3ZNVGJ323XYH
2C2V947HA2MA323XYH
2C2VPJKCCKSW323XYH
2C2VQX4ABB4K323XYH
2C2VTP75KRD2323XYH
2C3V3JJZ7V83323XYH
2C4PJGTCKE3V323XYP
2C4V3ENV2LKA323XYH
2C4VNCEU3A2V323XYP
2C4VNPT3D6CL323XYH
2C4VRELCR8J7323XYH
2C4VSTTZ4TWP323XYH
2C4VSZ5Z8HP6323XYH
2C4VYTYRCLJF323XYH
2C4WYY46V62V323XYP
2C5TT7CA728V323XYP
2C5V8R95TM2B323XYH
2C5VED9CTC9V323XYP
2C6EHLCJUB8V323XYP
2C6V42CVQYE7323XYH
2C6V8AH3MVJ8323XYH
2C6VA8TMW9WL323XYH
2C6VB7ATAUAZ323XYH
2C6VDL9SRFA3323XYH
2C6VHNE4RG57323XYH
2C6VRT5WGDW8323XYH
2C6VWW3JUNXL323XYH
2C6VZ8LWMEDS323XYH
2C7K7XAKRG2V323XYP
2C7M8F42394V323XYP
2C7V3Z6LHS9L323XYH
2C7VASR6CTLP323XYH
2C7VFUMZ8HW4323XYH
2C7VSBK9SU8W323XYH
2C7VSVTY63YA323XYH
2C7VVNCLSJ5Z323XYH
2C8S2N2WSU8V323XYP
2C8V8WAP5EUT323XYH
2C8VDSTR7K97323XYH
2C8VERQA5K8B323XYH
2C8VSGWVR6NA323XYH
2C8VWA8N558J323XYH
2C9CZKX3H75V323XYP
2C9KQQCBW82V323XYP
2C9V94DG9KCS323XYH
2CBDYTV7658V323XYP
2CD72LRV5T7V323XYP
2CDMF2ZCKT6V323XYP
2CDT6JZEZS6V323XYP
2CESTY9J924V323XYP
2CFXDFPH5B2V323XYP
2CGBXK28LD2V323XYP
2CLZZBWYMG9V323XYP
2CM87NWA329V323XYP
2CNB86RQG35V323XYP
2CNFUS8LZ24V323XYP
2CP33S9TWQ6V323XYP
2CPKDV3FAM7V323XYP
2CQZWBKUMC6V323XYP
2CRWBS239Y8V323XYP
2CS7FK6WZP8V323XYP
2CSJSM2GTH5V323XYP
2CSQ92CUAB2V323XYP
2CSQQ9WCK73V323XYP
2CT68PEB2T4V323XYP
2CUMX7WD935V323XYP
2CXB4TBFQ53V323XYP
2CYLFQEWB44V323XYP
2CZUDVNHD98V323XYP
2DHFD9JU4C8V323XYR
2N7892G25V8C323XYK
2U3Z6SFP9V4C323XYK
2V2C4HDCL37W323XYB
2V2C9AA2P2HV323XYB
2V2CL5R25GT3323XYB
2V2CXAZRWQNJ323XYB
2V2CZJJ87U6U323XYB
2V2GBM5WBQ4C323XYD
2V2LSKPNXM2C323XYD
2V2UWKMARX4C323XYD
2V2YPPEQK36C323XYD
2V3CNZCLLMTV323XYB
2V42TZ8DJK2C323XYD
2V4CB8MQBE84323XYB
2V4CDTYENXCT323XYB
2V4CEBYQWKRD323XYB
2V4CFMN592VD323XYB
2V4CKRNKJEXJ323XYB
2V4MF2V33L8C323XYD
2V4PBUBANW6C323XYD
2V5CCY3A2PAJ323XYB
2V5CS3W9BJG6323XYB
2V5UVHV6KQ4C323XYD
2V5WER6ZGR4C323XYD
2V6CDPPA3FXA323XYB
2V6CPF9AF65P323XYB
2V6CVHCHU77A323XYB
2V72WPCQX78C323XYD
2V7C4MSUE7XD323XYB
2V7CF8CHBBR6323XYB
2V7CKMNYYYCN323XYB
2V8A8SZTYD4C323XYD
2V8CAKR4J2KQ323XYB
2V8CB4VXZRJZ323XYB
2V8CPM2GTNAM323XYB
2V8CWHADJLFU323XYB
2V8CY6Z36SH2323XYB
2V8CZF3JSDC9323XYB
2V8QZJ7GA33C323XYD
2V8UWZ6UHE4C323XYD
2V9CMZ72LXGL323XYB
2VELUTL4WC6C323XYD
2VF2TZL38V2C323XYK
2VFDCH6Q7W8C323XYD
2VGJW3BEXD2C323XYD
2VHV76R52R4C323XYD
2VJC26HRCM4C323XYD
2VJFXFTPNG4C323XYD
2VJKHDMFME8C323XYD
2VK7SP6ZWZ2C323XYD
2VKGSRK6Y86C323XYD
2VKLVNPNLD8C323XYD
2VL9S6LYB38C323XYD
2VNAURPVH43C323XYD
2VP5EQMJNN4C323XYD
2VR35HDA4W8C323XYD
2VSVELB9H46C323XYD
2VSXBMGAGC8C323XYD
2VTKXBA36G8C323XYD
2VUZQMD2TY7C323XYD
2VVBDRALRW9C323XYD
2VVKCGJX892C323XYD
2VVYKKKA4A6C323XYD
2VXWHNB67P2C323XYD
2VYRM5ZX6H3C323XYD
2VYTD6X5244C323XYD
2ZWBD4E45V2C323XYK
3A5VKHGQ8C2V323XYR
3C2MXV8SWV4V323XYP
3C3VCRSAE5XH323XYH
3C3VSB69E8BK323XYH
3C4VP9F4GPPH323XYH
3C4VRM93ZS9Z323XYH
3C4VYMP4PCM4323XYH
3C5VHNGF4BZ6323XYH
3C6VDUBL7AS8323XYH
3C6VRX7F77M4323XYH
3C85JPEQ862V323XYP
3C8V2ZY8KSBE323XYH
3C8V3H94BZRS323XYH
3C8V3HT2XKWW323XYH
3C8VLZC9ABFP323XYH
3C8VSTZEVD5C323XYH
3C9A82KWK52V323XYP
3C9V7TXR96B8323XYH
3C9VPBHZXRZ8323XYH
3CD32EDNZ54V323XYP
3CFKFUJVAC8V323XYP
3CFYRC3YAA7V323XYP
3CG4JYXVXR6V323XYP
3CH449ZE376V323XYP
3CH7CXACWX7V323XYP
3CHT24796Q6V323XYP
3CJKWKT8PJ2V323XYP
3CMXH62KA52V323XYP
3CNFLENYG97V323XYP
3CQ4AQA3YK6V323XYP
3CSV2WYAP85V323XYP
3CTHPTNM4Z8V323XYP
3CTNNK9UA52V323XYP
3CVE2MESSL2V323XYP
3CVKWMWGZC6V323XYP
3CXDXDPUBK4V323XYP
3CZSLKVU9Y3V323XYP
3HYKUHWH4V6C323XYK
3SRFPHV46V2C323XYK
3UBVFF7N7C9V323XYR
3V2CHWN2TVVF323XYB
3V2HV748726C323XYD
3V4CQNB8S6NQ323XYB
3V698A8V6D2C323XYD
3V6CHS66YSDC323XYB
3V6CQ278DAPK323XYB
3V6UMW6C8W3C323XYD
3V7C5HTNRT3B323XYB
3V7C9QG8SRCY323XYB
3V7CM5WKULCV323XYB
3V8C763MRDWL323XYB
3V8C8X9ZSJGJ323XYB
3V8CP8VJCXHE323XYB
3V8CXJSXX9G6323XYB
3VKSS49VYB2C323XYD
3VPYB3YEZ74C323XYD
3VS7EN7R2Z8C323XYD
3VT94BAWM38C323XYD
3VVNN9VJKT5C323XYD
3VVUXDZR5V4C323XYK
3VXN2DNU8C2C323XYD
3VY9QLF9MY9C323XYD
3VZNERKAUM5C323XYD
3ZZEF7D32C2V323XYR
44G8HZXT6C7V323XYR
4B6DYAZ62V5C323XYK
4C2VBAPGH3ZX323XYH
4C2VQXUQQ6Y3323XYH
4C2VRXPEFHKZ323XYH
4C2VUV5V54ST323XYH
4C2VVGZMX68B323XYH
4C2VZF6336V7323XYH
4C2ZH7NYW68V323XYP
4C3VAYSMAY2V323XYP
4C3VDJ8ZSES7323XYH
4C3VQ7RJR9N7323XYH
4C3VUWS5Q6SP323XYH
4C3VXT6N2PYS323XYH
4C3VYVF2T4FL323XYH
4C4VBQX97MMS323XYH
4C4VFK84M59Y323XYH
4C4VHZH6TRKR323XYH
4C4VWMPN4R2Z323XYH
4C5VBEZ54XMY323XYH
4C5VDZNUV2Z6323XYH
4C5VZ79XWHVD323XYH
4C6V4NTG2TU3323XYH
4C6V9P9ND8VR323XYH
4C6VKFGD3SUP323XYH
4C6WYQKF8X6V323XYP
4C7VD347CNFY323XYH
4C7VX3GPJCMX323XYH
4C7WLLY59H2V323XYP
4C8VCEV33BQL323XYH
4C8VCLMPCZR9323XYH
4C8VDEVEN27D323XYH
4C8VE994VTEF323XYH
4C8VEW6EQ4BF323XYH
4C8VL3GJNXMU323XYH
4C8VLV743Y83323XYH
4C8VP2YHMGUF323XYH
4C9VDPX37TZ4323XYH
4C9VGH29D7W8323XYH
4C9VQGQ8F2YL323XYH
4CBGA3DXYZ9V323XYP
4CBQ2J67BA9V323XYP
4CCG9AW8GE7V323XYP
4CDLNHUVSM8V323XYP
4CE84A5CKM4V323XYP
4CEVNTD9S79V323XYP
4CGKF75QED5V323XYP
4CGXHAPJCR7V323XYP
4CJ9RKFKA78V323XYP
4CJGLG4EPQ4V323XYP
4CJXZCLH3Y6V323XYP
4CKJ8WQ4UX6V323XYP
4CKNQUXYJD6V323XYP
4CL4JHBYAQ3V323XYP
4CLSJ842YH4V323XYP
4CLXZPKR398V323XYP
4CM26MVW5R4V323XYP
4CQ78FTD7Q2V323XYP
4CQCTHMQXY8V323XYP
4CQHZUUAWC6V323XYP
4CQSNWFCPF4V323XYP
4CQV65DRYD5V323XYP
4CR6QX5STP2V323XYP
4CSNXL9CYV5V323XYP
4CUE9WKG2W7V323XYP
4CV4KSG89R6V323XYP
4CVMHFSLTB2V323XYP
4CWV8EKUHX4V323XYP
4CXE3CQZJE6V323XYP
4EPVMG6Q3C6V323XYR
4GK3E6ZU4V8C323XYK
4GUC3YHA6C4V323XYR
4KJ9CSRC8C6V323XYR
4M952JX88V8C323XYK
4QZCANCX6C6V323XYR
4ST64CL82C9V323XYR
4TDRP23Q8C2V323XYR
4UEFDPTH5C6V323XYR
4V2C28WVF9B7323XYB
4V2C2U4EPYSY323XYB
4V2C3B9RSHCY323XYB
4V2C3CS5L5J7323XYB
4V2C5JKUB5N5323XYB
4V2C5KXN77DA323XYB
4V2C6BXZHUJM323XYB
4V2C6U6E2Q2L323XYB
4V2C76JUG9NR323XYB
4V2CGCY2QYBF323XYB
4V2CJJEAYUBP323XYB
4V2CJKGTH8WV323XYB
4V2CKW8YDY76323XYB
4V2CPG3RQR3N323XYB
4V2TAWFCH78C323XYD
4V39G93G586C323XYD
4V3BKGP49L2C323XYD
4V3CEXBM7DTK323XYB
4V3CFH7XB2A8323XYB
4V3CM6TAX7R6323XYB
4V3CUJQEJV34323XYB
4V3CY65E3C8M323XYB
4V3SLQDCEL8C323XYD
4V3TG6VAFK7C323XYD
4V3WRK8L2W4C323XYD
4V4C3DNFGNWD323XYB
4V4C9EHN2LUC323XYB
4V4CAQW8LA8K323XYB
4V4CUQ2XU6A3323XYB
4V4CVG27MDBR323XYB
4V4CYKGJNS9S323XYB
4V4CZDRP536V323XYB
4V4QCD6VJH2C323XYD
4V4TN5FUGK7C323XYD
4V4UHXKEKL2C323XYD
4V572698JR6C323XYD
4V63ZECUCA2C323XYD
4V6C35KXSNZ7323XYB
4V6C3SW9GDJQ323XYB
4V6C62X4FDPJ323XYB
4V6C8UHNUGEP323XYB
4V6CBTG2VXUP323XYB
4V6CBZA3UPEB323XYB
4V6CC2TMP8AK323XYB
4V6CDGM9FBBQ323XYB
4V6CKLYCNBMR323XYB
4V6CKTGWW2FR323XYB
4V6CTHQVXU76323XYB
4V6CUW8AAVQR323XYB
4V6CXMCWWFZJ323XYB
4V6EVDDV9D9C323XYD
4V6VJBZ6ZM8C323XYD
4V7C9XVAWQU9323XYB
4V7CDVG9D8RB323XYB
4V7CHSE2JS9S323XYB
4V7DTDYXZD6C323XYD
4V8C37EJ3YRZ323XYB
4V8C95WWH7LJ323XYB
4V9C2YAWTRWV323XYB
4V9C6ZUZNBFB323XYB
4V9CMDLWLMDZ323XYB
4VAM5Y7N6W2C323XYD
4VB36DBWNL6C323XYD
4VC2E4ECUP8C323XYD
4VC3FESF4Q5C323XYD
4VDYBWMGCM3C323XYD
4VEC7776KY3C323XYD
4VEJREN2QW8C323XYD
4VFFLQPWGR2C323XYD
4VFG9LZEYK8C323XYD
4VFY4BMHBR8C323XYD
4VGB543FAZ8C323XYD
4VGQHJ4RA66C323XYD
4VJE3S3B298C323XYD
4VKTM4JU8C3C323XYD
4VMK7XKU8V9C323XYK
4VN9GT86BC2C323XYD
4VP84RQBYS9C323XYD
4VPSBGYX7S2C323XYD
4VQ7ALLMSS9C323XYD
4VQ7BY4TD54C323XYD
4VQKYVVD7A5C323XYD
4VRJQASCX75C323XYD
4VSEGD7FDM4C323XYD
4VSZ6E522Z4C323XYD
4VTTMXE3QX3C323XYD
4VUJ2YHHQV5C323XYD
4VUQZ5WMTD7C323XYD
4VWF4VF7CL8C323XYD
4VY7UUCULK5C323XYD
4VZDAXWMLY9C323XYD
4WQEMZTC4V4C323XYK
4XC7AM5Q6V7C323XYK
59435RS22C6V323XYR
59D5HKC96V4C323XYK
5A67FWV58V6C323XYK
5C2V2GCVMD5E323XYH
5C2VH6FKTH7D323XYH
5C3VDFYH693G323XYH
5C4DV5DMGX4V323XYP
5C4V2DQNCQ3E323XYH
5C4V7XY28FG7323XYH
5C4VGEE3HDJM323XYH
5C4VHHLPRV5P323XYH
5C4VN4MG2FT3323XYH
5C6N3455R47V323XYP
5C6NN558AD6V323XYP
5C6V7JT864PE323XYH
5C6VJLX65YVD323XYH
5C6VWQMMRYEB323XYH
5C7VE2SM8LR7323XYH
5C7VGPMJDVSQ323XYH
5C7VRKTC4FXK323XYH
5C8V9GF2PNJK323XYH
5C8VH2BV9B3V323XYH
5C8VMMCWCAZW323XYH
5C8VXTFNLHXX323XYH
5C9V3TZP3MDY323XYH
5CCJQR4UL28V323XYP
5CDW95YW8N2V323XYP
5CG5E7L29F4V323XYP
5CLKSYRJKK2V323XYP
5CLRWPA3GV4V323XYP
5CM5TE4UP52V323XYP
5CMCZM7YY74V323XYP
5CN6FR3WP97V323XYP
5CP963Z3NF6V323XYP
5CQL9NDJXP6V323XYP
5CVRJFY33J7V323XYP
5H436XLB2V6C323XYK
5LFKHDB98V6C323XYK
5LN54W5K4V4C323XYK
5LQJE4HV8V2C323XYK
5LREPT844C5V323XYR
5MJZ7SDH8V4C323XYK
5PXAJKFB3V6C323XYK
5V2C462EF6A6323XYB
5V2C54KSX2PJ323XYB
5V2CAAEDAX89323XYB
5V2CSDLY3PKG323XYB
5V3CQZ7WSR8M323XYB
5V4C4C72YV3R323XYB
5V4C8HVU7ZLE323XYB
5V4CAHZASXRG323XYB
5V6C233WDNRP323XYB
5V6C68LF4QNC323XYB
5V6CKTT26JQB323XYB
5V7C2D9HQ4ZP323XYB
5V7CJARQ5CVY323XYB
5V9C3YLRLG9P323XYB
5V9CACWK3XC7323XYB
5V9GY9B55N3C323XYD
5VD5WTPSSA2C323XYD
5VDCUN2HM36C323XYD
5VGAZTGEE64C323XYD
5VHPYPK5YS6C323XYD
5VHU4YG8K44C323XYD
5VK7D98TN98C323XYD
5VSUEGKS366C323XYD
5VSURPXRUP3C323XYD
5VUNYFTAJR2C323XYD
5WY7B3W25V9C323XYK
5Z4RZ52F6V4C323XYK
5ZD4XG7V4C8V323XYR
636VK6JH8C4V323XYR
65A3Y4N82V4C323XYK
67F54P5C6V3C323XYK
6AFZW2G92V7C323XYK
6C2E9Z7SNL4V323XYP
6C2KBC9EM78V323XYP
6C2V4NDGPKMH323XYH
6C2V9UMLWZ66323XYH
6C2VEH2J7K27323XYH
6C2VKY388N6R323XYH
6C2VMJMVZC7E323XYH
6C2VTXPHLCF7323XYH
6C2VZTNPSNZA323XYH
6C3DSU2YHB6V323XYP
6C3V8EH37AUP323XYH
6C3VAVP4CBZV323XYH
6C3VCW5G9VY4323XYH
6C4V37SJD4BZ323XYH
6C4V6GJMP7M6323XYH
6C4VC44NPEZ5323XYH
6C5VQR68ERXX323XYH
6C6V7BQ58ARY323XYH
6C6V8SWYB3ZE323XYH
6C6V9SP3R85X323XYH
6C6VBMHTZCAN323XYH
6C6VEKJQJDN9323XYH
6C6VFMWRL47E323XYH
6C6VPJV5ZLXT323XYH
6C6VTJJTUNM9323XYH
6C6VUSDXSP47323XYH
6C6VYGFE5RQM323XYH
6C6VZ6WZ765P323XYH
6C84FPXUKE2V323XYP
6C8VNEGYWYFZ323XYH
6C8VPR4QV49P323XYH
6C8VSEWJME5B323XYH
6C8VUZ2SFS8N323XYH
6C8VVPPXWSET323XYH
6C9ECDYDQN2V323XYP
6C9VNP4FKDLB323XYH
6CA38S32G49V323XYP
6CC6EXGW7Y2V323XYP
6CCEUALTVC4V323XYP
6CCUU6Z9FB6V323XYP
6CE8ZYY9S86V323XYP
6CFL93WQXQ7V323XYP
6CFMNGP8862V323XYP
6CG55E54262V323XYP
6CGLKM7XKR9V323XYP
6CHAA4QHMG8V323XYP
6CHELR8V2H7V323XYP
6CKDH9Z8392V323XYP
6CLJNQMGEX2V323XYP
6CLZYVMPZX6V323XYP
6CM8WBASUB6V323XYP
6CMZQMZWLM2V323XYP
6CN8RD6K3Y6V323XYP
6CNBKP58233V323XYP
6CNCKJ4GNB2V323XYP
6CQ46WSHPT4V323XYP
6CQHWW7EKW9V323XYP
6CSF6W4AN38V323XYP
6CSJ897FZH8V323XYP
6CTT9UL9S27V323XYP
6CUSDGYCAU2V323XYP
6CVJVPZDTS6V323XYP
6CW3JUMZFQ4V323XYP
6CW5KHAU786V323XYP
6CWYXD29UA5V323XYP
6CX9G6U8RV4V323XYP
6CYRED37444V323XYP
6CZH8JZJDN4V323XYP
6CZUUY9AFD6V323XYP
6CZZR74PLD8V323XYP
6H48SYMD2V7C323XYK
6R6FAZMP4C2V323XYR
6RJLAX7H6C2V323XYR
6SPVAT5R4V6C323XYK
6T28VBBR7V8C323XYK
6UGGXGSY8V4C323XYK
6V2CDN6LLF8H323XYB
6V2CF4YLL2EF323XYB
6V2CLK3BCRSM323XYB
6V2CPQ5KQW8T323XYB
6V2CRP6VEW44323XYB
6V2CVKK6VTAB323XYB
6V3C2NWR8PHK323XYB
6V3C6ZK8LLAA323XYB
6V3CGKJTAEJ5323XYB
6V4A4ZYJWW4C323XYD
6V4C239EYNHT323XYB
6V4CFZXGQ6SX323XYB
6V4CV45DQUWD323XYB
6V4CVDHXVC8M323XYB
6V4CW5ZK8K3G323XYB
6V4CXTMKS7HD323XYB
6V5C35AYT28K323XYB
6V5CRKHK4SFW323XYB
6V5P7UWCDD7C323XYD
6V5WLH4HB44C323XYD
6V6C79KWPEXF323XYB
6V6C84VB7WBZ323XYB
6V6C8E49LSXB323XYB
6V6CESPSVWTV323XYB
6V6CEW587U9E323XYB
6V6CF96KG6P7323XYB
6V6CL9ZDAU5T323XYB
6V6CPA62QBV9323XYB
6V6CPNNVBUMP323XYB
6V6CVYF56P25323XYB
6V6CW8X9M5PL323XYB
6V6CX6H5EZ9R323XYB
6V6CYET9U9TQ323XYB
6V7CSMHDR88U323XYB
6V7CSTFYYUAW323XYB
6V7CVEGULUQ5323XYB
6V7CXCBTS8TQ323XYB
6V7NZ8JRSZ6C323XYD
6V8C65YU8VYB323XYB
6V8C6LB8HJUU323XYB
6V8C982DP4CW323XYB
6V8C9MVPKTF4323XYB
6V8CA6NBPY4K323XYB
6V8CF4DB6DNC323XYB
6V8CNHDMSAZA323XYB
6V8CNT9NBZEM323XYB
6V8CQTXG257R323XYB
6V8CS4FZLS5A323XYB
6V8CVRUP7P6P323XYB
6V8CXV5XFHM7323XYB
6V8FBPBZ692C323XYD
6V8QW4VFKJ4C323XYD
6V93X9CY5W4C323XYD
6V9C4KS2JBJU323XYB
6V9CF3LV73V2323XYB
6V9CHFY7ZAJK323XYB
6V9VWZ9NB42C323XYD
6VA3F666C65C323XYD
6VAAFBFKKC4C323XYD
6VBVSSFLWJ6C323XYD
6VD7FMLJ4F8C323XYD
6VGDF6NHB88C323XYD
6VKADD5H9G4C323XYD
6VL9GPNQT59C323XYD
6VMH9RP7FH6C323XYD
6VN35T9HHX8C323XYD
6VN6RF2D5V8C323XYD
6VQ59Q7UUT4C323XYD
6VR43LZBJY4C323XYD
6VS3XSY75J4C323XYD
6VSFBGX4PW3C323XYD
6VSJYDM47S3C323XYD
6VTT7V8HEJ9C323XYD
6VTWYVFUYX2C323XYD
6VU3B2UN3H4C323XYD
6VUG454K6U2C323XYD
6VUQJ75P9M6C323XYD
6VWQAQW5MN4C323XYD
6VWR33H8FL6C323XYD
6VZCXJMRWQ7C323XYD
6X6E8K9M8C8V323XYR
6ZU2WHFP3C2V323XYR
7C2V9FKH9VCH323XYH
7C2VYSXF5QGK323XYH
7C2VZDBEVN8X323XYH
7C3VPRATLRG6323XYH
7C4V5CAYS9CX323XYH
7C4V86SEC994323XYH
7C4VDXS3YGN2323XYH
7C4VJ8CHWC9Y323XYH
7C4VY9D3RTKN323XYH
7C4VZPLR8EN7323XYH
7C5V5VVX3JN6323XYH
7C5VGMY6Z9EF323XYH
7C6VNACHZZVV323XYH
7C6VWV6CYVE5323XYH
7C7VPDRTUMHA323XYH
7C7VPQMY7U4R323XYH
7C7VPXD52X4A323XYH
7C7VSLF6RY2G323XYH
7C8NN98TEF6V323XYP
7C8V6GHAR22U323XYH
7C8VPWPTUP7Q323XYH
7C9VQERCHPVH323XYH
7CBB24BFMN8V323XYP
7CGAKGA27X8V323XYP
7CHHWKQN842V323XYP
7CJB5964EP5V323XYP
7CLM85N82C4V323XYR
7CN77L8PME6V323XYP
7CQ69BKWD52V323XYP
7CSPTL4XHW6V323XYP
7CW7TP5SMQ8V323XYP
7CWHDF2H3C2V323XYP
7G8APNXS6C2V323XYR
7RTBMNXC2C9V323XYR
7S7BAWZ99V8C323XYK
7U55HBLY7V4C323XYK
7V2CH4PALEP6323XYB
7V2CQKGJ2DBB323XYB
7V38QHN2SM7C323XYD
7V38WB2CV72C323XYD
7V3EFKHCQT4C323XYD
7V4CGQE29L6J323XYB
7V4EYNMWWC6C323XYD
7V5C58ZGAMBB323XYB
7V6CL62XCT7D323XYB
7V7YJ9A9X23C323XYD
7V8C98BE95CB323XYB
7V8CXMRUFZ4N323XYB
7V8UG8E53X5C323XYD
7VAG9YT6YF2C323XYD
7VBJQCZ26W4C323XYD
7VBR66T2ZX4C323XYD
7VNARZDMHE4C323XYD
7VUP59TMD25C323XYD
7VWC9ZQ7JF4C323XYD
7VXD3BG6FH2C323XYD
7XBGA4ZF5C4V323XYR
82BB6AVP6V9C323XYK
87SGJUEV8V5C323XYK
8C2V9QHSZFW8323XYH
8C2VJJ6WY7RE323XYH
8C2VXJD6MR2D323XYH
8C2VXPPCC68A323XYH
8C3V2W5HF7RA323XYH
8C3V34MVW985323XYH
8C3V84SGJRZ8323XYH
8C3VBMDU5T45323XYH
8C3VQL94KTX3323XYH
8C4KYH8UC24V323XYP
8C4V6BQ9E8JG323XYH
8C4V9WDDBDKT323XYH
8C4VATA7SF35323XYH
8C4VJSNDZJCC323XYH
8C4VKEH5A9BK323XYH
8C4VTZCQJNYP323XYH
8C4XPRDBS75V323XYP
8C557VYJZK3V323XYP
8C5LQFHNY48V323XYP
8C5VFNYHB3UG323XYH
8C5YA3YEM88V323XYP
8C638DWQ3G9V323XYP
8C648JP9ZY7V323XYP
8C6VFDP77TYP323XYH
8C6VH3BGCN2P323XYH
8C6VPUTWV9WA323XYH
8C6VVLZYQXC6323XYH
8C6VX4X3QP65323XYH
8C6VZXSG5YM7323XYH
8C72H8BXPQ8V323XYP
8C74CZ6F6C9V323XYR
8C7BUARCV97V323XYP
8C7V827GD5XG323XYH
8C7VK44FUL89323XYH
8C8V2UHHCLE5323XYH
8C8VBZDRL24K323XYH
8C8VGR7NE58L323XYH
8C8VMV7455J5323XYH
8C8VNAGHYVLK323XYH
8C8VNT2FWUQ4323XYH
8C8VUHJ8VSN4323XYH
8C8VZUFYBGFW323XYH
8C8W8DDE567V323XYP
8C94T9EMAU3V323XYP
8C9V46VH37MG323XYH
8CBJFGBPTR4V323XYP
8CCGWAR55Q4V323XYP
8CD9MQJ72S2V323XYP
8CEKQTSVAQ8V323XYP
8CEUMWHDS54V323XYP
8CEXKXTP743V323XYP
8CGSQ9PYPB6V323XYP
8CL2U7PLX24V323XYP
8CL8M4YDTU4V323XYP
8CLNJJSZED6V323XYP
8CLSYR3GQK4V323XYP
8CPY3LKJ6B6V323XYP
8CQXQXNRD58V323XYP
8CSWESRHCB8V323XYP
8CSXHCCL484V323XYP
8CTBCJBXRR4V323XYP
8CTCDNZH5B8V323XYP
8CTEK6L4BL5V323XYP
8CUWM8FRET2V323XYP
8CV68L9XR38V323XYP
8CVN5QMCZ43V323XYP
8CVU5TS5VC3V323XYP
8CW7MBF6JB6V323XYP
8CWKHRES5E5V323XYP
8CXJJNXUA32V323XYP
8CZFNKHBCB2V323XYP
8CZJHXL6762V323XYP
8KKQPUFK6V6C323XYK
8RUK2HAS6V6C323XYK
8RZHL2SQ8C4V323XYR
8TVCVB3M4V3C323XYK
8V2C6BN2DYFD323XYB
8V2C9DF8F8BW323XYB
8V2CADT8G8DM323XYB
8V2CGQXFL4J7323XYB
8V2CKFHFYAC8323XYB
8V2CNTM8Z5RF323XYB
8V3CJAXHHRJJ323XYB
8V3CRDH8D7M7323XYB
8V3CY32NDT2H323XYB
8V49PBVS4M6C323XYD
8V4C5A92UJM9323XYB
8V4C6SV6PN27323XYB
8V4CDZYVCUHF323XYB
8V4CRJK758GA323XYB
8V4CVV5ZVAZ6323XYB
8V4GGXJ52U8C323XYD
8V4TZ9HNF62C323XYD
8V5C2XM2K5U3323XYB
8V5C5RXLT5ND323XYB
8V6CDT8KNFFH323XYB
8V6CH3DLGPVT323XYB
8V6CMF3YTT2G323XYB
8V6CPTC3L8A5323XYB
8V6CRH9XSBTG323XYB
8V6CXBN4DVJJ323XYB
8V7AMSRYQA9C323XYD
8V7C42WZXSAH323XYB
8V7CDHZ9K7MX323XYB
8V7CKUUZLMZV323XYB
8V7CMC8T6G5J323XYB
8V7CPMHG5YQM323XYB
8V7JMZSTTR3C323XYD
8V7YH2N3RJ8C323XYD
8V83YREDNP3C323XYD
8V8C8D398F6X323XYB
8V8CAXNWXJ4T323XYB
8V8CCX9XYH4T323XYB
8V8CDAV97U44323XYB
8V8CJ93CLPGY323XYB
8V8CJWZ25NLW323XYB
8V93CEFTRK2C323XYD
8V9CM6GUVA57323XYB
8V9CUVVFWR82323XYB
8VCZHVFCL85C323XYD
8VDHHEQ3CN4C323XYD
8VDNVKPTRG2C323XYD
8VEDB4WCCS5C323XYD
8VEDE84LZB8C323XYD
8VEG2XABYG8C323XYD
8VEW58LZ5H9C323XYD
8VGDEZ43ZN5C323XYD
8VHRPXVTHP8C323XYD
8VJ4VMLRZJ4C323XYD
8VJN2UUQ9L5C323XYD
8VJY99RPCF6C323XYD
8VK349ANA28C323XYD
8VK537W6GX4C323XYD
8VKW55J38K6C323XYD
8VMNP3BGA96C323XYD
8VNDKGCCAY4C323XYD
8VNE5K4ATJ8C323XYD
8VNQGSFLQL2C323XYD
8VQ8Y5SZR47C323XYD
8VQE7M57G82C323XYD
8VQS7SV2NV4C323XYD
8VREBY86LR6C323XYD
8VS2NCT7AF6C323XYD
8VS55WDVX56C323XYD
8VS6ZALMD45C323XYD
8VTSV2LF768C323XYD
8VV4N96K5S8C323XYD
8VV6FVK79G8C323XYD
8VVM7KTJPY8C323XYD
8VVUXYKBB55C323XYD
8VWCMB3P782C323XYD
8VWQ278ZQA2C323XYD
8VXPLR8HLF4C323XYD
8VXS987EUQ6C323XYD
8VZLKJZS5Q4C323XYD
8XG5J3XN5V4C323XYK
8ZCHDJAR8V7C323XYK
95BCQH8M4V8C323XYK
974KJJHJ8C2V323XYR
98S5T7HT8V8C323XYK
98T5J6Y59V4C323XYK
9AAJEGYU2C8V323XYR
9C2V29LR2FL4323XYH
9C3JECXTR58V323XYP
9C4V78EJYAW3323XYH
9C4VEF4QAEKE323XYH
9C5V3HM7KN8Z323XYH
9C6G7Y43E84V323XYP
9C6VRLEX7ZFH323XYH
9C7YMW6HSH4V323XYP
9C8VPMD7LZR3323XYH
9C8VQ9C59YUK323XYH
9C8VXSQ8CHHR323XYH
9C9V3EZTMKQK323XYH
9C9VFSY76AT2323XYH
9CA8557JFC7V323XYP
9CE7A893UB3V323XYP
9CJYCAB9BL6V323XYP
9CLMN79WDQ5V323XYP
9CQJ8YQJVP3V323XYP
9CTU42EXR96V323XYP
9CYX37FEEJ5V323XYP
9EMVSEYE5V6C323XYK
9FKL9HLN9C8V323XYR
9HER6Y8R6V9C323XYK
9QP5WEG68V2C323XYK
9V3C7ZEVNXE9323XYB
9V3GURQYS38C323XYD
9V4C7B2CXHVF323XYB
9V4CWWCMR7UB323XYB
9V5CLCLUCDCZ323XYB
9V5CQJKZVM3P323XYB
9V6CR78PQ2GS323XYB
9V6X76G2T56C323XYD
9V8CQ8JE439M323XYB
9V8VQX5QKN6C323XYD
9VAYAKU4VA3C323XYD
9VBY2229JN8C323XYD
9VE27DWFK98C323XYD
9VHNF5EC752C323XYD
9VHVNCEHGS2C323XYD
9VHYCCGA3G2C323XYD
9VJMG6ZKXU2C323XYD
9VMM5LHE2F2C323XYD
9VNSDJD24F6C323XYD
9VPJDH748P2C323XYD
9VQBVFN8NH4C323XYD
9VR78JMZ7J2C323XYD
9VRYNLVAPU2C323XYD
9VS736S9DW6C323XYD
9VT387GL4X2C323XYD
9VXUW3WT8M4C323XYD
9VZ6BY6TY28C323XYD
9WACDWU42V4C323XYK
9YC9YQM24V8C323XYK
9YF49E6H8C9V323XYR
A2WTS4U49C8V323XYR
A3GC2CAB4V4C323XYK
A7Q3QLEH4C3V323XYR
ACVSGDFZ4V5C323XYK
ALY4V8PX2C2V323XYR
AMQPLTWF2V7C323XYK
AP8WW2W58V4C323XYK
APTRXTW73V2C323XYK
ASA3S6PQ7V6C323XYK
AYE2EZH48V5C323XYK
AZD9CAQK6C2V323XYR
B2FPHZUV6V2C323XYK
B4DEFB3Q5C9V323XYR
B7Y23YEV8V7C323XYK
B84Z3JVC2C2V323XYR
B97236R54V2C323XYK
BBGLM45N2V2C323XYK
BDZ9TQ2Y8V6C323XYK
BJ5P7HHH2V4C323XYK
BJSPWQYP8C5V323XYR
BL5U2YB68C2V323XYR
BLY2TYSU4V3C323XYK
BMPRWJYC9C6V323XYR
BN6WR6D44V7C323XYK
BNANWHWM6V3C323XYK
BNJDSP5K4C4V323XYR
BNZMNC564C6V323XYR
BQPUW3JU2V2C323XYK
BR3QNNY94V3C323XYK
BS2ASB9T2C6V323XYR
BY9VYLSX6C4V323XYR
C4EUFFA78C9V323XYR
C4FA5FFZ2C8V323XYR
C5UU9WKY8C4V323XYR
CAQ5ALDC2V2C323XYK
CD3FQU3N8V5C323XYK
CJEE236M2C8V323XYR
CQEGYZRK6C4V323XYR
CS3S3N4H2C9V323XYR
CXCHUZQL2V6C323XYK
D7XCPRXV6V2C323XYK
D8DR8S9Y4V8C323XYK
DCZ84CT76V4C323XYK
DDURBVNU2V6C323XYK
DHG346L56C2V323XYR
DHTVR4GZ2C9V323XYR
DK3M9X533C4V323XYR
DKZ35FQK2V6C323XYK
DMB5W4SQ4V2C323XYK
DR47XXGB4C8V323XYR
DRU5B5ZP6V9C323XYK
DYGC3XMD8V3C323XYK
E2NRMG4Q4C2V323XYR
E3HLPAHF9C4V323XYR
E675Q34M8V6C323XYK
E6EZNZYU5C3V323XYR
E7Q7UWK72V4C323XYK
E7W8349V4V5C323XYK
E9LK455G8C8V323XYR
E9Q6ZGE84C6V323XYR
EBWCGWGV2C2V323XYR
EE4QSAMQ4C4V323XYR
EEVX6X2B8C9V323XYR
EFFAH4H94V8C323XYK
EGNSHLGY4C8V323XYR
EK6YJTYD4C8V323XYR
EKQ9ZGD99C6V323XYR
EU7Q2W2X3V5C323XYK
EZFXRCTG2V7C323XYK
F3FBZ7C56C2V323XYR
F4SDBUDL8C6V323XYR
F5CT8Y5F6V4C323XYK
F5JJMBDH2V2C323XYK
F5VK4EEN8V7C323XYK
F63M2JBX2V3C323XYK
F6GCKBP28V9C323XYK
F74FJR3T2C4V323XYR
F96MCESL9C9V323XYR
FASQ8KPU6C8V323XYR
FCC9G42R2C4V323XYR
FETAVXPD6C4V323XYR
FEVZ3TKM6C3V323XYR
FF62BD7F3C6V323XYR
FLACVM3C8C6V323XYR
FMEHVSBV6V2C323XYK
FN3GZDSV3V8C323XYK
FTT9PF5F6V3C323XYK
FUP9RU2J8V8C323XYK
FV4PAMEE6V8C323XYK
FWRCCLSU4V2C323XYK
FZ88Y9TB9V9C323XYK
G2JEYD2S7V2C323XYK
G6LVTNWZ8C6V323XYR
G84FHDDZ9C2V323XYR
GEM4EW6X3C2V323XYR
GHCTLUC22C9V323XYR
GJ5MMPM58V6C323XYK
GL7ZVCAA5C4V323XYR
GL8XLLJC2V8C323XYK
GQ46K2LQ8V2C323XYK
GR3UC9PA8C8V323XYR
GTM3LDLC4V2C323XYK
GUPJXMJG7V2C323XYK
GUQ9DWDL6V2C323XYK
GUSVEEVE8V8C323XYK
GWY5TAWH2C2V323XYR
GZ7R8XMU2V3C323XYK
H2LGQZR73C7V323XYR
H55K46MF8C4V323XYR
H69L6BXM4V6C323XYK
HAQC5H7C4C6V323XYR
HB7MES7T9C8V323XYR
HB83XGUA7C5V323XYR
HCETA5562V7C323XYK
HDWL56V97C2V323XYR
HEN385N83C4V323XYR
HHBWZNWA9C6V323XYR
HMUJ3C398C2V323XYR
HNDSUNQ56C4V323XYR
HNRN9YV63V7C323XYK
HTKNBHQE4C2V323XYR
HU8NXDTP8C4V323XYR
HUTVW9Z22V8C323XYK
HVVT5LFN2V2C323XYK
HYNRDW6B8C4V323XYR
J5FEZMSP7V2C323XYK
J6JZ75286V4C323XYK
J8ELZJQR6V9C323XYK
JM47YUXE6C4V323XYR
JNQPCCFS2C5V323XYR
JQCM52GE8C6V323XYR
JU9URVJU2V8C323XYK
K5XHED622V6C323XYK
K9DJNVMN2C6V323XYR
K9UTHN8C8C2V323XYR
KA6X26NX6V7C323XYK
KGPRW4J24C6V323XYR
KK3QVXP84V8C323XYK
KNHRKT2V8C5V323XYR
KSL2FUJV4C4V323XYR
KU9ZM2FZ7V2C323XYK
KX97DD2Y2C9V323XYR
KYYKP2HZ6C6V323XYR
L29BUJCY8V5C323XYK
L2VW34D36C6V323XYR
LFV56BMH4C4V323XYR
LJGH7YF74V8C323XYK
LKTMDCNY4V8C323XYK
LKX4MSGK4C6V323XYR
LL6HGKY75C8V323XYR
LLU9TNXA9V2C323XYK
LWK6JDL72V5C323XYK
M2DMC3GA6V6C323XYK
M58QSLC86V5C323XYK
M6HC4V9E4V6C323XYK
M84LEUYL6C2V323XYR
M94B8X5H2V2C323XYK
MDQVL37Z5V8C323XYK
MH33Q9Q82V7C323XYK
MLKAB9FU8V6C323XYK
MLXVX7FQ4V8C323XYK
MMCGX4S99V2C323XYK
MP5MBMYQ6C6V323XYR
MQLSUCUK5C7V323XYR
MRY9GVG38V2C323XYK
MSMD7S642V4C323XYK
MSUYAT7A6V4C323XYK
MT9LV4ZA9C9V323XYR
MTA49WCS4V2C323XYK
MUACB8S82V9C323XYK
MXBW2D836V6C323XYK
MXSNR7E22V7C323XYK
MYW8JUK32C6V323XYR
N4G3ANGM8C8V323XYR
N9AB6VWF4V4C323XYK
NABV7W9L4V4C323XYK
NB6P4J4Y4V5C323XYK
NFJ73LRZ6V4C323XYK
NGW3CF4V6V5C323XYK
NJYCXH5U9V2C323XYK
NNB3WU684V4C323XYK
NPPJF2RL8C4V323XYR
NXPD83VW6C2V323XYR
NZWNJGMV6V8C323XYK
P4KPUJG46V7C323XYK
P5MKQVAA4V6C323XYK
P9NUAV9J6V6C323XYK
PB3SYVLA8C2V323XYR
PD8S5WK94C2V323XYR
PDTYNVA56V2C323XYK
PDWQSR4X4V7C323XYK
PFYHM3TM5V4C323XYK
PKTKKMHF8V8C323XYK
PMEQ5ZST4C6V323XYR
PTWPMJKN2V8C323XYK
PVSFSJQZ6C2V323XYR
Q2DY3K2X8C6V323XYR
QSJN9HEE6V9C323XYK
QXN7CKTQ5C6V323XYR
R2DQKDX84C6V323XYR
R4NQ79BJ3V8C323XYK
R6H2UET64C2V323XYR
R99938S38C3V323XYR
RAWTJ4VE8C3V323XYR
RD39YKQZ2V6C323XYK
RDVXLHEQ7V6C323XYK
RHKK7FFL5C6V323XYR
RLSQHHEV5C3V323XYR
RQR8U7JH8C4V323XYR
RUTWJEYP8C6V323XYR
RZTW893C2C4V323XYR
S2M5BPXY2C8V323XYR
S2TZ4AZ34V4C323XYK
S3XNLTGV6C6V323XYR
S6EHGSC73V2C323XYK
S7NFSR7V4C4V323XYR
S7X3HW969V2C323XYK
SB7S7ZCH4V3C323XYK
SBVPHMCG5C6V323XYR
SDSEVXC42V8C323XYK
SH2KMEFJ8C8V323XYR
SHM5R8P76C3V323XYR
SKRRQGKS3C4V323XYR
SP5TS89U6C2V323XYR
SQPZTWRX5C6V323XYR
SSDZ94JQ6C8V323XYR
SSGXRTTH4C9V323XYR
SSTLK4222C9V323XYR
STGSQGAN3V2C323XYK
STU4443L6V9C323XYK
SVAXNTCT9V6C323XYK
SXRCD93V8C9V323XYR
SYFE9Y4H2V5C323XYK
T3RMBF6L3V8C323XYK
TBDSF8AG7C6V323XYR
TD7RWEUB2C2V323XYR
TF9Q2WD68V6C323XYK
TFWM5AUE5V8C323XYK
TLEYES288V9C323XYK
TMSC5DB54C2V323XYR
TQSADVSY4C3V323XYR
TR443WGR8V4C323XYK
TSS396S64V7C323XYK
TZDTAVMJ2V6C323XYK
U5K6REGR8V4C323XYK
U92GH7SE7V3C323XYK
UAXSZSSB8V2C323XYK
UCBN76KU9C4V323XYR
UCDX6C564V5C323XYK
UGXJS5RJ4V6C323XYK
UL7TGPA92V4C323XYK
UNLU9FD64V8C323XYK
UNQPDDMQ8V5C323XYK
UQ3X6ZCH6C9V323XYR
UXCQ87QT8C2V323XYR
V4FQU35K6C6V323XYR
V5QTJ5D56C6V323XYR
V8RTK8B56C8V323XYR
VAXW6AVD8V8C323XYK
VBRM4TD76V6C323XYK
VBSAKKR79V4C323XYK
VDY5DL2C7V2C323XYK
VJKLWE688C7V323XYR
VNNFRLZU9C2V323XYR
VNX947Y26V2C323XYK
VWKNW44F6C6V323XYR
VXEG6B6N6C8V323XYR
VXV7SV2M9V2C323XYK
WD5KTGPU2V8C323XYK
WEP8QLE72C6V323XYR
WF3CS3MN7V6C323XYK
WJVQJSB72V8C323XYK
WL5HRTL84V2C323XYK
WL82EHFE7V4C323XYK
WLDFY4VY6V2C323XYK
WLKWREVL8V7C323XYK
WLS8MYHY9V2C323XYK
WRRT7MLW2C4V323XYR
WTYFZLXJ8V2C323XYK
WVFXR76N4V3C323XYK
WVKZCGNW2C2V323XYR
WXVRVZN94V2C323XYK
WYL999VD5V8C323XYK
WZKUUFSX5C4V323XYR
X29JX77F2C8V323XYR
X3NJ8CE34C9V323XYR
X3VR8XF56C8V323XYR
X62K3DYP8V4C323XYK
XBFGTDKU6C2V323XYR
XFRDYEYY6C6V323XYR
XJF6VJDF2C8V323XYR
XLUB5Y9D7C8V323XYR
XMXWUEEX4V5C323XYK
XSB33C7C4C5V323XYR
XTBZPGKG4C4V323XYR
XTCPWHDY6C4V323XYR
XTXP3HHL3V2C323XYK
XUXVMGT74C4V323XYR
Y3JMUY7R6C6V323XYR
Y5HF2UWJ4C9V323XYR
YA4UKKD76C2V323XYR
YCSWCUCZ2C7V323XYR
YEJ7N9EX2V5C323XYK
YGTHJWLD4C4V323XYR
YQ8UL49Z8V7C323XYK
YVD79Q2B6V8C323XYK
Z2XGYQX94V9C323XYK
Z34EAV2Q8C2V323XYR
Z4UEKZGV6V4C323XYK
Z9QTEPXU2V3C323XYK
ZEZGQ7L24C3V323XYR
ZJGSJMLU8V8C323XYK
ZLZPS64R9V6C323XYK
ZMJRN2SN4C4V323XYR
ZMSWNAWD4C2V323XYR
ZQ5MTTDQ2V2C323XYK
ZQD8BXAW9C6V323XYR
4CJ6Axm[removed]lAV8V323XYP
