YHY5U4WX323XY3V2CT
NB6P4J4Y4V5C323XYK
6C323XY2VFZKVZP8JN
8VQS7SV2NV4C323XYD
YHY5U4WX323XY3V2CT
8V2C323XYFE7W2K8EA
TF3CVCW22V323XY7CM
5C323XY3VV6E754GJN
4C6KQPGVBU323XY8VV
323XY8V6CTFB6Y263J
9V323XY8CPUCGJF8WC
4V4TN5FUGK7C323XYD
H35CANFS323XY8C6VZ
2C323XY4VHPAF98X4N
6V5C323XY2G7DQYJZA
8VEG2XABYG8C323XYD
2V2C9AA2P2HV323XYB
2V323XY4C9QF37BDRC
8V9YW6AC69323XY2CF
2VELUTL4WC6C323XYD
4ZXYS3HH6C323XY2VX
7CRJ2URXPH323XY8VV
323XY6V8CHCPPYWNWJ
8VV6FVK79G8C323XYD
323XYT8PEURKA4V6CS
4VTVA5WB83323XY7CF
7C323XYK4V45Z3X8VU
323XY8C8V2957HQGYQ
3C6VDUBL7AS8323XYH
4C323XYAAGUE4YG9VU
2VNAURPVH43C323XYD
2VA2YH2YTS323XY5CF
323XYVM4VKRTP8V7CS
323XYPULRVNP96V9CS
SP5TS89U6C2V323XYR
4C6V323XYNR7URPL6G
2V4V66Z2SJ323XY9CF
DEZNCULP323XY7V8CT
323XY4C4VLEUAKSMVQ
323XY7VX7TNFYHK8CL
6C323XY7VJUXTK3LDN
2CTHQEQH2Q323XY6VV
323XY6VA79T9HMN8CL
6V8CXV5XFHM7323XYB
5Z4RZ52F6V4C323XYK
SXQNLW28323XY5V6CT
6C6VTJJTUNM9323XYH
2C2VTP75KRD2323XYH
2V323XY7SJB39MR8CE
3LJDK7XC323XY4C8VZ
5MJZ7SDH8V4C323XYK
CRWXSTYK4V323XY9CM
8V7CDHZ9K7MX323XYB
FV4PAMEE6V8C323XYK
323XY8V2C4KSE8GALJ
S8CQ34GN8V323XY3CM
2C323XYWVSFCN5J3VU
4V4C323XY5H4MH6ALA
6VFQ9JCNJA323XY4CF
9C323XYGXXZLHSU5VU
323XYDL6F7BKM2V8CS
8VDHHEQ3CN4C323XYD
F76Z3HBU323XY6C4VZ
6V5C323XYU7VRK5XHA
323XYTZRZYCYT2C6VY
CMSK8RGT323XY8V2CT
323XY4C2VEAJ8ZDPKQ
5V323XY8CSRRAZYQ8C
Y6YWTGUM4V323XY4CM
7C8NN98TEF6V323XYP
6C323XY6VNWHV79T5N
TYQDDXAW323XY2V8CT
323XY2VN3MMBAEJ8CL
DFLQUHPF6V323XY4CM
98T5J6Y59V4C323XYK
2V5C323XY5LHMDC8RA
JA3FM84P323XY2V4CT
4V6EVDDV9D9C323XYD
323XY7C6VS4HZQPELQ
STGSQGAN3V2C323XYK
6VSDUE9VQW323XY4CF
323XYD7WC2YPS2C2VY
6V323XY8CVLEGAPWWC
2CX57GJY97323XY6VV
323XY4VMXGF6BQB2CL
8C4V323XY4N76JPCAG
4V323XY5CP3JUPCLGC
323XY2V6H5A6GSB9CL
2V323XYTDHSYE4H6CE
S98KFGZF323XY6V6CT
323XYAJAFZ6VK8V2CS
323XY8V4CP5M5EA6PJ
323XY7VTVR8GKYG2CL
323XYZ4NR5XR78C8VY
6V4MURDKK2323XY2CF
323XY8C6VBV593Y3PQ
SNNLMH2Y323XY4V9CT
323XY2C4VQ8Y7TJJYQ
323XY9KDMJURS6V6CS
4V323XYK73CCK464CE
8CQXQXNRD58V323XYP
7CW7TP5SMQ8V323XYP
323XY87LDNPDM2C9VY
GZUL3WZS8C323XY6VX
6RQ3XKVW323XY4C3VZ
9C7YMW6HSH4V323XYP
323XY8C2VN96LZSEPQ
9CZPLBLV5L323XY4VV
8VZC7LY2U8323XY6CF
6V3C6ZK8LLAA323XYB
796HMCSY323XY7C4VZ
8C323XY8VQ7S56JCRN
7XBGA4ZF5C4V323XYR
ZBAUGM8E323XY6C9VZ
323XY8C8VH2R6WMP5Q
7V323XYYPXNMTGY4CE
6V323XYV2X7YC8S4CE
8JQ5WM9Q323XY2C2VZ
8V323XYB9MJMHWJ8CE
4V323XY3MMJ3F2C6CE
2V323XY6CWFLH6XZSC
323XY3C5S83CEYV2VW
8V323XY77H6K8YY8CE
4C2TR2NHVD323XY6VV
3CQ4AQA3YK6V323XYP
2C8V323XYW3DS8JZYG
323XY8CKXAWEVUP6VW
323XY9V6CDG2WBGQWJ
9V4C323XYEY68ZXKGA
323XY2CQHQ7QANE5VW
5V42CFZ6D7323XY2CF
4C323XYWGHW2P8E4VU
323XY6CNEZ223GK8VW
4V2CPG3RQR3N323XYB
323XYNU2NE7CX2C8VY
5C2VH6FKTH7D323XYH
VD68JMJJ323XY7V7CT
323XY7C6VRBSLB5WNQ
A26VAG3C3C323XY6VX
2C2CYVSSMM2V323XYP
7V6C323XYU3FF5FFUA
7V323XY8UAC8QDC6CE
B4DEFB3Q5C9V323XYR
323XYVUX2DJPQ9C2VY
5VV6TYQ836323XY3CF
323XYZYSLVMJG6C4VY
3C9V323XY3ASZU3S8G
RD39YKQZ2V6C323XYK
323XY6C6V4LJSAPWZQ
4CJXZCLH3Y6V323XYP
4VUUPGG6J3323XY3CF
8VDNVKPTRG2C323XYD
ZY3A65KA2V323XY3CM
2VNF4YBLTP323XY6CF
2R44GYZB4V323XY9CM
VYPHQHJ36V323XY2CM
323XY8VD7W493WD8CL
6VZCXJMRWQ7C323XYD
8C5YFMZM8Z323XY4VV
8VZ4WUGZQX323XY8CF
8V323XY6CE4MDHYV2C
3CG4JYXVXR6V323XYP
4V323XY4C26ZZPMSWC
4V8C323XYACDU7HCYA
6C58GF4BQ6323XY6VV
323XY4CP97D257V6VW
6V7CSMHDR88U323XYB
MUZJKEQ33V323XY5CM
7C323XY2VWPDSFTVZN
XU5QCGGD2V323XY2CM
4CQSNWFCPF4V323XYP
323XY7VK6VMDGQK4CL
MQLSUCUK5C7V323XYR
4C323XY2VF72T8A5KN
8V4C323XYN27PAS86A
4V8C95WWH7LJ323XYB
8C2VXPPCC68A323XYH
323XYCURLFSAM8C5VY
P5MKQVAA4V6C323XYK
6CTTQ5VN49323XY6VV
323XYVBHYU2SP4V4CS
UAG8P7PS8C323XY2VX
3C3VCRSAE5XH323XYH
FPLWHXJV8C323XY2VX
323XY7NE93UWV7C2VY
5C323XY4VTXTHFHNNN
9C323XY3VNM4Y4CRTN
6C5MCCARWD323XY2VV
PB3SYVLA8C2V323XYR
323XY2V8CQVPG6T8VJ
4VL8NNKYN8323XY4CF
2VVBDRALRW9C323XYD
CV29UHFB8C323XY2VX
4C2V323XYWG4E4DY3G
9C3V323XYKHZMNBYAG
4V323XYE7MTE2RN4CE
XNFVTZ83323XY8C9VZ
6V2CRP6VEW44323XYB
KA6X26NX6V7C323XYK
323XYMMPNG3AQ3V6CS
323XYZ6GFL9N59V3CS
4C6V323XY59XY8QDCG
5C7V323XY3GVKBJSNG
3C9V7TXR96B8323XYH
9C323XYBVYX4CW82VU
323XY2C5YCTYLNX4VW
323XY8C9VPC8U9HYBQ
5C7FV85HFL323XY8VV
323XY4V6C2P523UKQJ
P8T6H4UZ4V323XY4CM
2C3MEV7PSR323XY2VV
4C323XY3VMQJC8K5PN
8CB8V2MNXD323XY2VV
8VEDE84LZB8C323XYD
2C323XY7V9E8BJ2EDN
8V4C323XYQNU86A69A
8C323XY8VSU8W8PM4N
CBREWEY2323XY4C8VZ
6C323XY2VDM8MZD3TN
4V4CYKGJNS9S323XYB
6C323XY5MQC9PE48VU
8EFZMU9W8V323XY8CM
6V4C323XYJGDAA774A
RR3GRGGD8V323XY2CM
323XY8VU8VH626E7CL
4GXZ3T4T2C323XY9VX
5V4C8HVU7ZLE323XYB
UL7TGPA92V4C323XYK
4C323XYAQJTZC6V6VU
9QGNH6CG323XY9V6CT
6V4CXTMKS7HD323XYB
7CM26UHL9B323XY8VV
323XY8C2VSYZM764LQ
323XY2VRBPASU6B2CL
6C8V323XY3AKUQ4BBG
KJLSDAK7323XY8V2CT
EU7Q2W2X3V5C323XYK
6VWR33H8FL6C323XYD
6VN35T9HHX8C323XYD
4C323XY9VBVNSK2P5N
8V3CRDH8D7M7323XYB
4CHUU62UH4323XY5VV
323XY2S8YEMFA4C4VY
323XYQLFY9RRS6C2VY
KGPRW4J24C6V323XYR
8V2CNTM8Z5RF323XYB
9C4V323XYPKWCSHUVG
323XYXMNW5MEE8C4VY
6VR6ABE6GG323XY2CF
2C323XY4VRP3ZRHQSN
7V6CL62XCT7D323XYB
9V5C323XY4Q747XSDA
YC28BGLR9V323XY9CM
6C2V323XYWB2FR5JTG
6V323XYXXFZ2L4P2CE
9EMVSEYE5V6C323XYK
2VKLVNPNLD8C323XYD
JGAE275Z323XY9C5VZ
6C8V323XYVAMB6J3UG
6V323XY6C5HEE5THLC
4CFCXAATY7323XY4VV
4V2RGHAFDG323XY8CF
323XYUBW5H5H22C7VY
NV43NE7L4C323XY8VX
6V4C323XYMVQSAHFFA
323XY78TQWCM98C5VY
VRSW6J2R323XY6V6CT
6C6VPJV5ZLXT323XYH
2VQXCQGL5Y323XY2CF
6V8C65YU8VYB323XYB
H8KYYNU86V323XY4CM
4C6V323XY43ZJLE5PG
9XPQ62H29C323XY2VX
323XYMGTB8YLK6C7VY
323XY4C7R4HAW3U4VW
8V323XYXG8ZZS423CE
2CGKCS5X6Z323XY2VV
323XYUKJSECXL4V8CS
4V54J79LJ7323XY6CF
YGTHJWLD4C4V323XYR
2CNB86RQG35V323XYP
323XYDCPYFWQZ8V9CS
6CQ46WSHPT4V323XYP
YXFDW8AH6C323XY6VX
5C2V323XYL6S9E7QGG
6V2C323XY4CEJJSECA
2C323XYSU6HLWMU5VU
5C323XY5VZ8XVCPWWN
6C323XYMDATFXM52VU
8V83YREDNP3C323XYD
8C323XY9852ASHQ4VU
323XYQW629NE46C6VY
323XYFJQEQXYB2C7VY
9CX9LG8J86323XY7VV
323XY8V2C8ZUYS8T6J
3WZCEWU7323XY2V7CT
323XY8CBD8EJ94Y3VW
323XY2CEZMB5NV54VW
5V8C323XY78LTWDPZA
4C323XYVP8W6WBN6VU
323XY4TTNRKHG6V6CS
9V2C323XYS4W3FB3ZA
3C4VP9F4GPPH323XYH
6V323XYVPFH7C239CE
323XY4CLJVXPTRF8VW
2RXP84HR323XY5V2CT
4VKTM4JU8C3C323XYD
323XY5VQJVBPJ2A4CL
2C8S2N2WSU8V323XYP
6V323XY8R4ZJPSX4CE
323XY6C7VP9E6QX8KQ
XS3JLVKM323XY2C4VZ
6VBVSSFLWJ6C323XYD
2C7M8F42394V323XYP
2C323XY9ZJE8RN49VU
5C4VN4MG2FT3323XYH
323XY8V7C4T4XT3W8J
W7L9GPMZ8C323XY2VX
8C8V323XY2QAFA5ZTG
323XY7C59BFPKJJ6VW
323XY6VVLJ2KDES6CL
9C323XY4VG8Y8WVRLN
323XY2VTJAB754S2CL
323XY2CVY3AHHNX4VW
5C8VXTFNLHXX323XYH
3V323XYAHV2XZWM4CE
6V8CNHDMSAZA323XYB
9VHNF5EC752C323XYD
7C323XY2VZTUWAPFZN
323XY7C5YMUU5BQ2VW
GL7ZVCAA5C4V323XYR
DX2KPSQ25V323XY4CM
5C6N3455R47V323XYP
9UPRGXSY323XY8C5VZ
4V6CC2TMP8AK323XYB
323XY6CATP9TBYY5VW
2C2V42TXVHYT323XYH
323XY2C7VA6N76S6LQ
89A69ZMC2V323XY4CM
5NGAN6EV2C323XY5VX
8VVM7KTJPY8C323XYD
FN3GZDSV3V8C323XYK
323XYDMUH3J9Z2C4VY
T5X373GY323XY8C4VZ
4C323XY75AHU5KN3VU
323XYUH9CUZXF2V4CS
CE4HQGM52C323XY4VX
323XY2C2VK79A97V9Q
323XY2VJ7L9YSGU2CL
KKC7B2845V323XY3CM
5C323XYTGPR8TKL2VU
3C79Y6A6YX323XY2VV
9V448ZAZV4323XY7CF
2V7MWBV46Y323XY8CF
8C3RA4N5ZB323XY2VV
2C323XY8VN2Y5R3EJN
4C2V323XYGZ4C84TPG
6V323XY9CC9MGDFA5C
323XYMHHMZ6TD4C8VY
SH6G5MJR8V323XY8CM
7V6KVLUH8B323XY8CF
RRCQ5SGE323XY2C5VZ
8C323XYSE9FXE878VU
7FGLZT4N8V323XY8CM
4V2CJKGTH8WV323XYB
3L9FAQD26V323XY2CM
WL5HRTL84V2C323XYK
6V6CX6H5EZ9R323XYB
323XYJCAXMQNC8C2VY
7V323XY79M2HGCG4CE
NZ3L7V5F323XY8C4VZ
7C8VPWPTUP7Q323XYH
323XY5VJGSN5DN95CL
6VR43LZBJY4C323XYD
ZQZ5L3338V323XY6CM
YHY5U4WX323XY3V2CT
323XY5VVZLRSRG75CL
F96XC6433V323XY8CM
BR2ZA2NP8V323XY8CM
323XY5C8L6G9P8T4VW
6CFMNGP8862V323XYP
8V8CDAV97U44323XYB
8V4CVV5ZVAZ6323XYB
7C323XYGTRSGJMA6VU
BPP3UC534C323XY3VX
6C8V323XYLDY2A3LBG
5V4C323XYYLEMF8TBA
2C6V323XYJLCBUQVGG
2C9V323XY5CNCNFJNG
2C4V323XYP2PQQK42G
5V323XY4CC9N8GG92C
8VEL8AQXZL323XY4CF
BBD6JZNF8V323XY6CM
6CB9QJABWG323XY8VV
323XY8C2VFT69SGHHQ
8CCUCWQH3S323XY4VV
9C323XY7J44DS8U9VU
8C94T9EMAU3V323XYP
974KJJHJ8C2V323XYR
8VS55WDVX56C323XYD
C5UU9WKY8C4V323XYR
4C9V323XY5V64QQ2HG
323XY4V4CKDV5LRFSJ
E7MD3L5H4V323XY4CM
2V42TZ8DJK2C323XYD
6C323XY5V79225CNVN
8C8VMV7455J5323XYH
3C8V323XYK9QWLYWTG
4C5V323XYNM6GL4N2G
UH7XKGZF8V323XY4CM
8V323XYCAG5YFY96CE
2C323XY7VH8GXZWKHN
323XY9ZJA598B8V8CS
3CVKWMWGZC6V323XYP
WLDFY4VY6V2C323XYK
3C323XY8VQ3ETGXAAN
7C8V6GHAR22U323XYH
323XY9VSR9VMELQ2CL
323XY4CA8X3AVGR6VW
323XY2C8PKPWF2D9VW
323XYCAJ6QNYX6V6CS
7C2V323XYTGVMWLKTG
4C2V323XYW8CSCAEDG
4VEHLBQ35Q323XY2CF
3C323XY4VHXTYHSHFN
8VS2NCT7AF6C323XYD
8V323XYLUU2SQDR9CE
323XY8C9VP3LKNKZYQ
4C323XYATJTMSEM4VU
3MXTFQ3B323XY6C2VZ
NBNJNWHE4C323XY4VX
2V8CZF3JSDC9323XYB
87SGJUEV8V5C323XYK
9CNDVALJYJ323XY9VV
2CD72LRV5T7V323XYP
YGDH8K4V6C323XY6VX
YCVRQ9CY323XY8C4VZ
ZJHMVMLL323XY6V5CT
X3ZRHQM58V323XY4CM
2V323XY9NDYVDXE3CE
323XY4VS2JW877T2CL
2V4PBUBANW6C323XYD
5C323XYN98M3W2L9VU
A94CMMQX323XY4C2VZ
2V323XYJY8SKKAD7CE
3V6C323XYZDESQLAGA
5C4V7XY28FG7323XYH
6V4C323XYGCEFP4ZGA
323XY4VHYMJWUCK3CL
323XY2V5CXSLHPZ6CL
2C8V8WAP5EUT323XYH
4CMW9U5FCM323XY6VV
9V6CR78PQ2GS323XYB
2V323XYLDN636322CE
HY24WWD8323XY3C3VZ
2V6CVHCHU77A323XYB
3VP3LVSUSN323XY7CF
R7GBZJ376C323XY4VX
9T2NZF3L7C323XY6VX
8VNDKGCCAY4C323XYD
5V4C323XYNTWXLTTJA
HNQYBFQD4C323XY9VX
2CPKDV3FAM7V323XYP
7VXSUVUYQT323XY9CF
6V6CPA62QBV9323XYB
9C6G7Y43E84V323XYP
4YMDMS74323XY2C4VZ
6VA3F666C65C323XYD
8V3CY32NDT2H323XYB
323XY3V4C3CV6TS8RJ
323XY4C9V6ESLA229Q
44G8HZXT6C7V323XYR
4C3PR3FQDL323XY4VV
323XY8V4CZ235SZNLJ
PXZ7J3S5323XY2V2CT
V8BHN56E323XY2C4VZ
323XY2C2867CYKT8VW
323XYEWDUEN728V8CS
323XYSAFA79T86C8VY
4V7C323XYEH2249TQA
M2DMC3GA6V6C323XYK
6GJD7FRY2V323XY4CM
8C323XY8V9M2ZWL2ZN
2C2V323XYTP2M5AFEG
323XYPTE5BKX82C8VY
6CMZQMZWLM2V323XYP
4C5V323XYC3KTJHCSG
5VHPYPK5YS6C323XYD
323XY8C9V59YVZHEZQ
4V3VT8TPRG323XY4CF
4V6CXMCWWFZJ323XYB
8V323XY8CLUKMNNTDC
ZQ5MTTDQ2V2C323XYK
3CZSLKVU9Y3V323XYP
NPVEYJHQ323XY6V4CT
GSYXHPQQ6C323XY5VX
2C6V323XYMLBTHX2LG
2C323XY8VHRRXGLHMN
323XY9C6VM65Y762EQ
CUFUR3Z29C323XY8VX
VTQTEHJ2323XY8C9VZ
6VMGCJNNKL323XY2CF
4VMK7XKU8V9C323XYK
323XYJ7YLJERW5C7VY
5C4KHSEPP5323XY6VV
GJ5MMPM58V6C323XYK
BLT2388D6C323XY4VX
8AU9VGCR2V323XY9CM
323XY5C2VGU9736KNQ
323XY4V6CV5JJL6YRJ
4VMSBT9YC7323XY2CF
323XY4VNJS7E6DE2CL
5V3QBL96QF323XY3CF
4C8VEW6EQ4BF323XYH
8V323XY3CY95HUY3EC
2C8V323XYYX7R8RVQG
VWKNW44F6C6V323XYR
8C3VBMDU5T45323XYH
2V2UWKMARX4C323XYD
MBQ6GL7V323XY6C8VZ
323XY2V4C7NS4VMXGJ
3V7C323XYUJ427VA7A
3V2HV748726C323XYD
8V323XY9CTXQGABD4C
FZVFTYK38C323XY3VX
323XYYBAWCRGZ4C2VY
323XYJA8ATF8V2C8VY
6V323XY4CTDJ4J6UNC
9AYDVE325C323XY8VX
YVD79Q2B6V8C323XYK
3VBTTXVB2B323XY4CF
6V93X9CY5W4C323XYD
5WY7B3W25V9C323XYK
9V6C323XY3ZBHW8MEA
6V6C323XYERTNCVVLA
4C323XY4V7AVYSXG3N
UDEU95QG323XY5V5CT
6C323XY4VPEN6SXL2N
323XYZT8EVX978C6VY
8C4VKEH5A9BK323XYH
323XY2CUDMMN3BF3VW
7V323XY6CE2VPBTFJC
4CBQEQ5XM5323XY6VV
8C323XY8VY37WZBMYN
5VD5WTPSSA2C323XYD
6V7CSTFYYUAW323XYB
323XY2C6VCANWK22LQ
8V323XYK32XYSLM5CE
VK2L93D77C323XY2VX
7VYVSHRRSV323XY6CF
6VDKAYXB8T323XY4CF
2V323XY66BJBFPR8CE
323XY2C6RGQ8C8P4VW
2V323XY45P2SEE73CE
323XY8CLNPK5RG38VW
DSZGH2XZ6V323XY6CM
5C323XY9VDAR73TDJN
323XY9TT4Z2VU9V7CS
9VAYAKU4VA3C323XYD
323XYFLUZU3KS8V3CS
N4BRKNPQ323XY4V3CT
323XY6C4V67JAZXLZQ
6V6C323XYNY6GL6J2A
4C7V323XYC5U9F2UDG
6CQHWW7EKW9V323XYP
2V9PPU57GB323XY2CF
DCZ84CT76V4C323XYK
4C99UG885H323XY2VV
5V323XY5CZ6ZLY7FKC
323XY8C3VW297UHV4Q
7V2C323XYKMNDGU45A
3CMXC6WB5E323XY6VV
9VZ6BY6TY28C323XYD
5V323XY2CKZX4ZQ25C
4VFG9LZEYK8C323XYD
CTANQD35323XY4V3CT
N4G3ANGM8C8V323XYR
323XY4C484QVP3W8VW
323XY8C2VC3GZYS4AQ
8C323XY8V4KGUCPQ9N
6V6CF96KG6P7323XYB
2V2C323XYTB8XQQQVA
5C8VMMCWCAZW323XYH
MVG6A5FR6V323XY5CM
6C323XY6VBWWMT64KN
RHKK7FFL5C6V323XYR
4VQKYVVD7A5C323XYD
5CSRKV8PAW323XY8VV
X6DC2M45323XY4C2VZ
9MJY9EHS323XY6V4CT
WRNYBMJQ4V323XY8CM
6ZU2WHFP3C2V323XYR
323XY8V4CPEQPDMWPJ
4V4C323XY2PEAGW95A
XTCPWHDY6C4V323XYR
9V323XY7RUJEYJW4CE
LJ8RCQXS6C323XY4VX
4V323XYFKAXJXGN3CE
323XYQ5WP92XD2C8VY
323XY5V2S9YBE6E2CL
323XY4VTME7FU878CL
323XY4VLGWHBVZ82CL
323XY6CRNYYFKHK8VW
8V323XYB72ERK8Z6CE
4V323XY5C44JLH5MZC
4D8CPLGA323XY5V8CT
6V323XYQWFVWAPT8CE
7C323XY6VB4NLAA63N
6C2V323XY7UDR9HPVG
323XY5RZER2ZM8C7VY
3C323XY4VKFZWJGKRN
8QFPY2QS323XY8C9VZ
323XYLHDVETWJ8V7CS
96EU3LC37V323XY2CM
323XY4C4VWRGLLGZMQ
323XY9C3V4UCLRZ9UQ
6C323XYAFQ48PXM4VU
8VNE5K4ATJ8C323XYD
8CEP7FB2WG323XY4VV
323XY5CTP9QGPJQ5VW
ST7FS5QJ323XY2V6CT
323XY4C3VAJLK9NLXQ
Q9VSAVGS3V323XY8CM
2C8V323XYYZ2QHDELG
323XYFFPHLSM96V2CS
2C323XYUBP8KMDA2VU
3V6C323XY2EH87Y87A
4CCG9AW8GE7V323XYP
323XY8V5C7QUDBSXNJ
6CNCKJ4GNB2V323XYP
PTP2TUDH3C323XY2VX
X4ZJL5ZU323XY6C6VZ
323XY4C4VD4A766NFQ
2CDT6JZEZS6V323XYP
323XY9CZ4X3UCYQ6VW
4V6C62X4FDPJ323XYB
5V6C323XYVB2P4XBTA
323XY4V4JAFD8FJ2CL
Z6FNCDTF323XY2V9CT
GTM3LDLC4V2C323XYK
8V6C323XYS4K878KSA
8CMF2SAH29323XY2VV
9VHVNCEHGS2C323XYD
7CWHDF2H3C2V323XYP
323XY8C6VMGGCKBKMQ
6C323XY6VVP96ADPLN
HNRN9YV63V7C323XYK
3VVUXDZR5V4C323XYK
2C323XY2VZLMGX65WN
9C323XYWTNA6N7P3VU
RCHJ6EAL323XY2V9CT
4C9VQGQ8F2YL323XYH
2C6VZ8LWMEDS323XYH
X8PVYBDW8C323XY8VX
2C3V323XYU38QK2E5G
8V323XYF37SEFN44CE
8V2C9DF8F8BW323XYB
323XY3C2VL4SK86TJQ
323XY3VGV66K9426CL
323XY6CKJD3J4374VW
3V323XY9CTJ37936ZC
4C323XYUYTA4SER4VU
323XYEWKVDCYZ8V4CS
323XY4C8VCYYZCP9GQ
323XY2VQR4TKJ644CL
9C323XYP5SMQWHC4VU
323XY2VS8QCJ47C4CL
3V6C323XYVXVWL7X2A
323XYDJDZ8JXA2C4VY
323XY2VBV6NNZYM3CL
5VH32MGVL6323XY4CF
4V323XY7KDYJF8Y3CE
2V323XY86CJSXQW9CE
323XYS4SX5DNY6C4VY
9SKA36VH2V323XY6CM
4V4UHXKEKL2C323XYD
9C323XY9VT3JQHC5SN
8C323XYJQWYBWAE9VU
2V323XY2CNT5PCVYGC
6VD7FMLJ4F8C323XYD
323XYBQ3XFZSL2V8CS
4C3VYVF2T4FL323XYH
4V33JNYQN6323XY8CF
H55K46MF8C4V323XYR
323XY8H38ZVKW2C4VY
JDUMHWCK323XY8V4CT
8V4C5A92UJM9323XYB
3C4V323XY2CVE6B84G
6VS3XSY75J4C323XYD
323XY4C2VX9J3NJBJQ
323XY8V4CGQEFJQARJ
323XY6V2CUXWYUU43J
2V5UVHV6KQ4C323XYD
7C6VNACHZZVV323XYH
9C9V323XY3PLV8B49G
8V2CGQXFL4J7323XYB
323XYEHF25LWU4C2VY
F63M2JBX2V3C323XYK
2TC26ZM94V323XY8CM
2V9C323XYH4J5PXRMA
5C323XYSCQRL4KQ4VU
E9GKEU2S5C323XY4VX
323XY2CJVQ7ZBQP4VW
4C9EFPCCCR323XY5VV
2VYRM5ZX6H3C323XYD
323XY3VES3A8FKN3CL
323XY3V8CC46ARDXTJ
QWV4UPLB4V323XY3CM
7RTBMNXC2C9V323XYR
6C6V8SWYB3ZE323XYH
6C323XY8VJ4HW8R7MN
LT9Q4VTN8V323XY8CM
6C323XY4VQFPFGX58N
BDZ9TQ2Y8V6C323XYK
323XY9C8VSJY2U9QUQ
2CSQ92CUAB2V323XYP
323XY2V2CKDE4S78WJ
9C2V29LR2FL4323XYH
WZP7TJC54V323XY9CM
MSUYAT7A6V4C323XYK
5V8C323XYBU8JP2WQA
TZC6Q32Y5C323XY8VX
6C2V323XYTLT6N7MPG
7C2V323XY34CEQSFTG
6C323XY5VRFD3834AN
R3UX4SEV323XY8V2CT
3CMXH62KA52V323XYP
2C9CZKX3H75V323XYP
323XYR75KAWJ76V6CS
CCPH399C7V323XY6CM
2C587MVAZ3323XY8VV
323XY4V8CA95B5YRPJ
7C323XY3VNFGZZFCPN
X29JX77F2C8V323XYR
VUZRVV8J2C323XY2VX
S2M5BPXY2C8V323XYR
8C6V323XYY5GVRDQUG
8VMNP3BGA96C323XYD
323XY2CVS8FVFEJ2VW
ZZTMQ2VM323XY4V3CT
6C323XYPGW7CFGQ6VU
323XY4V6CXRZWL3KVJ
323XY2C8VF9GJ29DAQ
5V2C323XY7F9SJ779A
8C2V9QHSZFW8323XYH
57YXLE552C323XY4VX
4V323XY4ZW2PAX48CE
9C4VEF4QAEKE323XYH
2VSWMSRNJY323XY8CF
RQYX3LJM323XY4V2CT
2CSJSM2GTH5V323XYP
3CQWUG3NXV323XY8VV
6V6C84VB7WBZ323XYB
3VS7EN7R2Z8C323XYD
8TC7YV3N2C323XY2VX
5C323XY4VKKVUCKR9N
323XY8C8V8WZM2A5EQ
8V323XYEEQXJT9N7CE
323XY2V6CWSRRR8QNJ
323XY4V3C7MKYMRMZJ
4C323XY2RB7CWVB2VU
323XY7V636UCWH42CL
323XY8VGVFK5R4L4CL
8C6V323XYLSHM3AU9G
4C323XY8VL7UM4X3BN
5V323XYPNCGTMPZ3CE
R8LK4JZV323XY3C8VZ
323XY8C4VHH4T36QBQ
2VYTD6X5244C323XYD
6C323XY4VP3HTJ5GZN
5V6C233WDNRP323XYB
6C8VSEWJME5B323XYH
323XY6V5CZPMT943MJ
DZHT66PS323XY2V2CT
2C5TT7CA728V323XYP
ZEVUTC774C323XY6VX
QVYDCKJW323XY6C7VZ
323XYCB4DW95B8V3CS
323XY4XCVMUTC4V6CS
2C8V323XYVECAXVTPG
JM47YUXE6C4V323XYR
GHCTLUC22C9V323XYR
2V323XY3CNYU6K9FPC
8CA5ZXVZ5M323XY2VV
323XY2C6VVDUMVG9LQ
MSMD7S642V4C323XYK
YQ8UL49Z8V7C323XYK
323XY9C4VGT68JXYPQ
4VA3J5DZAG323XY5CF
QN2HQWY2323XY2C7VZ
4V6CDGM9FBBQ323XYB
323XY8CLWPCH6776VW
323XY433KJ6536C2VY
6C4V323XYALSAYTGGG
EAGB8LYD323XY5V7CT
6V4C323XYJJ6VL6JRA
U8M7ZK5J323XY3V8CT
7C5V5VVX3JN6323XYH
6V323XY8C3PSWBNWWC
5C2V323XY9EDGXPJPG
323XY6V4CQANABX28J
4C8V323XYHNJHQ6CSG
8V6CRH9XSBTG323XYB
323XY8C9VU4937S7GQ
8CFURTRYXK323XY5VV
9C9VFSY76AT2323XYH
323XYHQ3RDZBE4V2CS
323XY8V4CXE38NXCAJ
4C2V323XYJYTN4YUFG
DZ5WH2CC323XY4V6CT
323XY6CVBVV954S8VW
7C323XYHBN5LGDF4VU
8C323XY8VGEF3X6SAN
J5MQ7NV72V323XY4CM
HCKXFHKJ323XY6C3VZ
323XY2C4VM8PXY5CWQ
6CM8WBASUB6V323XYP
323XY7VWQJYE88S7CL
SQPZTWRX5C6V323XYR
8VYUAVB9QN323XY2CF
323XYAVRLWDFT9C6VY
7HKRQJSX4C323XY8VX
Q4HT5VYC9C323XY5VX
8CPY3LKJ6B6V323XYP
4NYXGRSN323XY8C3VZ
AZD9CAQK6C2V323XYR
323XY6CLY52GB7K7VW
7B3L4KU4323XY8C2VZ
5CMCZM7YY74V323XYP
7C323XY2VVQ27V65NN
323XYS9VP9KMP2V8CS
F8XBRLW4323XY2V6CT
323XY7C2VX9JKN9TQQ
8VZJ66SA6F323XY4CF
323XYXQK2NY4T7V2CS
9V8CQ8JE439M323XYB
6V8C323XYDU7XABGWA
HPSA33XD323XY4V6CT
4C323XY2VRDSNTVSKN
BNZMNC564C6V323XYR
B8662WGT323XY2C4VZ
323XY4C8VE2JTSFFYQ
2C323XY3VTKWHSDHQN
8V323XY8CLSFQN3ERC
NKAN4QXH323XY8C2VZ
323XYCCD35EZS4C8VY
5V323XY6C7DG4VBJWC
E5WQZ9558V323XY6CM
9V2C323XYRG6XVT5AA
323XY2V2CSGCBGWASJ
323XY4CZD8WBY5S8VW
8V323XY6CE56L8K2QC
323XY4ABWBT9G2V8CS
6C323XYZETDL64N2VU
7VXLSQS3CU323XY9CF
VREWURKX4V323XY7CM
9CSD6GF99A323XY7VV
9FKL9HLN9C8V323XYR
323XY2VNA9DRQVW9CL
4C323XYNTG6HPQV2VU
U26FJNY8323XY8V9CT
RMVBKCC5323XY8C7VZ
4C323XY2V5GXKBWC5N
2CEUJN977U323XY7VV
323XY8VZD6HG25P4CL
FVZBG5KF323XY2C8VZ
2V323XYQAKU9BZD4CE
6C323XY89YTNR282VU
2C7K7XAKRG2V323XYP
9VMM5LHE2F2C323XYD
GUCLSE3M4V323XY6CM
323XY6V4L39UBDQ6CL
323XYAART4BEN6C8VY
6V4CW5ZK8K3G323XYB
323XY6V6C6LGCGDFXJ
323XYH8V58YVL2V6CS
8C323XY5VCN3Y8QJFN
XGTVXD4R5C323XY9VX
4VXXKQZN6M323XY4CF
8CCGWAR55Q4V323XYP
9T3M89847C323XY4VX
C2JX2T42323XY5V2CT
4C323XY6VMSHW7TAKN
323XY6VMUTFDM8B9CL
8V9C323XYJMWAQC3FA
5V6C323XY63LKU7KBA
7CBB24BFMN8V323XYP
4V323XY2CRUM5XCNVC
323XY2CHJWUGXHL2VW
323XYMN3PQU8Z6V6CS
323XY7V8C3R8CAXB5J
ZNLPX39R4V323XY2CM
323XY8V8C5GLSXRP3J
323XY4V8CE3XYMQ86J
4V6CKTGWW2FR323XYB
BGU6Z7CV323XY5V6CT
TBDSF8AG7C6V323XYR
3CH449ZE376V323XYP
8PN2KBNR323XY8C4VZ
D9UR66QR9V323XY6CM
2V323XYBLRU69Q36CE
323XY4C88XZH5U44VW
323XY6V4CQ7DJRAPNJ
4V323XYAAXYRXFM6CE
4V6C323XYH6SMB5M3A
7V6C323XYXLZL6HNMA
5V9C323XYMAZU6YQTA
5C323XYTZ24FKPP5VU
V65SBSAA7V323XY4CM
5V4C323XYWKDHCWH6A
8C323XYRJDWB5QW3VU
3KY63LNK323XY4V6CT
HTKNBHQE4C2V323XYR
2C323XY2VKKF7QUVBN
KMX9SVKU8V323XY6CM
5V7CJARQ5CVY323XYB
2C4V3ENV2LKA323XYH
8VJY99RPCF6C323XYD
6V323XYATWWBPUU7CE
323XYVM5P5AX45C7VY
2C7VSBK9SU8W323XYH
3HYKUHWH4V6C323XYK
323XY2V8CR3VVDW9CJ
6V9C323XYPGPLX858A
323XY6V2CCAQRKJAPJ
5V9CACWK3XC7323XYB
8V323XYD8JKR2PN3CE
3C323XY4V6LN9LZZDN
4C323XYMWHLM3XY2VU
3V323XYSLYJ3DLM5CE
323XY8V6C4KPE5DQEJ
323XY8VMLLDBPM72CL
CXCHUZQL2V6C323XYK
323XY8V23XMCSXJ7CL
2CB54U983F323XY8VV
2V323XY7CLWVLPM2JC
NA34UQD85C323XY8VX
8V323XY4C4KRN4ZMQC
323XYBYJQV4RM6C6VY
4C8V323XYYF6P47RLG
8WE6JNET6C323XY2VX
24TNXM8H323XY8V5CT
323XY2CE8LYG9LH3VW
323XYZ57KEWMS5C2VY
6V8C9MVPKTF4323XYB
2CX7MWCGDZ323XY4VV
323XY6V4CAKKZZZXTJ
323XY8C93L27X5W2VW
8CG5AGLJF8323XY4VV
WD5KTGPU2V8C323XYK
323XY8C9VVY7P2NZDQ
6V4C323XY4JVF2BAQA
2C323XYJ7KLXUEQ9VU
8Z9S4PCJ323XY4V4CT
3C323XYSR69QCCL8VU
2C323XYNPFCALUP2VU
5V323XY62R9Z2KG2CE
2CUMX7WD935V323XYP
8VK537W6GX4C323XYD
323XY3VJ9H2R6HY2CL
VH6XVCBN7C323XY9VX
323XY6VDFBH9DWD3CL
L29BUJCY8V5C323XYK
2C6VA8TMW9WL323XYH
73WS6SHX6C323XY6VX
VXEG6B6N6C8V323XYR
8CB4QPT99W323XY5VV
7V5C323XYXYGYQNMGA
323XY6CWSA4Q4QQ5VW
6CEB56HB28323XY2VV
8C323XY6VMH2VE6V2N
323XYQUSXP8666C2VY
323XY7C6VEUTRE5L4Q
Y5HF2UWJ4C9V323XYR
323XY4CQKA827QW8VW
323XY3CQ6QARN8E2VW
VU6FFV9L323XY2V8CT
6V4A4ZYJWW4C323XYD
6CW5KHAU786V323XYP
323XY2C2YNZB8BM3VW
323XY2CJJ3P6NHA6VW
DN6DF4ZA323XY8C4VZ
6CR9LV33NN323XY4VV
4VQ7BY4TD54C323XYD
3C323XYP688VNE26VU
QMEDED6K8C323XY3VX
8C9V323XY3FKJV4WBG
2V8CWHADJLFU323XYB
Z4EBER8P4C323XY8VX
NPPJF2RL8C4V323XYR
X6A3HFU42C323XY9VX
2C6V323XYKY68YBZTG
A2WTS4U49C8V323XYR
323XY8VAQLLSX754CL
6V8CA6NBPY4K323XYB
323XY8V8CXM2Z75FBJ
8C7V827GD5XG323XYH
NU8QVGZ62V323XY4CM
6C84FPXUKE2V323XYP
8SJ9VXQ6323XY6V4CT
SBVPHMCG5C6V323XYR
6V4C323XYJD8TLVLUA
323XY6CVRYQTGEU2VW
4C4V323XY9CY863MBG
4VNAWFAWXM323XY2CF
323XY7SBLQQ4E4C8VY
3C8V323XYTXCM6VJ8G
8RUK2HAS6V6C323XYK
9C8EW3KFXE323XY8VV
6V6CPNNVBUMP323XYB
6C323XY6LEE32KW4VU
F5JJMBDH2V2C323XYK
8C7BUARCV97V323XYP
323XYUMWBN99L2V8CS
8C323XY6V5HHXDWGQN
4CJRUNCMKM323XY4VV
2C9V323XYE9K9VWJBG
3VT94BAWM38C323XYD
5V323XY2CD2Y3HBRAC
GMQLRNE2323XY7C3VZ
8C4VJSNDZJCC323XYH
6V2CDN6LLF8H323XYB
8C4VATA7SF35323XYH
7V2C323XYVFHKC6D6A
4C323XYPJM6235C2VU
LTN4XSJX323XY6V5CT
7V323XY6C34NM4ZCAC
8CL2U7PLX24V323XYP
6C4V323XYT3YYNT4DG
G6LVTNWZ8C6V323XYR
6C8V323XYCXNWTH5BG
FZ88Y9TB9V9C323XYK
323XYFS8NYZLQ6V6CS
4V3C323XYWWRMURA3A
YL8DRHLT323XY6V6CT
2C4V323XY83GYZB3RG
4C323XY6VGPXLC5F4N
6V8C323XYEK27LPJ3A
8V49PBVS4M6C323XYD
YA4UKKD76C2V323XYR
323XY5CAKB6D9WB8VW
PJRS4TER2V323XY4CM
8V6CH3DLGPVT323XYB
2C4WGCP7TQ323XY6VV
8VVUXYKBB55C323XYD
323XY4C2VHBJKVFWEQ
323XY6VW5X5A29R2CL
A4GC245K4V323XY4CM
6C4V6GJMP7M6323XYH
W6AR9JJ82V323XY2CM
6V323XYE3DPGJCV2CE
323XY5V3CR24M4RV8J
5CMDTQ7HK3323XY8VV
9C323XYV99URAZ38VU
323XY7V2JTWPPWB5CL
4VTWKNT7SL323XY2CF
323XYCSPSFWR24C5VY
6V8C323XYTCVJF2JNA
E9Q6ZGE84C6V323XYR
6V6C79KWPEXF323XYB
4VAM5Y7N6W2C323XYD
4CR6QX5STP2V323XYP
323XY6C2VBGTJW79GQ
4C2VZF6336V7323XYH
B84Z3JVC2C2V323XYR
4V2C323XY7P9PCPB8A
4M952JX88V8C323XYK
2C323XY7ZDDAJW82VU
2CE3NA9UYX323XY4VV
5CP963Z3NF6V323XYP
323XY524ZKVKZ2C8VY
323XY2CQ4QQXQZ45VW
323XY4V6CYFZF8YTUJ
7VBJQCZ26W4C323XYD
2V323XY6C94E852LLC
8CTEK6L4BL5V323XYP
6V323XY9C4SR5L3XLC
TMHAZYT54V323XY2CM
HU8NXDTP8C4V323XYR
323XYRY3LLPTM6V4CS
8CBJFGBPTR4V323XYP
6V2C323XYPLZF736BA
4CQV65DRYD5V323XYP
6CSJ897FZH8V323XYP
4CCEXDHFRE323XY8VV
5C6VJLX65YVD323XYH
323XY2CX846NYMG5VW
AYHUPLGZ323XY9C8VZ
8C323XY2VT3QZ4B2EN
2VVUFEGDPE323XY4CF
323XY6C2V44UNHZZXQ
323XY2VDJ58GCJQ4CL
323XY4C22MY4SL54VW
4CLXZPKR398V323XYP
XSB33C7C4C5V323XYR
323XY2VLGLFDM5Y8CL
323XY4VWSVSAC4F8CL
323XY4C4VC6PHA3TCQ
6C2E9Z7SNL4V323XYP
LL6HGKY75C8V323XYR
323XYMUNJMBU66V4CS
4V4CVG27MDBR323XYB
2V323XY6CF4ABMLTJC
D7XCPRXV6V2C323XYK
2C4V323XY4VVBJ4HTG
323XYE9DX9SYB8C4VY
3V8NYCGJT6323XY4CF
4C323XYTCVYXPD87VU
2V323XY4C8ZT9E964C
3V4C323XYZ8XWKGGHA
323XY4C4VTN7KMGHBQ
6V323XY7C9LJWUBL2C
2V977WSGQU323XY8CF
323XY6V2CCTFT66C6J
5C7VRKTC4FXK323XYH
2VXWHNB67P2C323XYD
323XY72R8J6654V4CS
9V323XY7CE364XBJKC
323XYPGDU9CEF4V2CS
2V323XY8CMZMQUQWEC
4VN9GT86BC2C323XYD
323XY4V7C8XRCVXLMJ
323XYW7VZRZ622V3CS
4C323XY2V9T33FK7WN
323XY8C6VQC2TJTU9Q
2CYLFQEWB44V323XYP
9C323XYFHHPQPH96VU
2V323XYE2UZY9LB6CE
3CKEDZRCLG323XY6VV
2CLZZBWYMG9V323XYP
323XY8V2CQR88S9QMJ
HUTVW9Z22V8C323XYK
8C323XY7DRD6QRF8VU
323XYKYCYCN2J4V9CS
F9GG586M6C323XY4VX
DSS6MM7T4C323XY4VX
7CJB5964EP5V323XYP
2V6C323XYZZNYFHFFA
8C323XY5YQ3VG5D6VU
9RLDLW5C2C323XY2VX
6C8V323XYLXNQESPYG
8V323XY6FC7D27Q8CE
LJGH7YF74V8C323XYK
5CDW95YW8N2V323XYP
3VPYB3YEZ74C323XYD
6SYE8QR86C323XY6VX
323XY7CW9BV7KZH4VW
4C323XY6V7R74EDS6N
6VNGPG6C8R323XY5CF
323XY6C9VT8GRM8BFQ
B2FPHZUV6V2C323XYK
323XY6V6C36AT2RUKJ
323XY2C7VEFK9BKYHQ
N25WWE2Q9C323XY4VX
8C323XY6VGYE2SPXFN
2C4V323XY2TMWPA3AG
6C2KBC9EM78V323XYP
323XYKZVCXCWF5V4CS
8V4C323XY3M84JA8MA
5C6V323XY7JPTBRKBG
FASQ8KPU6C8V323XYR
6C323XYQZ4DBHS62VU
323XY6CYDSQU2563VW
323XY5C4V7VFQWCZGQ
BBGLM45N2V2C323XYK
4GUC3YHA6C4V323XYR
5LFKHDB98V6C323XYK
323XY79CX7PP49V2CS
5VSURPXRUP3C323XYD
RD47E2RQ323XY5V2CT
M2ARP6KN323XY4V3CT
323XYTJT394432V7CS
2C323XYPYAJE59N7VU
323XYDMR7K8FM2C5VY
323XYUS8L8GT54C7VY
8VT5GF2JLT323XY4CF
8C4DAG85J8323XY6VV
2795PBYQ323XY6V3CT
323XY6V6CGK6DNQ3EJ
JB7XB3TW5V323XY8CM
323XY3V39G5DYXR4CL
Y2F5MEM99V323XY6CM
BVU3VQ9S3V323XY6CM
4CKNQUXYJD6V323XYP
F7KEHZPU323XY3C3VZ
5VDCUN2HM36C323XYD
323XYMR3KBA2R8C8VY
6CYRDWA6PL323XY5VV
8V323XYGM57F89K4CE
7CDS5R6WER323XY2VV
8V323XY8CEUDLEJ4YC
6C8VVPPXWSET323XYH
8V5C2XM2K5U3323XYB
4C3VDJ8ZSES7323XYH
2V2C323XYDAN8ZFNJA
5XL5278C323XY6V4CT
VNX947Y26V2C323XYK
8C6V323XY7ESPL9YNG
323XYG3XXCMT37C4VY
4CK7SS9JX8323XY2VV
8VY8TPWJNU323XY2CF
8V2CKFHFYAC8323XYB
323XY8CA5L929SH7VW
9C323XYSC6T5NJD8VU
9C6V323XYWTGQPCFRG
323XY8V3PC6PHYV2CL
XTBZPGKG4C4V323XYR
AWPXATRP6C323XY6VX
6V7C323XYH4FPC2J3A
3CD32EDNZ54V323XYP
323XY2V3CA7UJEWE6J
323XYLWLCSTXJ9C7VY
6V8CQTXG257R323XYB
323XYU2XZEQPB8C8VY
4V6C3SW9GDJQ323XYB
8C2VJJ6WY7RE323XYH
CD3FQU3N8V5C323XYK
5UPGSVRU2V323XY8CM
7PKMM56N323XY4C6VZ
2CFXDFPH5B2V323XYP
7CHHWKQN842V323XYP
KFW7EAEK323XY2V9CT
6C6V323XY6QKV7FCPG
323XYW2P7SGMT3V7CS
323XYVS2CTMBN8V7CS
323XY9C6VS7EY6UCAQ
PH4NR36D6C323XY4VX
323XY7V3C4LDQLEC7J
323XY6C4VX68AECJ6Q
4V6CTHQVXU76323XYB
8C2V323XYQLMCZ7SBG
323XY2VHJ6MNLJD6CL
ZMJRN2SN4C4V323XYR
J6JZ75286V4C323XYK
323XY6VW7BUNKQB6CL
323XYE3LUCFKA8V8CS
4EPVMG6Q3C6V323XYR
ZNLFBTK24C323XY6VX
8C323XY8VE2EEN8E6N
8C323XY8VDU2XB7J6N
BMNR7GWP8C323XY4VX
6V323XY7CD5GVJ6YKC
2VUZQMD2TY7C323XYD
7V3EFKHCQT4C323XYD
4C323XYXJ4UW7B84VU
323XY4V3CJUCPED7MJ
8C323XYRXTRA8D69VU
323XY6C5VVR2UT2Y3Q
6CLQJ4WEU8323XY4VV
6V4C323XYP5VY6D7QA
323XY8C7VKLWEM8SNQ
2VFPFKPHYL323XY6CF
DNS4F59V2V323XY8CM
JL2949ZN323XY8C2VZ
9C2V323XYH3ADCWMLG
323XY8C6V3AWCLC9CQ
AVUZBHPS6V323XY7CM
5C2V323XYD8B8DU74G
5C323XY5VRWV3V3LFN
8V2C323XY7MPVSU5YA
323XYCEKPA9XF7C2VY
2V323XY8CJ3WS73J9C
323XY6C2VY95LPYX3Q
6V8C323XYDZ5K8YNBA
3VNWVK3MGK323XY4CF
4C323XY5VWHL7X4FUN
8C8V2UHHCLE5323XYH
2VVHM8PD9M323XY8CF
7V3C323XYCNDUWJMXA
6V8C323XYYM7GYH97A
KU6TNW2J323XY4V5CT
8V4GGXJ52U8C323XYD
2VY7SHDLGE323XY4CF
7V323XY4CNT3HKLYNC
2V8C323XYQEG9SPG9A
8VUNM7SJTD323XY6CF
8C4V323XYXZBU2TF4G
323XY6VMZV5WP8X7CL
WXJS8JXN2V323XY5CM
JN8FZMCN323XY2V9CT
4VBNW7DMAP323XY4CF
MUACB8S82V9C323XYK
323XYDA6P7ZVK8V2CS
6C323XY3VFT9DUJQUN
4V323XY7CTCYA598BC
QZFCA4ML323XY8V2CT
8V323XYZKJUV4YM4CE
323XY6CD6XY734L2VW
8C2V323XYSER6W62VG
6V323XY4CFRSL4J37C
4V39G93G586C323XYD
RAWTJ4VE8C3V323XYR
323XY2C8VS4T82U8LQ
3V6CHS66YSDC323XYB
323XYE343YLMD4V4CS
6V8CNT9NBZEM323XYB
323XY2V2CKP3NMTF8J
323XY2C9VGZRQ4A2ZQ
3C323XYEFF6HH459VU
RYJ9YTRW2V323XY5CM
7CGAKGA27X8V323XYP
8V6CXBN4DVJJ323XYB
4C323XYD825JNZG2VU
7CLFY2Q2XR323XY6VV
UQ3X6ZCH6C9V323XYR
RVCTDRKX323XY2V2CT
2AR3M64X2V4C323XYK
97Q8AVRU323XY7C8VZ
44ZDPJT54C323XY2VX
EGNSHLGY4C8V323XYR
5V2C54KSX2PJ323XYB
323XY2VWCJ5ULVF4CL
8VP2HBA3GZ323XY2CF
7VXD3BG6FH2C323XYD
8V323XY6CVZKMGSZAC
323XY7C2M7NVDKZ8VW
5C9V3TZP3MDY323XYH
8C7VK44FUL89323XYH
QR5V3PPJ2C323XY6VX
8C7V323XY3ZHKWA5FG
ST652T4H323XY2V4CT
E2JKNFP24C323XY8VX
Z4UEKZGV6V4C323XYK
5ZBQK32S323XY2C9VZ
4V4CAQW8LA8K323XYB
323XY6C5S79FZEM2VW
323XY4CDWTDAXK88VW
7V2C323XYCRPJ8FXGA
9VPM8QPEVH323XY9CF
6VXQSAYNJT323XY5CF
323XY2CA4QL6KZB2VW
323XY6C8VG39SENEZQ
323XY6V6CMPCKJHA8J
4C6V323XYLYWPWA78G
7C4V86SEC994323XYH
8C323XYH6BC3FSU9VU
M6HC4V9E4V6C323XYK
323XY8J8HRASU2V2CS
9C4V78EJYAW3323XYH
6C323XY6VGMUZBW75N
4C323XY8VEMJ8JWLVN
9VNSDJD24F6C323XYD
QSJN9HEE6V9C323XYK
F6GCKBP28V9C323XYK
9CTU42EXR96V323XYP
2V2C323XYG8QQALPYA
2V7CKMNYYYCN323XYB
2C3V323XY738HHM7NG
3C8VSTZEVD5C323XYH
4C2VVGZMX68B323XYH
323XYEEMPTE2A6C4VY
7V323XYLR4T2W3R9CE
8C4V9WDDBDKT323XYH
7V8C323XYMTUTBA2UA
5V323XY5CYL3XFMWFC
C4AWQRE2323XY2C4VZ
5V323XY288B2HN66CE
4V4CZDRP536V323XYB
DWJMFPMF6C323XY6VX
6V323XY2C63JD8GNXC
2C6VDL9SRFA3323XYH
323XYLC3DWSB46C6VY
323XYGB67Y4864V6CS
BS2ASB9T2C6V323XYR
9C323XY3VMEXTM9AQN
6V323XYC8LWRD548CE
8C6VPUTWV9WA323XYH
25HZHATX323XY6C8VZ
8T9M4H5M323XY4V2CT
7V2C323XYNTAY5HWGA
4CGZV5NDGY323XY8VV
2V4CDTYENXCT323XYB
323XYKGJAC6KQ8V4CS
P6XEJX3Z6C323XY9VX
4CWU3AKDYD323XY4VV
KNAE6USJ5C323XY9VX
6VSJYDM47S3C323XYD
4V9CMDLWLMDZ323XYB
2C7VVNCLSJ5Z323XYH
TFWM5AUE5V8C323XYK
323XY2C3VGQ3G3BK2Q
4V2TAWFCH78C323XYD
LYFDJ44A323XY3V7CT
2C323XYVMQ8UZUJ6VU
X62K3DYP8V4C323XYK
4CLSJ842YH4V323XYP
6VUYVDKP53323XY6CF
4V323XY8CFQVGD7CDC
SF8NSMYN323XY7C4VZ
323XY2V4CXL7793J7J
2C323XY6VKQB8EXPQN
4V323XY2C6VNTL6UWC
8C9V323XYNJ9HJZT5G
7V2CQKGJ2DBB323XYB
5CXGAQZBSE323XY5VV
6C8C2QWUCF323XY8VV
4V323XY7KMD37JR7CE
859EADVB323XY9C4VZ
2V323XYGAVNSMG58CE
323XYL2A9YVGP8V7CS
2C323XYXYSE7SR64VU
4VWF4VF7CL8C323XYD
9VQBVFN8NH4C323XYD
323XYDXJ48RV55C4VY
9VZT73KD9N323XY8CF
6V323XY4CHDGYZZHWC
6C323XYGK364ZAN8VU
GQN76QVU323XY8V3CT
Z4JUKNXK323XY5V4CT
8C323XYUYSJKMR28VU
323XY3C8V6ZU2WHFPQ
Q6S59PLU323XY6C6VZ
3V323XY8CQHQQMN4CE
8CL8M4YDTU4V323XYP
2V323XY4CU2YMJRMXC
9C3JECXTR58V323XYP
323XY2V4CKP9WB8V9J
323XY5C4VW3LWHX85Q
2V323XYYX6K65PK2CE
323XY8CME74PRV76VW
4V323XYTWS4JQF28CE
KV943WJ72V323XY8CM
2VFDCH6Q7W8C323XYD
6CDN5SHBAJ323XY2VV
9V2C323XY7WPJY5F4A
VPL38EB54V323XY4CM
S3XNLTGV6C6V323XYR
3V8C323XYUXB2Z6QSA
SXRCD93V8C9V323XYR
5V323XY7CFNGWXJTUC
3C8V3HT2XKWW323XYH
323XY5V6CME2VXGA2J
3C8V3H94BZRS323XYH
LQDU5PHA6C323XY2VX
8C4XPRDBS75V323XYP
5V4CAHZASXRG323XYB
2V8C323XYRVSFQ5FAA
323XY8CAZYPVRN46VW
2V8C323XY6ULWFR2NA
323XYNBPZ3BWR6V5CS
NJYCXH5U9V2C323XYK
323XY8C3V6NEPT8AVQ
2C323XYMTCEECYF4VU
EEVX6X2B8C9V323XYR
KAH9AYYS5C323XY2VX
323XY4Y8H4UWW4V6CS
2V2C323XYG7EJPLGWA
323XY7V3TTCTS9N4CL
6V7C323XYUYSFZG5XA
323XY2CV4AW2RFZ3VW
SYFE9Y4H2V5C323XYK
9V4C323XYDACE7PSUA
323XY5V7SMTNBBP2CL
323XY6V973N8KGN6CL
4CVMHFSLTB2V323XYP
2C323XY8VN8A87YL8N
4V8C37EJ3YRZ323XYB
6C6VFMWRL47E323XYH
7V7YJ9A9X23C323XYD
9V323XY8C9Y9CMGVKC
ZJGSJMLU8V8C323XYK
52GVGCTF8V323XY4CM
SHN3TVNQ2V323XY2CM
4C5ZBZUVBF323XY9VV
VKJVG8H82C323XY8VX
4CNK6TZGYH323XY6VV
EC74A3KX323XY6V2CT
4V54H5GS6T323XY6CF
R2DQKDX84C6V323XYR
V8RTK8B56C8V323XYR
2CJMJVRAD3323XY6VV
D2WYFJN9323XY6V3CT
9CLMN79WDQ5V323XYP
323XYBRZB7KGS2V8CS
3V323XYGA95U7VC4CE
4C323XY7VQGZ2VJHLN
6C323XY7VHGZDUMFEN
323XYLSW7AGLT6V5CS
4VRJQASCX75C323XYD
2V2CL5R25GT3323XYB
8RZHL2SQ8C4V323XYR
8C4V323XYM6FR77B3G
323XY7C9E7ZG6YZ5VW
323XY8V6CLWQUVEH6J
6CLJNQMGEX2V323XYP
A2T8HQV98C323XY6VX
8XG5J3XN5V4C323XYK
9VE27DWFK98C323XYD
YEJ7N9EX2V5C323XYK
323XY8V6CW7228MTCJ
323XY8CPA54PHTK9VW
8C4VTZCQJNYP323XYH
9VR78JMZ7J2C323XYD
323XY6CQFE5T7UC4VW
4V323XY7G294DRS4CE
9C7WDPH43Q323XY2VV
U6BJLWLX323XY9V8CT
KK3QVXP84V8C323XYK
323XY8V4CGPWEM6PRJ
6CUSDGYCAU2V323XYP
GSSSCSYQ8V323XY4CM
WGJEAJ4T2C323XY2VX
8VTSV2LF768C323XYD
2V323XY385HWCFH4CE
323XYLR5SPD4U2C7VY
5C4DV5DMGX4V323XYP
323XY4VST64XVZ33CL
8V8C323XY7RE5ZDKRA
2V323XYKVZJSXHF6CE
323XYDAL4N95X2C8VY
323XY2VKTVJXEW58CL
4V6C323XYDJGM9SGKA
3C8JXXQA3K323XY6VV
4C7V323XYT62JWZ5GG
3CCYRU8D6V323XY4CM
2C323XYJM9VPYDY2VU
323XYRSYLXDM28C8VY
6V8C323XYNDYWUUQVA
6V2CF4YLL2EF323XYB
323XYAERCXKDV8C4VY
M9TVB2UJ323XY6C3VZ
8CGE69DZJY323XY2VV
8V5C5RXLT5ND323XYB
5C2V323XYFZD42C9HG
DCEN8ANJ6C323XY6VX
5C323XY5NQECJ543VU
GF3WY4RY323XY4C3VZ
6CVL8SYK34323XY3VV
323XY2V2CD8A8H4QKJ
4V323XY73R82UFY2CE
BKJGWMED323XY8V2CT
323XY2C9VRLYUSCFFQ
VXKRE5XX323XY4V5CT
2V323XY2CHBND6MFSC
323XY6V9EK4PE9C2VY
8A2JKQ76323XY3C8VZ
2C7VSVTY63YA323XYH
4CGKF75QED5V323XYP
MGSYMH4X7V323XY6CM
4V8C323XYQNPQDYSZA
TUE2QVW3323XY2V9CT
323XY7V8CZCYZQVQ3J
323XY2VEHG9QZ9W4CL
8CPRPGF5UB323XY2VV
VBRM4TD76V6C323XYK
CAQ5ALDC2V2C323XYK
8VACW745ML323XY6CF
YRENGQ95323XY4C6VZ
4VJE3S3B298C323XYD
323XY8V6RFSZ7T27CL
323XY6V3SDZ9XME4CL
323XY5WPT4NG58V2CS
3V4C323XYM7WSN2UXA
6CPPDLCVPL323XY2VV
323XY8V6C38UUXT2MJ
8V8C8D398F6X323XYB
2V323XY4CTYARBV5GC
6T28VBBR7V8C323XYK
6C323XYA9QTQBUC4VU
5V6CKTT26JQB323XYB
4C323XYGC7E2H4X6VU
4V323XY5CSK7UKBWSC
6VEWHRSJXX323XY6CF
4V3CEXBM7DTK323XYB
7C3V323XYEZ7Y5BZ2G
9FMN4J6C6C323XY6VX
323XYFH6FTQQE4V7CS
2C2V323XYUQL8QL6FG
6VSFBGX4PW3C323XYD
323XYA8SYSS6R6C4VY
323XY4C6VF757F7TLQ
6V6CW8X9M5PL323XYB
K5YMQN6E3V323XY3CM
EBWCGWGV2C2V323XYR
6VDFYZZ8B4323XY3CF
YDN75CFD323XY7C8VZ
6V323XYDLGL2RUJ8CE
7FGLZT4N8V323XY8CM
U5K6REGR8V4C323XYK
9C323XY8VU28ZFAKZN
323XY7CE9YKAQXX6VW
6C6V7BQ58ARY323XYH
6V5C35AYT28K323XYB
4V323XY9CX9SP59Y7C
323XY5C6VHDUG5P4XQ
2CL6Q5C8ZV323XY6VV
4V6C35KXSNZ7323XYB
6VDERET5NS323XY6CF
9V5CQJKZVM3P323XYB
8DTMTD4W323XY2V8CT
573ZVY9C2C323XY8VX
EE4QSAMQ4C4V323XYR
6VLTHJJXRD323XY4CF
2V2C4HDCL37W323XYB
323XY7GVRC8GQ8V9CS
4GXKFG277V323XY2CM
3V323XY4C9JNFTZBQC
6C8V323XYATGRPDL5G
HB7MES7T9C8V323XYR
8C323XYSJ8E3BZX6VU
323XYBLZXX22T6C5VY
7V3C323XYRLUN92Z9A
323XY8V3C2LTXVAJRJ
2CQZWBKUMC6V323XYP
B5G6L3FG323XY8C6VZ
6V4CVDHXVC8M323XYB
8VY39WKYYZ323XY5CF
6CGLKM7XKR9V323XYP
2CP33S9TWQ6V323XYP
8V323XYKTNVBFNP7CE
323XY2VZ5MLKZA93CL
8V323XY7C2XEZBK2VC
4C323XY4EJJ3R4A8VU
323XYX35ULN6P3V8CS
323XY3VUN94S2A68CL
4C323XYRAXYKPNU8VU
Z3Z82BQA3C323XY8VX
6V6C323XYSAYFH4CWA
323XY6VB9G8ED7F2CL
323XY2C8VA3TLZP3KQ
323XY6V9CN6P5ESC8J
4VFY4BMHBR8C323XYD
323XYG6Y4R7LL2C4VY
9VPJDH748P2C323XYD
6C323XYSC27VJZL2VU
B4TY3HFK4C323XY8VX
8SSFSBJA323XY6V4CT
8C6VFDP77TYP323XYH
N6W86V2H323XY6C8VZ
4V323XYFZJJCTQY9CE
4V6C323XYRYWDJN7FA
5V2CSDLY3PKG323XYB
5C8V9GF2PNJK323XYH
2V323XYQD6RUZ738CE
4V2C323XYLGKNZBBSA
SH2KMEFJ8C8V323XYR
6CZUUY9AFD6V323XYP
323XYLE8TXQ7K2C2VY
5V323XY3CSF9VBKWXC
323XYXSARRVBG2C4VY
323XY8YZYZM8G7C6VY
8V4C323XYNP662ZRPA
JG23BAP8323XY2V9CT
8CEUMWHDS54V323XYP
2CSWYT729K323XY9VV
3V7CM5WKULCV323XYB
PDTYNVA56V2C323XYK
8V323XYJ8PGYHHJ2CE
2V5C323XYVQ2YR8XCA
8V8CCX9XYH4T323XYB
323XY9CP75LHHQY3VW
9CJYCAB9BL6V323XYP
8C323XYTV4XD5ZF8VU
9V3GURQYS38C323XYD
2C7V3Z6LHS9L323XYH
6V8CVRUP7P6P323XYB
323XY4C3RYLB8VJ4VW
4C8VCEV33BQL323XYH
323XY66W9Z4RQ8V4CS
R2RJYJRN323XY2C2VZ
323XY4V7CRGUE6AEDJ
6V4C323XYRHKK7FFLA
9V323XYTWGTTPYZ9CE
AGJCNEYD323XY9V4CT
6C6V323XY3D89VRV9G
9SCLHHHA323XY9V4CT
3CFYRC3YAA7V323XYP
6V7NZ8JRSZ6C323XYD
RVMB5FTU323XY4V3CT
4C6VKFGD3SUP323XYH
A5B6LFQ98V323XY6CM
2VGJW3BEXD2C323XYD
7C4VZPLR8EN7323XYH
2VTKXBA36G8C323XYD
4V4ZN2D836323XY5CF
3C2V323XYT94WR5QXG
4V7CDVG9D8RB323XYB
323XYGF9DUND45V8CS
5CQL9NDJXP6V323XYP
CGUVVLXC323XY3C9VZ
8V9W7UELR2323XY9CF
6V4C239EYNHT323XYB
8VQ8Y5SZR47C323XYD
4C3VAYSMAY2V323XYP
RC7LRAU26C323XY8VX
6V3K8JV2GG323XY6CF
6CSF6W4AN38V323XYP
8C8V323XY83U79GZUG
2CH86A2MLB323XY7VV
9V3C7ZEVNXE9323XYB
6CLZYVMPZX6V323XYP
323XY7V4C7K8C696TJ
323XY8C2VCMDSM9YMQ
323XY2CH9A5NL7Z5VW
325WGRDK3C323XY4VX
4CNWKUN8XV323XY4VV
6V8C323XY3GXDH5VFA
2V6CPF9AF65P323XYB
323XY9V2CLWL6K85JJ
323XY5V8C3QXWBKE2J
323XY6V8CUF9P4WN8J
2C323XY4V35QYV5BFN
3VCC5E8UBY323XY4CF
PZ4HULQF9V323XY4CM
5V323XYBBSAF92S4CE
6C323XYVTB3KJ567VU
323XY8C7V6229DHF3Q
323XY43E5328X7V8CS
8V6CMF3YTT2G323XYB
JVUJCDWN323XY4V9CT
2C323XY7VPGFVXEUNN
UN68F2P3323XY2V4CT
2VUUQLT5AJ323XY2CF
8V8CAXNWXJ4T323XYB
Y8C74VTA9V323XY4CM
4C8VE994VTEF323XYH
CWAKEVYP323XY5C3VZ
6CFW57J76R323XY5VV
6LGFGCAP323XY9C7VZ
8V323XYLKVDRP6H6CE
8C5V323XY337XQK6TG
323XY3CC75E47V64VW
WHN3RF3W2V323XY4CM
6C2Z3PL5GK323XY6VV
323XY4VZS4J6W6C2CL
MLNSBKHT323XY4V6CT
8VJ4VMLRZJ4C323XYD
323XYANBZ8LEC5V2CS
4V323XY7GXX9UNK8CE
5CSUR79R323XY2V4CT
4V323XYZPM396SG8CE
3VZTJ2FK92323XY9CF
8V7CKUUZLMZV323XYB
3XB6EPBS323XY8V6CT
323XY4C7VATBNZHAQQ
2VVYKKKA4A6C323XYD
6C2VEH2J7K27323XYH
8C323XY52SLHLFR4VU
323XY4V8CC7M6RCYXJ
3HLSRHZT323XY3C2VZ
GEM4EW6X3C2V323XYR
323XY6V42KXAD5Q7CL
6V4HUG7C5B323XY2CF
323XY2CGH8VL78S4VW
323XY6V9CJWXA9WVWJ
5V3C323XY5R6PXFDHA
7C323XY2VFNVBNNPRN
7C323XYLCGDN5SQ6VU
VR3L7WZX323XY4C4VZ
3V323XY8CM4QVAF4HC
65A3Y4N82V4C323XYK
323XY4CSR3MYTPG9VW
2CGBXK28LD2V323XYP
4CDLNHUVSM8V323XYP
323XY7C8V7N9TNS9FQ
7C7VPXD52X4A323XYH
4C8V323XYULUN5852G
8V323XY4CVSX5NBTXC
9V323XYHW4M4SUF4CE
9VBY2229JN8C323XYD
8JTQ6LF24V323XY8CM
323XY5C548JPX5C9VY
323XY7S6CX9RQ8C3VY
323XY6C2VNAPUXQ8CQ
ALFC82XM7C323XY5VX
4C323XYXWWZNL326VU
2C3V3JJZ7V83323XYH
DK3M9X533C4V323XYR
4V323XYUWKEYKCJ4CE
2WTPAQ8T323XY3C4VZ
7H389JU68V323XY6CM
67F54P5C6V3C323XYK
6V3C323XY7DGSXFN2A
3C2ZVHYP323XY4V4CT
G39B5MG4323XY7V4CT
6V8C982DP4CW323XYB
323XYTVSB6ECV2V8CS
4C7VD347CNFY323XYH
4C323XY3V96BP5WWEN
6CCEUALTVC4V323XYP
G2JEYD2S7V2C323XYK
6CFL93WQXQ7V323XYP
FF62BD7F3C6V323XYR
2C6V42CVQYE7323XYH
6C323XYUSBE7N2L5VU
4V323XY4C9XYRJ6PVC
2C2V323XYNS8AYMAKG
MX5WZ8FQ323XY6V2CT
8VWCMB3P782C323XYD
4C323XYQENNG8N97VU
9C7V323XYXRZ9SUXSG
9KTDBKSH5C323XY2VX
E675Q34M8V6C323XYK
323XY4V2CQK7TFEULJ
8C323XYTREY24XC8VU
323XY2C8VFUUPJ732Q
323XYWK3X8VAX9C4VY
4C323XYJVDBXTWZ4VU
9VTXEDVETF323XY4CF
323XYV3VJ6QMQ2V2CS
2VLZYBZ428323XY2CF
323XY8VGGNU23K26CL
3V6CQ278DAPK323XYB
8V323XYYTYM6DQT5CE
BRQNPRN5323XY2C6VZ
5C6NN558AD6V323XYP
7V4CGQE29L6J323XYB
2V323XY2C6MY7D8EMC
8V323XYBQ8SNQJN6CE
MTA49WCS4V2C323XYK
323XY6VYLGSYBM95CL
8CLSYR3GQK4V323XYP
PJ39HC9M4V323XY6CM
F96MCESL9C9V323XYR
323XY2CPL87SKM54VW
323XY4V4CK25VQFG2J
2CT68PEB2T4V323XYP
323XY8V6CNB56K98HJ
ND7P4FHU323XY6C4VZ
6V9C4KS2JBJU323XYB
9YC9YQM24V8C323XYK
6C323XYRU6TPCRR8VU
2C2V323XY5NJ6SRDFG
323XYRTNE8NLM6C2VY
GXKWDX4M2V323XY8CM
6CX9R7VP4G323XY2VV
3A5VKHGQ8C2V323XYR
323XY6V4CWY2Z7QNEJ
Y5TZ7RMX9C323XY4VX
323XYYMEAQW8X9V9CS
323XY2VFCZUMPBY3CL
8C6VX4X3QP65323XYH
52WTBD662C323XY2VX
4GTSHFBA323XY2C6VZ
4C323XY82DHPXZV9VU
8CSXHCCL484V323XYP
4C323XYEBEDDJYN6VU
323XY2C8VSUNJC8C9Q
323XYQB92XHXJ6V2CS
2C4V323XYUXU3EGYBG
2VQ7973HVY323XY8CF
4V4C9EHN2LUC323XYB
8VNQPY8NPZ323XY4CF
LBT6L32D5V323XY4CM
4JKBAZC32C323XY6VX
4C323XYD46S3XY37VU
2V323XYAS6EGZ7R5CE
4C4VBQX97MMS323XYH
2CDWN9ADAW323XY5VV
323XY6CMSZKNP6V4VW
6CHELR8V2H7V323XYP
4C2VUV5V54ST323XYH
2C2V323XY8N2VW4JDG
323XY6V2C7E79PMHSJ
323XYQMUZGAFM3V9CS
2C4WYY46V62V323XYP
323XY8V24JHC5B63CL
82BB6AVP6V9C323XYK
4V572698JR6C323XYD
95DZRBYT323XY2C2VZ
323XY2CF3322FTK2VW
EBBU4A5V8C323XY5VX
5C323XY8VHEYC37PJN
2C6EHLCJUB8V323XYP
5C7VE2SM8LR7323XYH
ZQD8BXAW9C6V323XYR
ALY4V8PX2C2V323XYR
323XY2CET6HRZ7Y6VW
4C8V323XYQUDAKT7JG
FFS7KNRT323XY5C2VZ
323XY2C2VTBEFYCJUQ
6C2V9UMLWZ66323XYH
4CBQ2J67BA9V323XYP
NED9TQSL323XY2V9CT
323XY6VRVCCPF6G8CL
TWR8FTPG323XY4V8CT
8CN7JCAVMD323XY8VV
4NZPLS38323XY8C4VZ
323XY4CFP72MJ2K2VW
7V323XY3CUA7KFSGBC
2VF2TZL38V2C323XYK
4VSZ6E522Z4C323XYD
6C8V323XYC5SCZ96PG
323XY7C5VLEXVF5ECQ
2C323XY4VDQK35ZEKN
4C323XY4VG8TJEKS5N
G8Q9NR568C323XY3VX
8V323XYLS5E2PBJ5CE
9C323XY3VJ8EU3T8VN
323XY9YTWFJRJ2V4CS
2V9CMZ72LXGL323XYB
BLY2TYSU4V3C323XYK
CPCTFGPH323XY8C2VZ
UXJQ92AL2C323XY2VX
323XYX5T73HC88C7VY
HVVT5LFN2V2C323XYK
3V6UMW6C8W3C323XYD
77N4RLAM4C323XY4VX
94L476PV2V323XY6CM
323XY4C2VBZBL95DBQ
2V323XYQDG9KRV34CE
323XYBNF5D4R38V6CS
2CN44NW88T323XY2VV
4CX4S8RF49323XY2VV
323XY7V7CPR36J7L4J
6C323XYLVLDCDUP3VU
HBT7JW25323XY5V4CT
SDP7NX5Y6V323XY4CM
323XY4CAPKUHCUP8VW
8CUWM8FRET2V323XYP
R7S85DAR323XY6V6CT
WJVF8VEX323XY6V6CT
323XY3V8C6EGUHDTBJ
323XY5V6CB523C8GNJ
323XY4CR7L8BU964VW
323XY8C2VRURJMWGFQ
6VQ59Q7UUT4C323XYD
323XY7V2CBPLZS6XTJ
2V323XY7CLY3EH3JFC
LLU9TNXA9V2C323XYK
4C2G658RYC323XY4VV
UYSEE2GL323XY2C6VZ
323XY6VD43PDD278CL
9CE4S2FETU323XY4VV
2VZKBHSAVW323XY2CF
6C323XYEMZSSVR44VU
323XY2CQHUKSFEQ8VW
323XY6VLVYDBECY8CL
3VKSS49VYB2C323XYD
5V6C68LF4QNC323XYB
3V3YU6NHY5323XY2CF
8V2WD9RVNN323XY4CF
6C6V323XYXPP8PMB7G
YBTK5NNC323XY8C4VZ
8V323XY87JE4HJ38CE
4C323XYNXU5NKDC6VU
323XY2CY4V4J4JJ5VW
KYYKP2HZ6C6V323XYR
323XY6CGKZWWC3Q4VW
2C4V323XYZKFRYYGVG
8C6V323XYMCV2C5Z9G
XMXWUEEX4V5C323XYK
323XYNZ5ZE86Q6V7CS
323XY7VNNT8FSZ26CL
NLYHZLS37V323XY2CM
323XYSHPTQDYC6V9CS
PZ3Y9WLA323XY2V4CT
8VK349ANA28C323XYD
323XY5C5VY3NJCS3FQ
Q7442DJP323XY2C4VZ
CS3S3N4H2C9V323XYR
323XY8CGD4TWJAU8VW
323XY2V6QPU3ERC8CL
3C323XYGG8DG6XB6VU
6CEYLQGX9V323XY8VV
PLA4963K6V323XY4CM
5C4VGEE3HDJM323XYH
HW6S8PBM4C323XY2VX
323XY6V9CMUEE8SJ6J
323XY6VYEAQFMYA5CL
323XYCVHHKXX97V5CS
DPYEMU26323XY6C2VZ
323XY8C94N66XJK8VW
TR443WGR8V4C323XYK
LKNTH297323XY4V4CT
W23K2WEX323XY4V4CT
BNANWHWM6V3C323XYK
8V323XYUU67X4FE2CE
323XY8C8VBBUYFNGKQ
6VPJQA58KZ323XY2CF
6V7CVEGULUQ5323XYB
2C323XY9VGDUY5V8CN
3V323XY2CFYZW9S3NC
4V323XY4C3SLEDS3YC
8V323XY2ZH448WJ6CE
8V323XY6C5LUKQC93C
2V8A8SZTYD4C323XYD
2V323XYTZA3MR4N4CE
DLDZUYPF323XY8V5CT
6C323XY9VLW6ZM6N9N
BMPRWJYC9C6V323XYR
2C4VNCEU3A2V323XYP
9C9Z4QV2FU323XY4VV
4V3L9KXJEG323XY8CF
323XY4V47EWCG4N2CL
323XY7V2CFKRA6G7HJ
6C2V323XYGSREK62LG
2CRVUL9LHR323XY2VV
323XY4C48APZXFL2VW
323XYLKSSQC3D8V8CS
4V323XYXDKXP2HC4CE
323XYSV6AWQVT7V6CS
323XY3C3V7SU4DNUDQ
5V8C323XY7GV7DG34A
323XY2V8CNPA2FXSGJ
6C6V9SP3R85X323XYH
6V9C323XYA4KG8UP9A
8CTBCJBXRR4V323XYP
6V323XY8C96RRGGZQC
43G8MAUT8V323XY6CM
2CU5HEXNVZ323XY7VV
6VQ4VZ3AN6323XY7CF
2C6VWW3JUNXL323XYH
323XY8C9VSTYZ262RQ
8C323XYNG7EJ3NX9VU
323XY2E54WG9V8C6VY
2C4VSTTZ4TWP323XYH
9V323XY6CUSTHDJPYC
XRWWBB5N323XY4C3VZ
6C323XYCTP4X8UH2VU
323XY6VXZ6K9YA54CL
323XY8CSNA43RGN3VW
W5PSB6RZ323XY6C8VZ
8V323XYUHGTPPX43CE
E6EZNZYU5C3V323XYR
9VQTNR9C7B323XY6CF
323XY8C6VLBBEDW6PQ
VKPSYSZ54C323XY9VX
ABXDUN8B323XY7V6CT
8V8C323XYFWB4PHDEA
CRU2HK3Z2C323XY9VX
6VTEH9SZPX323XY3CF
323XYS4ZF6MP63V9CS
8V323XY2MTQ62NK6CE
323XYS6KMMAHH5C2VY
WJVQJSB72V8C323XYK
4C323XY4LV8VXKV6VU
9VXUW3WT8M4C323XYD
3V323XY2C4HWTMM6LC
CQER77KD4C323XY6VX
CEMD37AR6C323XY5VX
323XY8V55GYQQKP6CL
8C8VNAGHYVLK323XYH
323XYZBHZH6C98C4VY
323XY6HX9GYV96V8CS
323XYCNK6P6HU2V4CS
4CXLNNMKCW323XY2VV
XYWXVFA96V323XY6CM
8V2C6BN2DYFD323XYB
4UEFDPTH5C6V323XYR
3VKM4NCUHS323XY8CF
323XY2V2C8Q7D9Y3UJ
XBRW8VHJ2V323XY3CM
2VKGSRK6Y86C323XYD
6V323XYCWANSC8G7CE
SEYYBTWJ323XY4C8VZ
3C323XY3VE3C7KKE4N
2V4CEBYQWKRD323XYB
7CJGSLE58E323XY4VV
6V5CRKHK4SFW323XYB
323XYQ8Q4E6CU5C5VY
F3FBZ7C56C2V323XYR
323XYJ8W7F2935V2CS
2C6UFDDMXN323XY6VV
6V3CGKJTAEJ5323XYB
323XY4V4CVXCX6PLFJ
3V8C8X9ZSJGJ323XYB
8V8C323XY7J2TK878A
5C323XY7VBJ35CU9UN
8C323XY6VE689AY2YN
4V323XYNV3HANWP3CE
4VTTMXE3QX3C323XYD
323XY7VBUL28SQP8CL
323XY6CP2WHE4H32VW
JYUWEKKF323XY2V2CT
323XY6VLH3BSRG74CL
5VK7D98TN98C323XYD
EMED9WBM4C323XY4VX
323XY3C4VUWPUNBNXQ
323XYRCPDBBU92C8VY
CHCZVKMB9C323XY2VX
8C9AD8TJLH323XY4VV
323XY2VD7A9TCHN2CL
4C323XYMDZCSNHA2VU
323XY6VVADT7YHF7CL
6H48SYMD2V7C323XYK
ENVZZYBH323XY7C2VZ
323XY8AHTVNKL3C8VY
6V323XY4C8M5GGYDPC
DKZ35FQK2V6C323XYK
7C323XYY8ZR37F26VU
MP5MBMYQ6C6V323XYR
9MA3B8E87V323XY4CM
STCDYZQ62C323XY2VX
323XY4VT2KLQTWW6CL
8V323XYQS73JQP58CE
323XY8CY6EYF9LK8VW
323XY8P8ACSXS4C6VY
4CPVM836YG323XY2VV
4C5VDZNUV2Z6323XYH
2C323XYN2NYVM6U8VU
323XY2V4RNJW2FD2CL
8C6V323XYW9K2A589G
6V323XY7CYMXFMTKLC
2C323XYMYYZLBM54VU
4V323XYQJ9VCULB8CE
WL82EHFE7V4C323XYK
323XY6C9V529TR4EDQ
89N8HMMS6V323XY5CM
WAPGXKHP323XY4V8CT
6C3DSU2YHB6V323XYP
7C323XYU99GGPYZ8VU
6CWTGZH4AU323XY6VV
6CK65RNRFW323XY4VV
RKNXMN7N2V323XY9CM
323XY4CS8EJUU5R6VW
4V9C6ZUZNBFB323XYB
2C323XYRNXS8ZS96VU
323XY4V6CHPL6RK8GJ
MKXS7NT26V323XY6CM
7N6MU95Y323XY6C6VZ
MH33Q9Q82V7C323XYK
8JK9WDXL323XY4C6VZ
Z5F4VBTD323XY8V5CT
8VH555XDBK323XY8CF
8V323XY4GL72KX86CE
JJZ49JEL323XY6V8CT
5C323XY2VGMYE3GSBN
323XY4C6VEGNZJRGBQ
3VDPWKJNAH323XY9CF
2V323XY5CQDWFN5B5C
8CTCDNZH5B8V323XYP
35BK8T3E323XY4C5VZ
ZLZPS64R9V6C323XYK
V9YHS4T25V323XY9CM
323XY4CCLZ9PRHU7VW
323XY8K4HJHMV5C7VY
4VUJ2YHHQV5C323XYD
2C323XY8V4FWKA4EKN
3V2C323XYGZXPMFGQA
323XY3C9VQ7LRPD9YQ
323XYGPGJAZEK3V6CS
2CM87NWA329V323XYP
BL5U2YB68C2V323XYR
323XY8C6JFZXEYH8VW
B6YDDQZV3V323XY2CM
2V8CY6Z36SH2323XYB
4UWQWQCD323XY3V2CT
SKZ7L87V323XY6C6VZ
UE54UNBK323XY6C6VZ
323XY8CUC686EE55VW
4B6DYAZ62V5C323XYK
U4G5GTL56V323XY8CM
8CWKHRES5E5V323XYP
UAXSZSSB8V2C323XYK
9V323XYU3ZUFGH58CE
7V8UG8E53X5C323XYD
2CBK3E2VHM323XY3VV
9CQJ8YQJVP3V323XYP
2VTL37WRRX323XY4CF
MYSJ9U2H4C323XY2VX
323XY8C4VF6N5HQ3XQ
NAA3ZQKP6V323XY8CM
4TDRP23Q8C2V323XYR
7V323XYPMRT5CUH2CE
FTT9PF5F6V3C323XYK
6C6VZ6WZ765P323XYH
5CVRJFY33J7V323XYP
4CL4JHBYAQ3V323XYP
323XY4V9CMHGGP3E9J
323XYEHK8D4X88C2VY
5QVH53XW8V323XY2CM
HP83K9NF5C323XY4VX
2C8VDSTR7K97323XYH
8FEPRESQ5V323XY4CM
8C5V323XYEBVKGCRWG
7CZ4PLM6TE323XY8VV
323XYBD8JCMGQ6C7VY
2V323XY5UD2BEL79CE
YX8GE9QC9V323XY8CM
323XY8C6VP6CDEG94Q
5ZSRHTUY6C323XY6VX
323XY2V2CJ6QEPC5RJ
WQQ4NM4T323XY8V6CT
4V323XY6CTN8VE2ZFC
RUTWJEYP8C6V323XYR
6C873VJVD6323XY7VV
323XY4V7FNVPRKS2CL
4V6C323XYP5BB7XXCA
6C75CGZ93U323XY4VV
9C5JDXTFAN323XY7VV
323XYLMNTGPTV6V7CS
323XY8CJBV8BXLP4VW
323XY9C8V4VNEE7VVQ
GY4XG7ZV323XY2V6CT
2CJRCZ7P79323XY2VV
9HZV7H7L2C323XY2VX
9C323XYQBDXA5KW3VU
8C6V323XY8W9FACHJG
323XYM9H6XMBS9C3VY
323XY2V4CZ8WBMF3FJ
2C4V323XYRX7A3EM8G
ES5WGRCK9V323XY8CM
4C5VZ79XWHVD323XYH
AMQPLTWF2V7C323XYK
323XYX9MMX9RJ2C8VY
323XY2CBR8ECP3L4VW
8V6CPTC3L8A5323XYB
CJEE236M2C8V323XYR
6VWQAQW5MN4C323XYD
7V38QHN2SM7C323XYD
6C323XYJSYM9YFK7VU
9VS736S9DW6C323XYD
2C5V8R95TM2B323XYH
323XY3C3VQXFQTUENQ
323XY6V4C69AE4X43J
323XYWASGRVWT8V6CS
323XY4V4CYH8UMDULJ
R6H2UET64C2V323XYR
DHG346L56C2V323XYR
323XY4CVHVAXCHX6VW
Z9UAD36V4C323XY9VX
9VHYCCGA3G2C323XYD
JQKD4QKB323XY8V2CT
8C8VGR7NE58L323XYH
6CH7CV9J3C323XY9VV
2V323XYWJHNJJRM4CE
8C323XY9VFR6D4GELN
6ZP4DD6S323XY6C2VZ
2CYNLD8VV7323XY4VV
WXVRVZN94V2C323XYK
4V4GKN2KX4323XY4CF
323XYLJU3TWWX4V7CS
3C6VRX7F77M4323XYH
6C323XY9DLF5YYZ7VU
4V2C6U6E2Q2L323XYB
6UCQB5RA9V323XY4CM
8V6Z4M3SYT323XY7CF
323XYHPSAYRFV7V6CS
6CNARNHMFH323XY8VV
323XY8CHVS4B5YQ8VW
323XY2V6C2MHVY3RQJ
6V6GT6X9HK323XY2CF
7VN9B6V6XQ323XY5CF
4C3MMX63HH323XY9VV
4V323XYMFEW9LGB2CE
3C2MXV8SWV4V323XYP
4C7VX3GPJCMX323XYH
4C323XYVWDJLQ2J6VU
H5E9RLVX3V323XY2CM
6V323XY6CHM7XC9HLC
6C323XY2VSL5F9A8AN
36TCPU67323XY8C5VZ
9V323XY2C7YY3RVDYC
323XY4VEC2FC4YX7CL
26JF3B4S323XY2V4CT
323XYL596TPTE6V4CS
6C323XY2VLKK5ATXRN
5V323XY8CBNLUMNR2C
3ELEF3D3323XY2C3VZ
323XYJUTL2HG94C8VY
8VD6U32HMA323XY6CF
323XY7VYBXTHVXG7CL
6VFEBZAHAQ323XY4CF
8C6VZXSG5YM7323XYH
X3NJ8CE34C9V323XYR
4C8V323XYPNFXTRXFG
6V323XY6CHA8DAZ3MC
4VVKPT9KJV323XY2CF
323XY9CDHTGR4J86VW
HZ5V9ADF323XY6C3VZ
323XY6CF94XWX4B8VW
2V323XY8CSUZLH9V2C
9MLK4WVY323XY2V8CT
8V323XY6C4PD3Y5UMC
UGXJS5RJ4V6C323XYK
S2TZ4AZ34V4C323XYK
323XY2C9Q2SJCTY5VW
2C323XY2V9ZQRJ8P2N
P4KPUJG46V7C323XYK
Z34EAV2Q8C2V323XYR
323XYR49J38RV8V2CS
4S2B95QM2C323XY7VX
323XYUNYMGG7H2V2CS
ZC9XJVHA2C323XY4VX
8V4C6SV6PN27323XYB
MXSNR7E22V7C323XYK
6C98SSDWSH323XY8VV
TDV3B5X4323XY5V6CT
323XYXMGV37U82V6CS
BUJC9SSE323XY8C2VZ
2CESTY9J924V323XYP
5V323XY589GXTUE2CE
7V323XY8C65MR9XZNC
323XY6C4VGV5ZMWQFQ
4VJALQNGKT323XY2CF
GU8775CP323XY8V4CT
DAXDPWBK323XY6C4VZ
7C2VYSXF5QGK323XYH
H2LGQZR73C7V323XYR
4V323XY8C8HXE2WZ2C
323XYN3RBA3YH6V6CS
2C323XY4VLJ58VABTN
8VXBTBMDX2323XY4CF
PW7CP2X4323XY5V7CT
323XY6V4C33CQ439JJ
5LQRBPMH4C323XY2VX
323XY6V6CRVS655TLJ
3C323XY4VAQATUAC9N
323XY6V4CGE2GSGA6J
323XY2V8CGQKUM34XJ
7C2V9FKH9VCH323XYH
2C323XY2V7335GDMSN
4V323XY9CAS74BHHJC
F4SDBUDL8C6V323XYR
HUJC3U8N7V323XY5CM
6V323XY5C6XHCP6Q6C
JKZWLUBH323XY8V6CT
2VHV76R52R4C323XYD
PAECSBME4C323XY8VX
8C638DWQ3G9V323XYP
323XY4V2CLCZT2UGVJ
2V323XY4SRMJBA29CE
V4FQU35K6C6V323XYR
E43FFE499V323XY6CM
323XY9CMKGHFJ287VW
7V323XY8CJ636WANPC
4V2C28WVF9B7323XYB
8C6VVLZYQXC6323XYH
323XY4CVKP4YM7A8VW
5VUNYFTAJR2C323XYD
323XY3C8VRNYD996XQ
8C4KYH8UC24V323XYP
WVKZCGNW2C2V323XYR
4CB5ZZ6WF4323XY4VV
8CGSQ9PYPB6V323XYP
7CVZK929CM323XY8VV
5V9N9YMXY2323XY6CF
323XYVF5S5E482C3VY
H8RLWA22323XY8C7VZ
3CH7CXACWX7V323XYP
4V6C323XY7RES4YV9A
6V4C323XY6C78737EA
5V323XY4CH4L7EWDFC
323XYNSW7F26D2C4VY
2V323XY2CZ3ECDRYSC
323XY7C3N353BAF9VW
6CHVBX7PEZ323XY2VV
2VH3CKWEN8323XY8CF
LWK6JDL72V5C323XYK
4CDVH5NZCR323XY2VV
2VVKCGJX892C323XYD
8YASGP4K2C323XY2VX
2VJMKH557W323XY7CF
7C6V323XYS5W8HFWBG
8V323XY6C5SVX33HXC
323XY2C4V35GKXBURQ
9YF49E6H8C9V323XYR
323XY3C4VASES4HJLQ
8VFDZX9Z6D323XY8CF
3CYV9Z86AU323XY2VV
6C2VMJMVZC7E323XYH
323XY2C2VYXX5FZKQQ
2CSQQ9WCK73V323XYP
323XY8CQYNQWBRR6VW
9V323XYA6VE745W8CE
6CWJ84ERYN323XY8VV
3NPM46T8323XY8C3VZ
323XY2VD3B2GCF74CL
6V323XYLZUR5XXQ2CE
8V4C323XYXP5Z3L5HA
AEDY253D323XY6V6CT
5CLB63ZVAJ323XY8VV
6V8CS4FZLS5A323XYB
M6AWDLZD5V323XY6CM
4C3VUWS5Q6SP323XYH
6C6V323XYUW49TGRJG
2C6VRT5WGDW8323XYH
STU4443L6V9C323XYK
4V2FAVCM323XY5V2CT
TSSVUA7F323XY3C3VZ
2C2V323XYLNCT98GHG
RZTW893C2C4V323XYR
323XYZQ8SFA6V8V9CS
323XY4CFWHXADGX2VW
323XY4VZ464EWFV9CL
FAMLV7V3323XY9C4VZ
2V6C323XYHKGPCDE6A
4VKXUXA3RG323XY4CF
8V323XYXKZ6THRP6CE
323XY9VVBPKHN7E6CL
323XY4V5CL8GBMZQBJ
3V8C763MRDWL323XYB
323XYJWHJM29E6V4CS
9VYXYHE48C323XY2VX
323XY6V6CH9QRTJY2J
4C323XY6VTSDJ8AJ9N
9V4C7B2CXHVF323XYB
KW9STZ4W8C323XY6VX
8C72H8BXPQ8V323XYP
EAJE4DFA323XY5C8VZ
323XY8CVAWJV79K8VW
2C4PJGTCKE3V323XYP
7C8V323XYL56A97UYG
VQTNEXCQ6V323XY6CM
323XY3V5XXCYVUR3CL
9V6C323XY4VSBWD5UA
323XYATMQYTRV6V7CS
8C323XYLQTW5DW82VU
4VWRRWTC36323XY2CF
6V8C323XY87VT7HYCA
7LJ3U4MU6C323XY6VX
4C323XY8VFNVK92MAN
323XY3C6VWKF4W7PJQ
4VEC7776KY3C323XYD
4FDV9Y64323XY2V6CT
5H436XLB2V6C323XYK
6C7V323XYRLPSXNTDG
323XY6V6CMCYVF5XSJ
2VK496HY43323XY4CF
8C323XYYGGD2NKP4VU
6V2CLK3BCRSM323XYB
8CXJJNXUA32V323XYP
6V2KCL2KE5323XY4CF
323XYT6WZCQNS6C7VY
8C323XY8VZHMBLLMNN
323XY4V6CEJ2G4PHZJ
323XY8C4VJWE69WQTQ
323XY7C26DXQ5AY6VW
323XYNPGKS2872C6VY
323XY6V4CSF5AC4Q9J
323XY4C8VGQ8YLXM5Q
323XYJY9VNP5H8V4CS
8C323XYK3WJQKC36VU
323XY4V4C4EDBSZEHJ
323XYVKJVG8H82C8VY
DR47XXGB4C8V323XYR
323XYGRKEE4Z99C4VY
76SU5FHZ6C323XY3VX
DSEB3PMM4C323XY5VX
8VAKS5ZND6323XY2CF
3V323XY8XWT9D4U5CE
323XY9C7VFGCQDJ8GQ
4V7C323XYWRDAFU68A
323XY5V5CGANDBB2JJ
RSY2DCCY323XY4C6VZ
ASA3S6PQ7V6C323XYK
4CQ78FTD7Q2V323XYP
P45GWRAV323XY3V8CT
323XY8C8QEW9GVM6VW
5C2V323XYSB6FX3QEG
RGLKRAWS323XY2C5VZ
323XY4C7VWZ4A94S7Q
4C7V323XYUF2HUAV5G
323XY2C9S6HTRFN9VW
323XYWJPEHEF54V2CS
8V8C323XYSA4K833AA
636VK6JH8C4V323XYR
9VZDFRPVQS323XY9CF
3V323XYLVKREK354CE
2C2V323XYWDY64CSZG
323XYZKBZNC728C9VY
7VAEU6YPXB323XY4CF
2V323XY8CDQLMHG8SC
8C323XY6VDZTJ2ZZQN
98HCNPLB323XY2V4CT
ZJCDEH4D323XY2C8VZ
M84LEUYL6C2V323XYR
3C3VSB69E8BK323XYH
VCYX6GFC323XY8V3CT
5LREPT844C5V323XYR
AP8WW2W58V4C323XYK
323XY7C7AA3KMGH9VW
4V4C323XYHQUL95L2A
7C323XYU58QQES65VU
7C323XY4V8RDWURB7N
8V323XYF2G7KC6H3CE
HHBWZNWA9C6V323XYR
74DUG5LM6V323XY2CM
323XY4V9CDGCMAN4LJ
VUXDKVVM4V323XY4CM
DYGC3XMD8V3C323XYK
5V7C323XYVQ9Q8A7HA
WRRT7MLW2C4V323XYR
5C323XYMHMRRRB34VU
8V4TZ9HNF62C323XYD
4ZU5BLWR4C323XY2VX
2C4V323XY4FJTVZ3EG
7V4C323XYKLNTRWKJA
6VUG454K6U2C323XYD
4V9C2YAWTRWV323XYB
PPDZEMGM6C323XY7VX
8C3VQL94KTX3323XYH
C4FA5FFZ2C8V323XYR
6C323XYPQX3LH627VU
4LFSWSBB323XY8C9VZ
323XY6CJV2TZEAG6VW
323XY8VCA8B5K9D2CL
2CAQRHMN5G323XY5VV
4MGKWVY2323XY2V4CT
LFV56BMH4C4V323XYR
5VW6QPN8U9323XY4CF
2C8VSGWVR6NA323XYH
323XY5VX3K3NJ3C2VY
4C323XY9V7BBDSRWRN
4CUE9WKG2W7V323XYP
2CNULAZV6H323XY5VV
XFRDYEYY6C6V323XYR
5VTJ3A9R9N323XY8CF
LZZRCGDL323XY9V9CT
6V323XYHTFUP8MC2CE
6V7CXCBTS8TQ323XYB
2C49KLZ89H323XY4VV
8C323XYJWQSS3U46VU
6AFZW2G92V7C323XYK
WYJPT2GW323XY4V4CT
8C7V323XYT4X9GQNYG
2C323XY2VVTE9AENGN
9C4V323XYMF84L2GCG
7F5PZ8VE323XY8V4CT
323XY2V6S7TVS2T2CL
EKQ9ZGD99C6V323XYR
3V7C5HTNRT3B323XYB
6V6C323XYZ8B2JJDEA
323XY5VLJNLHXX44CL
323XY7V6CJ36EQAX8J
8C8W8DDE567V323XYP
323XY6C5VD7AYRW6PQ
323XYJH5UYQAN9V4CS
323XY8C2V9764TBWNQ
323XYDJ9GRX2N6C4VY
4C4VFK84M59Y323XYH
8C8VBZDRL24K323XYH
PTWPMJKN2V8C323XYK
6V323XY6CAWJX9QGEC
9VFBPHFF59323XY3CF
EK6YJTYD4C8V323XYR
2C323XY5RW4WF7X6VU
323XY6CPPUXP4Q38VW
323XY4V37VHQ9R42CL
8V4CDZYVCUHF323XYB
323XY4V7CGK9G4VHLJ
323XY3VVQVXZEVF6CL
5V323XYENAZJD2P8CE
6CX9G6U8RV4V323XYP
SVMA4PQL5C323XY4VX
4VPSBGYX7S2C323XYD
323XY4V4CHYL47U95J
6V323XY6CZ5NQFV2LC
8C5V323XYWB4EE2KSG
U7HWYFYH323XY9C9VZ
WQAJU5ZS323XY2V2CT
JE9KGKLL6C323XY2VX
7V323XY6CZJJZW8X8C
FA5QMC2N8V323XY5CM
9C2MH4CUXK323XY4VV
6C9V323XYJPXWG3TUG
6V323XY9C2MZ6XXJLC
3V323XY3C5NKJJ2L3C
323XY2V2C9VW6PH8XJ
323XY8C4VMUGPG6MNQ
5VHU4YG8K44C323XYD
5A67FWV58V6C323XYK
4V323XY9CT3WKTBRUC
6V87QLPFMD323XY8CF
8V7C323XYLNHSLNRZA
4V323XY2CSM8NQR3QC
8V323XY4C8JN7RSDYC
9QEG8F9W6C323XY6VX
3CTHPTNM4Z8V323XYP
2V323XYR3AVV5AY7CE
6C9V323XYKXELX47UG
WJ2MC7ZF323XY8V6CT
323XYEEFUXALS4V4CS
8V323XYRXEC9CNN6CE
3V2CHWN2TVVF323XYB
2C323XYR99APNZ36VU
5K59GNCA9C323XY4VX
LLEXPZR32V323XY3CM
2V5WER6ZGR4C323XYD
WKWC7SCT5C323XY2VX
7C5VGMY6Z9EF323XYH
323XYAWHX3MPX6V3CS
6V6CEW587U9E323XYB
3CXDXDPUBK4V323XYP
323XY2C8Q3HZD3M4VW
98S5T7HT8V8C323XYK
323XY9C6V8ZCG9AH3Q
DDURBVNU2V6C323XYK
4QZCANCX6C6V323XYR
323XY4CPEGHYUNC4VW
323XY6VJX7ZAVS66CL
4V2CKW8YDY76323XYB
LN45VGBT323XY4V5CT
323XYWC7UZ4JF5C2VY
4V4QCD6VJH2C323XYD
323XYK6E8GAZN8C6VY
9C323XYNASBLGNE4VU
8C323XY8V7ZP33U9ZN
2CZUDVNHD98V323XYP
323XY85YZA5BA4V9CS
8CPDDTAV9V323XY9VV
2CSL24MPCW323XY4VV
323XY2RS3ABNG4C6VY
8VV4N96K5S8C323XYD
8C4V323XY6ZMUNWDZG
323XY8VVXFX9FHV8CL
2C2VPJKCCKSW323XYH
8C323XYQXXWAJBN4VU
PU2WGHY5323XY8V6CT
ZQZJ92FE7V323XY4CM
323XYD6NYDMT36V2CS
323XYWR78TU7S4V2CS
C4EUFFA78C9V323XYR
WBDU9J2X9C323XY8VX
5CNXJKFAQT323XY3VV
HNPGY8TH323XY3C7VZ
4V2C5KXN77DA323XYB
323XY2CPBFYG87W4VW
38VMX65M323XY2C4VZ
4C3VXT6N2PYS323XYH
4C323XY6VNKUUDMPAN
6C323XY5V6CX6N5R8N
6VJYBET287323XY2CF
323XYCYUU9W8B2C5VY
MYW8JUK32C6V323XYR
GLZVVJXW323XY7V8CT
6V323XYT4E8EJZ22CE
Z4B8CK6M323XY6C4VZ
6V5C323XYQ9ABCRVBA
323XY4X64W96Y4C5VY
6RJLAX7H6C2V323XYR
RAFYXTN94V323XY6CM
6CJLQX6W3A323XY2VV
323XY8C6VME2APUQQQ
4VA5S5G2H2323XY2CF
DCQCK6WY323XY4V6CT
2V323XYATKYLKHY9CE
4V323XYKWRXDYZW4CE
2V2YPPEQK36C323XYD
323XYESSUGA9Z2V2CS
M7GHEM2R9V323XY2CM
8V323XYRDF684MC2CE
8C323XY6V3P49Q5ZGN
A9FJM29K9V323XY6CM
H6CUCG6J9C323XY7VX
2C323XY39JZRW6U4VU
AYE2EZH48V5C323XYK
2V2GBM5WBQ4C323XYD
7VWLM7BTS4323XY4CF
6C323XYNX3SBP6Q2VU
2V323XY3CN8RGNRCWC
3C323XYLL92UY3M9VU
7V9R6L5M7Q323XY8CF
3CHT24796Q6V323XYP
5V2C323XYQZ7QP9PMA
8C8VNT2FWUQ4323XYH
323XY9VWWGQQRGJ2CL
9H7PCAND3V323XY2CM
323XY4CD6BAY57Z3VW
7V38WB2CV72C323XYD
323XY2C8V5CWFPNFGQ
323XYXP64C49H6V6CS
323XY4VBY446FEB2CL
7V323XY6CCQPDJPT3C
323XY2C4VTWD6QHETQ
323XY8V7CSW4EUA2MJ
UNLU9FD64V8C323XYK
GZ7R8XMU2V3C323XYK
H8GHNLW6323XY4C9VZ
323XY2VSPC3BJXP5CL
6C9VNP4FKDLB323XYH
323XY4C2VB9SPV94QQ
8CEXKXTP743V323XYP
9C5V3HM7KN8Z323XYH
3CFKFUJVAC8V323XYP
8CLKCKAYBM323XY9VV
8CE74N46VK323XY9VV
2C323XY4VWGKTUJRTN
2V8QZJ7GA33C323XYD
323XY7CK94VJV6A8VW
9C323XY3DFUS8LD2VU
9AAJEGYU2C8V323XYR
2V323XY8CWMZ4XBSEC
8V4CRJK758GA323XYB
323XY6CZ7NQNU352VW
MZZARWRK323XY8C4VZ
4VG6DJAB42323XY6CF
323XY2C8VR3GNQKBKQ
323XY6VAME29WBF6CL
7SKA5XZ4323XY4V4CT
2C323XY9VHY7EET4LN
3CR8PX2KHC323XY8VV
4VZBQ4MY2V323XY2CM
GR3UC9PA8C8V323XYR
2C323XYEMJKFKNM2VU
323XY5V2CW77RU2AFJ
4V6CBTG2VXUP323XYB
6VYS3MM5C3323XY5CF
7VPCTL7BW9323XY4CF
2V3UVWPC323XY8C2VZ
5C3VDFYH693G323XYH
7V323XY8CFSZBJ325C
4VJR6RWW6G323XY9CF
WSD7GFUS323XY2C2VZ
4V3C323XYMVNNBU38A
5V7C2D9HQ4ZP323XYB
323XY5C6VZDMBR4YMQ
78K557LY323XY2C2VZ
4VVHLW7KZT323XY4CF
323XYGWRKX7SD2V3CS
Y3JMUY7R6C6V323XYR
EFFAH4H94V8C323XYK
323XY4V7CLHMJPKF7J
6CZZR74PLD8V323XYP
4V7C9XVAWQU9323XYB
XSESRJG7323XY8C2VZ
323XY9PE9EJN78V9CS
6V6C323XYAQWB3TDJA
4C8VLV743Y83323XYH
7C4V5CAYS9CX323XYH
2C8V323XYDZVW8KAUG
323XY3V952TA9RR2CL
3C323XY7V7PNUHJF7N
4C323XYLJZUDZ6A6VU
RHLLL3X2323XY4V5CT
4C4VHZH6TRKR323XYH
9FP7TGV28V323XY6CM
323XY3VBY85YZQ36CL
2V3C323XYD8FCXLTMA
323XY2C6VPAK6HB7EQ
59TG5DTV323XY6V8CT
3VHPVPM5GS323XY2CF
2C323XYALG5XW588VU
2VP36DHRBD323XY8CF
XDZG8TLC5C323XY6VX
2VP5EQMJNN4C323XYD
8CQ2JCXYBB323XY4VV
8VQHWV2Q6V323XY7CF
6C323XY7QNQ75742VU
323XY2C5VA4S5665NQ
2C323XY2VQRKAEW7EN
GNCZN8TR8V323XY7CM
3C323XYU9CEUZ6S4VU
6VKNEKEQPB323XY6CF
323XY2VFSA4UDKU8CL
6C323XY2V5BW83LGGN
323XY9C3V4RDDRPH6Q
5C8VH2BV9B3V323XYH
MLKAB9FU8V6C323XYK
323XY2V4C29BQ3CV9J
9V323XYW65ZV6878CE
323XY4V8CR2LRN93SJ
8C9V323XY5NXDTYY9G
FLACVM3C8C6V323XYR
2C323XYNWY43M8N4VU
4C5ZMAYPHL323XY2VV
6V323XY3C727AMXCYC
323XY9C2VCZNY2HD9Q
8V323XY9CCCTPRDEHC
3ZZEF7D32C2V323XYR
4CMLC6RW3C323XY4VV
8C323XY6VYEH6PN3TN
8C2VXJD6MR2D323XYH
WUE5S6T32C323XY8VX
2VHM326FC9323XY3CF
323XY6V4CVV59M6TNJ
323XY6V2CV5RBQ66SJ
4V2C76JUG9NR323XYB
4KJ9CSRC8C6V323XYR
323XY2C2JBTMFR98VW
4V323XYXULUT2L64CE
8FR9T5CX2V323XY9CM
6C2VZTNPSNZA323XYH
8C323XY9VXPG99BH5N
2V3CNZCLLMTV323XYB
8C323XYH9KKDNZ59VU
V5QTJ5D56C6V323XYR
323XY4V99L9ZDEC6CL
4C4V323XY93NARQCXG
4VFFLQPWGR2C323XYD
8VXPLR8HLF4C323XYD
4V323XY4CY9ZRC4A8C
7C4VDXS3YGN2323XYH
2VM9RZBB2N323XY4CF
4C323XY6VZV2CWC4JN
323XYR3ZNZJJQ9C3VY
2V323XY8CU4SWEY2NC
MDQVL37Z5V8C323XYK
3C323XYSBKA2N8N6VU
323XY5V6CRQ5ZGBAUJ
323XY8V2CRK92F3HRJ
323XY7CN8JS6LAY8VW
2C4VNPT3D6CL323XYH
6VWAL7P5ZS323XY4CF
8V7YH2N3RJ8C323XYD
MRY9GVG38V2C323XYK
23GCXRJ98V323XY8CM
5PXAJKFB3V6C323XYK
8V4C323XY5Y23FY3FA
2V5C323XYXJS8HKNKA
6C323XYBY25PT593VU
XTXP3HHL3V2C323XYK
6V4CFZXGQ6SX323XYB
6CV6GMLH6R323XY8VV
323XY6V8CZYUSR3T5J
323XY8CAHD8NDWK8VW
7C323XYWUXERWHW6VU
4V2CGCY2QYBF323XYB
MT9LV4ZA9C9V323XYR
4V7ZHBGZM7323XY2CF
323XY3C6VDDL2ZMQHQ
8V8C323XYTRTJG8C6A
323XY4VGT7B9G734CL
4V27DXNBPW323XY8CF
2U3Z6SFP9V4C323XYK
6VJE84KETU323XY3CF
8C323XY4V73X5MGFCN
323XY5VVM93BZ4V2CS
323XY2VZKXGFTAD5CL
323XYYLS62WXU2C7VY
3C4VYMP4PCM4323XYH
TX6XRZSW5C323XY4VX
2V8C323XYA2EK53GSA
323XY8VHCFUS3X55CL
2V4CKRNKJEXJ323XYB
9C8VXSQ8CHHR323XYH
323XYGDRX75E68C5VY
8C323XY6VSNVFTBRGN
323XY4V4CR6YK87N3J
4CV4KSG89R6V323XYP
323XY53L8HG5R8C6VY
2CKK3CNC8P323XY7VV
3C323XYGGMP4C3T2VU
2C323XY5ASAJ4522VU
4V323XYTJBJMZSC3CE
5M7FV84K6C323XY3VX
WTYFZLXJ8V2C323XYK
323XY7CDRGZL6MK2VW
8CLNJJSZED6V323XYP
6CGHPASNAR323XY4VV
6VL9GPNQT59C323XYD
6C2V323XYPRL8MNS6G
6V3C323XY54PAWAVJA
8CVU5TS5VC3V323XYP
6C323XY8VRDMN39SRN
X3VR8XF56C8V323XYR
5C323XYNZXL6AX42VU
3C323XY8VM573EZY8N
2C323XY4VQPE7RP3BN
S6EHGSC73V2C323XYK
2V323XYRTBKQDHL7CE
3V323XYK5K8J57A4CE
6V4C323XYPTUHMVFQA
92JYHNC26C323XY5VX
7C6VWV6CYVE5323XYH
4C323XYMBEJ89724VU
6V323XY3C4FAQ4P55C
4C2VBAPGH3ZX323XYH
8VQE7M57G82C323XYD
5C2V2GCVMD5E323XYH
7C4V323XYCAVGNEX2G
323XY4CRH82XSZU8VW
4YMKTANF323XY2C2VZ
9VT387GL4X2C323XYD
9V323XYHBGEA5XA2CE
4VQ7ALLMSS9C323XYD
323XYD2MYDZS67V6CS
2V323XY5C4G66MZE2C
UXCQ87QT8C2V323XYR
7CLM85N82C4V323XYR
V6KGU36Z4V323XY4CM
323XYAHHEJV6F6C2VY
FETAVXPD6C4V323XYR
323XY4V5C2QSGSZ37J
C2EWDK9Z2V323XY4CM
BJ5P7HHH2V4C323XYK
8V3C323XYVZJ7RRMNA
3V323XYQW9GP89W3CE
59D5HKC96V4C323XYK
6C323XYJNSSB2SW7VU
AH72ZALL323XY7C4VZ
2V4CFMN592VD323XYB
323XY5VWP3RP3RK8CL
RHAT24E93C323XY6VX
7C4VJ8CHWC9Y323XYH
323XYVYRYD8ZW2C9VY
3VWTS4HNP3323XY9CF
FMAG5CZC323XY8V4CT
UNKAHK7H8C323XY2VX
V4W3XVWH5C323XY9VX
N7HFDQSE323XY3C6VZ
323XY8V6UVL4T984CL
3C5V323XYH6TDJSBZG
323XY2KL8RBNG8C2VY
5TD9K4BT6V323XY4CM
9VRYNLVAPU2C323XYD
4SCCKZYX6V323XY4CM
4C323XY4VSZCFY56DN
8CK4ZDQM27323XY6VV
8CPKQ49D6T323XY5VV
2CLFWSPHSF323XY8VV
CHZXFL6N323XY8C9VZ
323XYGEYSHBMD3C2VY
WEP8QLE72C6V323XYR
SF6TR2GN323XY2C4VZ
323XY5V6CQ2ZAGZ4DJ
6C323XY4V3WFQMN3WN
6V9CF3LV73V2323XYB
6C8VNEGYWYFZ323XYH
7V4EYNMWWC6C323XYD
HEN385N83C4V323XYR
8C9V46VH37MG323XYH
5V4C323XYS22EMW6KA
JJANAUZ59C323XY4VX
M94B8X5H2V2C323XYK
F5VK4EEN8V7C323XYK
323XY6CR3FKQ8XL6VW
US537D854V323XY8CM
6WVR8MMM2C323XY6VX
8VKW55J38K6C323XYD
323XY9V2VWLDG4H4CL
2C7VASR6CTLP323XYH
323XYT2UH9GCH8C3VY
323XY2VWRXWKA2Y4CL
7C7VPQMY7U4R323XYH
4CTBSCHKD5323XY9VV
5V2C462EF6A6323XYB
8V323XYC2VJRYTU6CE
6C323XY2VQCVL76T7N
323XYP97SSLJU2V6CS
6V8CF4DB6DNC323XYB
6V6CL9ZDAU5T323XYB
323XY8C5V64QXFP9WQ
4C323XYZNWHYD6C4VU
4CTSMQ428U323XY4VV
2C323XY9V2SUV3VUKN
7C9VQERCHPVH323XYH
323XY6C5S7PVUSW2VW
8JXMR9BX323XY4V4CT
323XY6C2V7ETJC9KDQ
V3CEKQWE2V323XY6CM
4C323XY4VQSAX5DZNN
PKTKKMHF8V8C323XYK
2MBXJQUU323XY9V4CT
4V323XY6C53VUTJ39C
323XY2V6CLDLSQ62KJ
9C323XY52DTE5G75VU
323XY4C6V44LJ5MDUQ
2V3C323XYQXECA973A
323XY6V9CFYLP4PMMJ
5V9C3YLRLG9P323XYB
323XYBQ4NTVDY2C6VY
6C323XY6V8AM64JE4N
4CYQZBP6VW323XY4VV
9ZHQ6FRQ6V323XY2CM
SB7S7ZCH4V3C323XYK
YK95FXSV8C323XY5VX
G72DJKNY323XY6C9VZ
FEVZ3TKM6C3V323XYR
2VK7SP6ZWZ2C323XYD
323XYVF8948N77C8VY
323XYZ723JDJ56C6VY
HD8WAGLR7C323XY6VX
2C2V323XYDRKQH4ZNG
323XY4V6CYKHPECP8J
6V323XYFFQE5WLU6CE
E5A2B42H4C323XY2VX
7V2CH4PALEP6323XYB
323XY3VBAGFQ39L9CL
323XYKQP2HNJ92C5VY
2C323XY9VZ7A2GEHXN
2CXB4TBFQ53V323XYP
TALEAM2S323XY5V7CT
WTDJJXS5323XY2C8VZ
6V5C323XYSR34ELV8A
323XY35Q2SKV56C2VY
323XYALYA5UCE6C9VY
RNHQ6PY98V323XY4CM
4C2ZH7NYW68V323XYP
323XYWA43M3K62V6CS
8CZJHXL6762V323XYP
4V7C323XYAZG8PY3XA
323XY4C3E4BSSXF3VW
5AVFVZPN323XY3V3CT
8V9CUVVFWR82323XYB
4V323XY9CPP2J3YXAC
BHBHDMY25V323XY9CM
6VK7KPNWST323XY8CF
323XY8UEQAGT44C4VY
7VRNB7GYXA323XY8CF
RL6XK4LN323XY4C9VZ
323XY2CM7JHCQEE6VW
SWP2ZHVM323XY4V2CT
8V323XY4CGGP9LN4KC
KU9ZM2FZ7V2C323XYK
9C323XYXMSVUCQP3VU
323XY2V5EJ5V4J62CL
MZ5S7K2K2C323XY8VX
6V323XYH6Q2PRZU8CE
8C965JS2M7323XY6VV
6C323XYURJDVYSF4VU
8C323XYL9HX2CMT4VU
8VJE5J8BHQ323XY6CF
7C323XY2VHAQBJNQTN
2C2V323XYB9TS2MARG
6VDHPFV25R323XY8CF
KN9RSA78323XY2V4CT
7C8V323XY6N4SMF43G
4C323XY2QU8YANS2VU
2C323XYY5WYDEVN4VU
3C8VLZC9ABFP323XYH
8C4K3AHPKQ323XY3VV
6V323XY4CANFGYLUEC
6C5VQR68ERXX323XYH
323XY4QY8JNGF6C6VY
323XY8V7CX79VLP73J
4VLBB32ZWF323XY2CF
SVAXNTCT9V6C323XYK
323XY2CWQWU42V58VW
P2G64RF7323XY2V8CT
8VEDB4WCCS5C323XYD
3V323XY6CSAVXKF9FC
2V323XYAUQ5LGVE6CE
7V323XY4CQR6CPMG3C
4V6C323XY2WWGXEPRA
323XY9C3V4NHQ3F4GQ
BHPHYBM3323XY8C8VZ
7C7VB6FGUQ323XY6VV
323XY2V6C66N4M3LEJ
UNQPDDMQ8V5C323XYK
8C323XY3V6XW3RJMKN
RPSVDLS38V323XY7CM
323XYJYCBHWH98C2VY
2C4S4KWJL2323XY2VV
6C323XYRAVFLY8J2VU
4VPP8S5QYB323XY4CF
323XYHU9JWYSF2C8VY
2V323XY2CQX7EJXKDC
323XY4V5CC9VGYNVSJ
323XY7JMWD72M7V2CS
2C7GBXQ24Y323XY8VV
56Z2H7DH8C323XY5VX
323XY6V2WADZND94CL
HGET2DJF323XY8C8VZ
7C4V323XYNXRPRG59G
323XY2V4CLU5WG2KXJ
8C2V323XY48F2C7BNG
5C323XY6VDHRTKCSSN
6V323XYCC9VNRCT9CE
323XY3C2VL55CDDWUQ
8VUUG984LS323XY4CF
DXNSQG4U8C323XY4VX
9CYX37FEEJ5V323XYP
5BGWZJ7N8C323XY8VX
5V4C4C72YV3R323XYB
323XYF3G5ANHL7V7CS
2C3V323XYUWSXF5JKG
8C3V34MVW985323XYH
3V323XY8C6J6Y5E3SC
323XYPRA3897P6C5VY
6C323XY43YYBB2Q2VU
9WACDWU42V4C323XYK
5CR6T776WU323XY8VV
6C4V323XYALFPD6HSG
7C3VPRATLRG6323XYH
2C323XY4VNNMX59RPN
323XY3V8CVELXGJRMJ
8TVCVB3M4V3C323XYK
7C6V323XY28ADPAA5G
9C6VRLEX7ZFH323XYH
8V4C323XYRVEVZNNMA
MYFLEAEF2V323XY3CM
323XY4V4CVZ2DHCYYJ
VAXW6AVD8V8C323XYK
6C323XY4V6NYJPYWYN
323XY4C8VRDVMMHDVQ
6CWYXD29UA5V323XYP
6V5WLH4HB44C323XYD
2LHNDMEE2V323XY2CM
3UBVFF7N7C9V323XYR
6V323XY2C85P65J54C
7VPPPTUH2V323XY6CF
8C4V323XYCM8UDU8JG
323XY7CFHQRWC8L8VW
323XYYXUTZSSB6V7CS
8C557VYJZK3V323XYP
323XY9C5VRZ6AYQSMQ
3V323XYLP5634GB4CE
323XY4CZTYFSRCV3VW
3V8CP8VJCXHE323XYB
XKNGWHZF6V323XY2CM
8C323XY4V6FWQWVMBN
WZQPTDRB6C323XY2VX
MNV8AP3C323XY7C7VZ
7C323XYMV74YL8R4VU
6V4C323XYQK4EM5VBA
NQYQEL74323XY7C7VZ
6C6V323XYXHNHDMLBG
4C4VWMPN4R2Z323XYH
323XY2CYME7Z9272VW
323XY6C6VCDZGBG9AQ
6VMH9RP7FH6C323XYD
AJCBVMAJ4V323XY3CM
FEECUT3Q323XY4V4CT
T8ZAY7WG2V323XY9CM
9C43PQQ97C323XY9VV
323XY4VM6WZAZY74CL
6C323XY6VXA66XYCVN
TLACMZRE323XY8C4VZ
3MPH84W47V323XY8CM
C7QUTAHY323XY9C8VZ
JQCM52GE8C6V323XYR
2V4MF2V33L8C323XYD
P2UL3GVK323XY8C6VZ
8CQRCU6N44323XY6VV
8C9V323XY59RQN8P9G
2C323XY2VU8XR63AQN
3C323XYHTTXVMYN4VU
2ARDVKBS8V323XY8CM
4V9C323XY3BBFBYNEA
4VEJREN2QW8C323XYD
323XY4C7VV79X8ZN3Q
2C4V323XY2VDL252SG
323XY6C6VFWV8RSHEQ
7JDBDPY5323XY6V2CT
8V3CJAXHHRJJ323XYB
5V4C323XYR98DS3M7A
4C323XYNR6KFC9N6VU
8V7CPMHG5YQM323XYB
323XY8CH8CPZBNX6VW
323XY6VDSB23GQ26CL
6C2V323XYSAW7879FG
8V323XYD9S5ZDHB2CE
8C323XYKE9HC4S96VU
5V323XY2CLGPCJH9MC
8C323XY3VYHYBJHW3N
8AYSYD362V323XY4CM
9AK35SEN323XY2C4VZ
6VGWCP9SEC323XY4CF
WVFXR76N4V3C323XYK
5VGAZTGEE64C323XYD
HS98NSG2323XY8V6CT
9V2C323XY86STPHNEA
94BMPLZM7V323XY8CM
D6Q6ADX34V323XY8CM
CY9SRUBT323XY4V8CT
323XY9VLJ8X7TXN9CL
323XYC5AJHBA79V4CS
323XY8V4CSURXVV3DJ
6CVJVPZDTS6V323XYP
323XY6KD2MZAL2V6CS
LKTMDCNY4V8C323XYK
2CCAAQN2HW323XY4VV
2V7CF8CHBBR6323XYB
SSTLK4222C9V323XYR
4VUPWT25BB323XY2CF
4CLX4L6R23323XY3VV
323XYPKZBMYBC2V2CS
7CZY34BAYH323XY5VV
323XY6X7THR6F8C6VY
4CWV8EKUHX4V323XYP
9V8VQX5QKN6C323XYD
323XY5WXG7KNF6C4VY
CYNJNYFS323XY4V4CT
K2WULYSR2V323XY2CM
8V6C323XYP6HSTLGTA
6M638UV7323XY8V4CT
7S7BAWZ99V8C323XYK
6V323XY7CPQK6Y3DGC
HUBNKU554V323XY4CM
C3W4QFCF323XY5V9CT
8VU2PXAZP3323XY4CF
323XY4C6V677H36NJQ
4C323XY4VBQ6PT7NRN
8V323XY4CQZTTTPJFC
323XYSFCFV9AZ8V6CS
F5CT8Y5F6V4C323XYK
8C8VUHJ8VSN4323XYH
4C2V323XYJS8J6LMWG
2V7C323XYU3ZPMA4HA
4C323XY9VJSHTFNQLN
8V6C323XYWG9CMEVLA
323XYN3E4DF5W4C9VY
323XYJ2FMHYUR2C6VY
8C323XY5FEVD35X6VU
37XSJCBL323XY2C3VZ
323XY4V4CPXWBL9AUJ
323XY3C2VTJBG8RTFQ
2C323XY6VT3CB3P2SN
4V5C323XYELR3SZPYA
4C323XY5VZ2HRNBFNN
323XY2VMBSU6T5N3CL
2V323XY4C92JXVXPMC
4VP84RQBYS9C323XYD
DFL7ECVJ4C323XY2VX
7U55HBLY7V4C323XYK
323XY8VH7KG7E9K9CL
LKX4MSGK4C6V323XYR
6VTT7V8HEJ9C323XYD
8C323XYGVSMY4MD2VU
6CVPUSSWTR323XY2VV
9YSSQTYV8C323XY6VX
WLS8MYHY9V2C323XYK
4V3CFH7XB2A8323XYB
8V7C323XYPFMF3UCFA
6V6CVYF56P25323XYB
8V3C323XYS6NUG2S3A
2CBDYTV7658V323XYP
323XY4CGCJUPKHT6VW
3XP4KW9F323XY9C4VZ
WF3CS3MN7V6C323XYK
6C2V323XYF7M58H3MG
SXQWPZYP4C323XY6VX
9V323XY2CVH3C63ERC
E4YPPNX59V323XY2CM
8V323XY6C38ZKY3Q8C
2C323XY7VGKWJ3F8KN
8CV68L9XR38V323XYP
323XYXCQFEEKJ7V3CS
2C8VWA8N558J323XYH
9C6EPTTKJJ323XY2VV
323XY2VYPH3WN5H8CL
HYNRDW6B8C4V323XYR
323XY8V6CUMG8YKNXJ
9C8V323XYAQ7DVFFDG
P5A5N7AQ323XY4C2VZ
4VPANBQVJC323XY4CF
323XY2C8VUHEAG8F4Q
323XY2CRHBFPLR58VW
K6ZYABKM9V323XY8CM
2C2V5ETYQ6QN323XYH
4C6V9P9ND8VR323XYH
323XY9C6VWMF2JT4DQ
TD7RWEUB2C2V323XYR
323XY8C6V93ZT8ZTLQ
323XY6VK6XZDD256CL
4V323XY2CSCGTYMNLC
323XYNYPGZ3L75C8VY
6CA38S32G49V323XYP
3C323XY3VWETRUMKTN
9PNQ7W5E7V323XY2CM
F74FJR3T2C4V323XYR
2CDMF2ZCKT6V323XYP
323XY4V223KJLGN2CL
2V323XYQHHB48J32CE
2V323XY2C6G2HBJ8LC
2VSXBMGAGC8C323XYD
6C323XYEKWT7NV62VU
8V7C323XYZVHWVZYWA
5C4VHHLPRV5P323XYH
3CS8KUWJJP323XY3VV
323XY88RTGJB52C3VY
2C7VFUMZ8HW4323XYH
4CMTVX3LG3323XY8VV
8V64TFHSNC323XY4CF
323XY4C6VUG8BN545Q
323XY4C3VJBT78DFCQ
8V323XY8CHS6XLZ72C
4CZU6K39XJ323XY4VV
323XY8C8VG2HCLLHDQ
4Y64UGQH4V323XY4CM
JQJEKVC7323XY4V8CT
323XY8V3CQLCRFH2JJ
323XY8CQAW2D5X72VW
7VNARZDMHE4C323XYD
323XY6CJTNP2ZCB2VW
6C94GV67L6323XY8VV
2V323XY6CCE2PFFTWC
CAQRLV7B323XY4V2CT
8KKQPUFK6V6C323XYK
323XY8VY94QJ8682CL
4C6V323XYSBYD3FZKG
8VX7HNAEZR323XY8CF
4C323XYK6PKJWHW4VU
9V8N24SVER323XY4CF
4GK3E6ZU4V8C323XYK
7VUP59TMD25C323XYD
PVSFSJQZ6C2V323XYR
2V9C323XY29SL2JWCA
2VZBN2MBZX323XY9CF
323XY3C4V4L4TW5DKQ
6C323XYVRS278TE8VU
FMEHVSBV6V2C323XYK
6V323XY6CXG43L396C
ABTA5PKM323XY8C3VZ
486FTGZV8C323XY3VX
323XY7VKK9HV9674CL
8V323XY8CJ3UC6WJKC
M9CGKCLU6V323XY9CM
5V9SDT4LT8323XY9CF
8C9V323XY3AEQSTWQG
323XY7VVGAPJPGW4CL
6CRSLPCFUS323XY4VV
7C323XY7VLKE8QPELN
4AU5ZJFE323XY4C3VZ
4V2C3CS5L5J7323XYB
6V3C2NWR8PHK323XYB
323XY6C8VTVSRCV5TQ
2V323XY6CZAJ3GFEXC
UCDX6C564V5C323XYK
3C4V323XY49JWEHGGG
7C9V323XY359HJDQXG
323XYFW49C8DG2V2CS
8V323XYQWHKUCNV8CE
7V323XY2CE8BH9T5QC
NWPTUQUE323XY2V4CT
2C4VYTYRCLJF323XYH
4CXE3CQZJE6V323XYP
8C4V323XYP327YUD6G
DHTVR4GZ2C9V323XYR
323XY2VRX6AR7QQ8CL
323XY4VNCST59S25CL
8VEW58LZ5H9C323XYD
CJ3MVKN93C323XY8VX
323XY4V7CMHLWQWPTJ
3C9A82KWK52V323XYP
4V7CHSE2JS9S323XYB
323XY6C8V5ZPZTPYDQ
2C323XY5ASFNV5N8VU
AZHJESUK323XY6V2CT
7C7VSLF6RY2G323XYH
6V8QW4VFKJ4C323XYD
323XY5VLJZHWWF46CL
8V4C323XYPBGF7NFTA
ZGMCRDCB2C323XY8VX
7V6C323XYWNSWN2J2A
323XY9894WK324C3VY
2V323XY8CELWA5G9YC
323XY4CYHLRDWA94VW
4C323XYXVC6JXAL8VU
K9DJNVMN2C6V323XYR
6V323XYDFNKQF2M6CE
323XY6C4VHGMG7SNZQ
QUQMK5554C323XY2VX
323XY8CD7W6TYNW8VW
6VUQJ75P9M6C323XYD
PS8Z5QX9323XY7V6CT
8V7AMSRYQA9C323XYD
U3WA59XB8V323XY2CM
4CJKYBKATA323XY4VV
8V323XY4CWVJQ2XQDC
8V323XY6C4DGQGQ54C
4V2C2U4EPYSY323XYB
EK7Z8Q9S3C323XY9VX
2C5VED9CTC9V323XYP
95M5XYQL6C323XY5VX
8V323XY6CQFF4P26ZC
5V3C323XYBYTA2WSYA
323XY6C2V932WZEU7Q
6CYZ766U7S323XY6VV
WHKDP6PU2C323XY2VX
E22DU3GM4V323XY6CM
323XY9CFHGU43WJ8VW
8V4XK7GM6Z323XY4CF
6V6C323XYBYDSVZH9A
3V4C323XY3ARB4F6KA
3VDWVW2QAX323XY6CF
9V2C323XYFFFDTF77A
323XY8Z7JW4H54V8CS
R99938S38C3V323XYR
PGKCSHNR8C323XY5VX
323XY5CLE4FZ7ZM6VW
323XY2CPSREZ37Y9VW
8CSWESRHCB8V323XYP
6C9ECDYDQN2V323XYP
EQVL5AFZ2V323XY2CM
323XY7V6CYW9HX3E7J
323XY4C2ER4G9R88VW
8V323XY9G67RK4D4CE
7V2C323XYEPAUVU3WA
323XY5W2WH9LK9V4CS
6CCFDK26BA323XY5VV
323XY4C4VQFJQHS55Q
323XYK5LBGAWH8V2CS
5C323XY7VXFPZYUSQN
6C4VC44NPEZ5323XYH
P9NUAV9J6V6C323XYK
5LN54W5K4V4C323XYK
323XYYKSLPL6C2C6VY
8C5V323XYYXHMASWFG
4CJGLG4EPQ4V323XYP
RREEQ9UW6V323XY3CM
323XY3VYX5H73E29CL
323XY2VDFCBX24J2CL
323XY7C6V6QWLRYU4Q
S58AA4QU323XY6V7CT
6V3KZLDL2W323XY8CF
5VUEWT5LVD323XY6CF
XJNPTRY84C323XY3VX
8V323XY3BL8TKKM8CE
ACVSGDFZ4V5C323XYK
HZRNKJZZ6V323XY2CM
323XY9VHF3ZEE276CL
5C6V7JT864PE323XYH
5N6HNSG38C323XY2VX
4VNS3GPA24323XY3CF
A2V569QG323XY9C4VZ
3WCXF4YY8C323XY2VX
9V323XYW63Y4GH48CE
KSL2FUJV4C4V323XYR
TAD28HGM8C323XY6VX
3V323XY2C2DMRVD22C
323XY7YEBUDKV2V7CS
323XY2C5VGWU8T8THQ
PEGHULYZ6V323XY9CM
323XY8CD9SS9QHF6VW
QXN7CKTQ5C6V323XYR
7VAG9YT6YF2C323XYD
4VY7UUCULK5C323XYD
2C323XYVFN3QRNJ2VU
6V323XYKWLF4UV46CE
2VQUX8CZ5B323XY2CF
MQQ3WVDG4C323XY6VX
9C9V3EZTMKQK323XYH
8V7JMZSTTR3C323XYD
4C323XY2VLR63VDLXN
6V323XYGAUFSFC46CE
323XY3JF47S5L5C2VY
2C2V6W3ZNVGJ323XYH
8C6V323XYKHUCTK3WG
323XY7C8V7Q2L3YNFQ
323XY4VT224EXZY8CL
DMB5W4SQ4V2C323XYK
5CLRZZZANH323XY6VV
2V2CZJJ87U6U323XYB
R6KJ7LUD6V323XY7CM
MLXVX7FQ4V8C323XYK
2VR3BM43N5323XY4CF
4CAEVTUX43323XY3VV
323XY6V5C93XU4N73J
NABV7W9L4V4C323XYK
323XYRL624UMV8V8CS
323XYP225AB4T3V6CS
6C5V323XYCN2SWSZWG
2VGN8JUS6M323XY2CF
8CA2UT3V9C323XY8VV
7LTA262Z323XY4V8CT
323XY9C6VZ35P6HK9Q
S5YUV7ZD323XY8C2VZ
NXPD83VW6C2V323XYR
3CVGGDFNTD323XY2VV
2C323XY6V5NX4BLVMN
323XYT3HNAF6V2C2VY
323XYV87Z28R42V4CS
4CEVNTD9S79V323XYP
5V323XYRPEQ8WSP6CE
8V8CJWZ25NLW323XYB
323XYB7TBXNZB7V2CS
4VSEGD7FDM4C323XYD
5C4V2DQNCQ3E323XYH
5TBKX9R4323XY4V6CT
8V7CMC8T6G5J323XYB
4V323XYF7KWNYJ76CE
323XY6V9B6EJYTQ3CL
323XY4V8CVHWDNZ5MJ
S2CQCQGF9C323XY4VX
323XYL797QYDS4C8VY
URNEYTV94V323XY3CM
8C5YA3YEM88V323XYP
323XY3C8VZ7QMD7SMQ
323XY4C8VJ38UYJ9EQ
323XY4C6VN9DZRSX6Q
K5XHED622V6C323XYK
323XY8CSPN2WU3E6VW
6C5V323XYS2GFC4M9G
8C323XYCVRGXG5F4VU
PMEQ5ZST4C6V323XYR
9V6X76G2T56C323XYD
3C3V323XYSVASMJF3G
323XY8C2V2R58DL3RQ
8C323XY3V2GM6HHAPN
6C323XY8VHYJCE5QQN
6V7C323XYFT6KRHYCA
4C8VCLMPCZR9323XYH
9V4VLZX587323XY7CF
4C323XY7QK3WZWQ5VU
S7NFSR7V4C4V323XYR
8C323XY5VLDWGA7KDN
323XY8V9D35M58R6CL
3V323XYG627DN824CE
2C3V323XYG2DRJKEFG
8V9C323XYDBNCYW5FA
5V323XY8CH74JNAJYC
5V323XYBRZ6Q95A5CE
9VKKJV6N5Y323XY4CF
6CVNGHFZ6G323XY8VV
6R6FAZMP4C2V323XYR
4V7DTDYXZD6C323XYD
2V323XY4CUJGLT6T3C
7GZU4HCM323XY7C9VZ
323XYYEVQTEQH4C9VY
323XY2C6VQ8QN4SKAQ
WYL999VD5V8C323XYK
DGGQRGGV4V323XY6CM
9F6Z2AJ28C323XY6VX
9V6C323XYG5Q8276PA
RDVXLHEQ7V6C323XYK
JU9URVJU2V8C323XYK
6CC6EXGW7Y2V323XYP
7C4VY9D3RTKN323XYH
U25MYWV66C323XY6VX
59KL6NLR6V323XY8CM
DQ267W826C323XY8VX
4CB5UJRZX6323XY7VV
5C323XYMFMP76886VU
2C2V323XYJFUQHAKKG
RQR8U7JH8C4V323XYR
5LQJE4HV8V2C323XYK
VZKDURK94V323XY8CM
2C6VB7ATAUAZ323XYH
8VJN2UUQ9L5C323XYD
8C5LQFHNY48V323XYP
PVSVHA5S323XY4C8VZ
RZ4PH6TY2C323XY8VX
6V323XY6CE33X3NU8C
PFYHM3TM5V4C323XYK
BY9VYLSX6C4V323XYR
323XY4C3VRPRD7D2ZQ
4CQCTHMQXY8V323XYP
BNJDSP5K4C4V323XYR
2N7892G25V8C323XYK
9V323XY6C6433YPYAC
4V3CUJQEJV34323XYB
8C6V323XYB5JYS297G
323XYVSU25FAP9C3VY
5CG5E7L29F4V323XYP
8C323XY6VRDCBKFD5N
YWRJZARK3C323XY2VX
EZFXRCTG2V7C323XYK
323XY6V2CFMLWJ495J
4VGB543FAZ8C323XYD
323XY7V7CWX8EXUSHJ
2C323XY5VYKAUK6XWN
NLA7M4V64V323XY2CM
323XY8V2C396QD5REJ
8V323XY8CZ5FU6XWTC
2C4V323XYGMXR83NHG
6C6V323XY4XZZ5T9QG
2C323XYVUQCK8498VU
2V2C323XYBX7VASYXA
3PVUB5F74C323XY8VX
323XY8CC2CA2N2V2VW
8V323XY7CQ3RHL9A3C
SSUJ86BZ323XY4C8VZ
D8DR8S9Y4V8C323XYK
5V3CQZ7WSR8M323XYB
323XY8C8V3WDDL55FQ
323XY9V2CRAMVU8KGJ
JZCQFV5S323XY8C8VZ
2UZYKQPK4C323XY8VX
JRBWJWE92C323XY4VX
323XY3V4CNRR9F64JJ
N5F6A96X5C323XY3VX
XLUB5Y9D7C8V323XYR
3TWCKYAB323XY2C4VZ
7CEH8YDBQS323XY2VV
3C6V323XYE7ZE5JC3G
7GJ7PN7Y323XY3V2CT
3C323XY6VVNQ7438SN
323XY9KKN6P5Y6C6VY
8C6V323XYKZJ2RWJJG
9CA8557JFC7V323XYP
8V93CEFTRK2C323XYD
2V323XY4PWFT2NR6CE
323XY5CYPE6EBJ47VW
323XYYGMPJ37J6C8VY
4V323XYG8KHSVU74CE
CQEGYZRK6C4V323XYR
2C323XY7VS8H927U7N
YCSWCUCZ2C7V323XYR
323XY8C7VY5GBRC2SQ
4CHQQ9929Y323XY6VV
WNZ56MWY323XY6V6CT
XEH2LM2P323XY8V6CT
323XYKRGHYXJF8C4VY
2CFJB2LU4T323XY5VV
6V323XY9CDEMDNQBWC
8C6VH3BGCN2P323XYH
TZH2MYAT9C323XY2VX
323XYU4Y4ES6X8V4CS
6V323XY4CHGWM9KAWC
8C2V323XYW3HXTHTQG
TQSADVSY4C3V323XYR
7V8CXMRUFZ4N323XYB
7C323XY4VWCAQ4WHTN
2V8CB4VXZRJZ323XYB
8VJEZQMF69323XY8CF
HADFAYS47V323XY4CM
8C8VZUFYBGFW323XYH
7V323XYEYCXG4AR6CE
323XY4C8PPXYEB92VW
5V323XYNF65KWWH2CE
2C323XYQNCRJ9G38VU
4C5VBEZ54XMY323XYH
Y4JJJADQ2V323XY2CM
323XYNYUQ8R7H8C8VY
323XY6VQVMW2N858CL
323XY4V2F8T2WAQ2CL
323XY2V4CHKV4G49SJ
4VVZU4TAWQ323XY8CF
8C5VFNYHB3UG323XYH
323XY8CMN533AYP2VW
323XY8C4V2TJ6ZVL2Q
323XY6VLKRSF46N9CL
EYQ2DD4M2C323XY6VX
323XY4V588QYW5Y4CL
323XYLP4SVDWF9C5VY
323XYQWU478L32C6VY
5CLRWPA3GV4V323XYP
4V3CM6TAX7R6323XYB
7C323XY8V3AM5QWW5N
8V2C323XYLWUF9QKHA
RLSQHHEV5C3V323XYR
DRU5B5ZP6V9C323XYK
9HER6Y8R6V9C323XYK
4V323XY7FSDNQ794CE
TAV9SV3F6C323XY9VX
8C9V323XY9YMUYL6TG
YZQ9596F6C323XY2VX
6V323XYKU576C6A2CE
323XY3V6CL8P3CL6MJ
YEX2KSZ45C323XY6VX
3CSV2WYAP85V323XYP
7QLWKLXA6C323XY7VX
323XY2C8VPNSBFW62Q
6C323XY7V6E92EG37N
DCHRKTJ63C323XY5VX
LJB36PYT323XY4V3CT
323XY8C4VYMFD39MYQ
9C323XYBYAN8BNC5VU
4VB36DBWNL6C323XYD
4C9VDPX37TZ4323XYH
9Y3BLK7A8C323XY7VX
2C2V947HA2MA323XYH
6C323XYMEDHGFL66VU
323XY2C9VPY4YFR85Q
323XY8VM6ESVSMT8CL
PD8S5WK94C2V323XYR
5V9GY9B55N3C323XYD
D2XCP836323XY6V7CT
323XYVQ73CNLF5V2CS
WV7686985C323XY2VX
JYVXUTKD323XY5V6CT
2C323XY4CG7HCNT8VU
2V323XY5C2YNZWY2CE
6V3C323XYBAE4TPWNA
ZMSWNAWD4C2V323XYR
6V9CHFY7ZAJK323XYB
6CZYQBADHN323XY4VV
VZH2TKD7323XY8C2VZ
2VC23RH5TU323XY4CF
323XY2CSJZHL7T52VW
323XY2V4C5UKAZXY5J
323XYHRSTV3RK6V2CS
323XY8CMPE7LRHK8VW
VDY5DL2C7V2C323XYK
TSS396S64V7C323XYK
APTRXTW73V2C323XYK
6C6VBMHTZCAN323XYH
8C2V323XYU2KJNRVPG
2VJC26HRCM4C323XYD
K5K5P3BP323XY7V3CT
323XY9VC8AXT7X59CL
3C4VRM93ZS9Z323XYH
D55SNCQY323XY4V2CT
5V323XY2CHC2N6PKQC
323XYK6EVL7MJ3V8CS
4C323XYQLKBZC8D2VU
323XY9CS8H2AYKL6VW
MK4BF92Y323XY7V3CT
4V3SLQDCEL8C323XYD
5CLKSYRJKK2V323XYP
323XYTHDM2KXX8C9VY
2VLARN9HS6323XY3CF
WLKWREVL8V7C323XYK
323XYZH9JAZ5D6V6CS
323XYSX46LRNX8V9CS
YVHU6J7N323XY6V2CT
4VRM7UCCX5323XY8CF
6CPF4QPEUE323XY2VV
323XY8VPHNYBAS26CL
4C323XY6VRUKRW6Y2N
323XYK6BNFSJ78C6VY
323XYHXWVBJAA3C6VY
323XY5V2C9UUY8T4WJ
323XY8CY9UR78DA6VW
S3E82JVA323XY8V9CT
UCBLBS26323XY2C2VZ
WHFG827S323XY6V6CT
NXG59PBQ7V323XY9CM
4C2VQXUQQ6Y3323XYH
FCC9G42R2C4V323XYR
FHM53HV2323XY6C4VZ
8C323XY8VCJRZBJJEN
8C5V323XY8FBP6QK3G
XJF6VJDF2C8V323XYR
9ZUEE44L6C323XY9VX
JFDA7MW8323XY3C2VZ
323XY3VMKQA6H6H2CL
TWGU8GQL323XY2V4CT
3CTNNK9UA52V323XYP
4C6V4NTG2TU3323XYH
323XY7V6CRD8WHYCFJ
8C7V323XY64FSFK4KG
CJS6GMCF6V323XY4CM
3V323XY8C58LADVLZC
4CE84A5CKM4V323XYP
8C2V323XYYZTSMUJFG
323XY4CGM8TBR7N6VW
6V6CYET9U9TQ323XYB
4CQHZUUAWC6V323XYP
7V323XYF2VEHYT93CE
8V323XY6CKE7KZ543C
8V323XYE3WSL5SG5CE
4V323XY7CNYS476U2C
323XYW9R87EWF4C3VY
323XYL7P37LNQ7C8VY
323XYA6ZGS9BW8V9CS
U884V9Q42C323XY8VX
6V6C323XY85BMAGMPA
U959DEDC323XY6C6VZ
8C323XY8VTT2V9SX4N
323XY4C6VY5QV8HU9Q
7C2SCN9JYC323XY6VV
MXBW2D836V6C323XYK
323XYVBHGVHQ24V5CS
323XYJYHCNXNM2C2VY
6CKDCPTA33323XY4VV
4CP6CS8Z6J323XY6VV
323XYSWPCMJXL8V8CS
PM7ZV8FU323XY3V6CT
K2SFC9TP6C323XY3VX
323XY2CZLJV82EH4VW
323XY6VR8EUKT793CL
2C323XYV883TC5S9VU
323XY3C6VP82R7UPXQ
323XY8C9435GZZ44VW
323XY9RVGGP4S2C2VY
LCBKP3MN323XY4V5CT
K5WR6YEY323XY4C8VZ
2VFV5FABZS323XY2CF
3C323XYKZLURALA4VU
QWGKH3BU4V323XY7CM
323XY4VQ7Q55DKR2CL
6V2CPQ5KQW8T323XYB
323XYQTD2WPHA6C6VY
2C323XY4V426W9NP4N
5LMNS229323XY3C4VZ
K38KVLUA323XY4C7VZ
W3VV4MV59C323XY6VX
2VL9S6LYB38C323XYD
6C2V323XYMUGWYXYVG
4C8V323XY4EZ6FVGAG
8C2ZBGFN2D323XY3VV
323XY9KEMDN7S6C6VY
6VTWYVFUYX2C323XYD
323XY7CL9ED65QM2VW
323XY6V8CDSCVYNGFJ
R4NQ79BJ3V8C323XYK
6C323XY4V6SZDAUPRN
4V3CY65E3C8M323XYB
2C323XY3VGPF4TU6BN
HB83XGUA7C5V323XYR
9N2JHGNP323XY9V3CT
323XYQ36RW6PV5V6CS
6C3VAVP4CBZV323XYH
323XYT75JAMJJ6C9VY
8HTC9LXN5V323XY2CM
3CJKWKT8PJ2V323XYP
323XY2V9CMVAMY2ARJ
5ZD4XG7V4C8V323XYR
323XY9C7RBPJW8S6VW
6C2QXY9EUF323XY2VV
M58QSLC86V5C323XYK
4C8VDEVEN27D323XYH
2C9V323XYQDY6FBG3G
T6E385W54V323XY6CM
8V6CDT8KNFFH323XYB
2CSXS7PT6U323XY2VV
323XY9CPE23L93Y2VW
7C323XY6VZL9R95S9N
5CWH86MKUJ323XY6VV
8CEKQTSVAQ8V323XYP
C8BK2VEG6V323XY4CM
323XY4C3YHLWJ5J5VW
323XY8VHCM3UKUJ4CL
6C3VCW5G9VY4323XYH
8V4C323XYPDEGNVPWA
4C323XYK9R8YZXK8VU
7C7VPDRTUMHA323XYH
P5D9MAA4323XY8V9CT
VXV7SV2M9V2C323XYK
323XY2V2CG3C7HT9KJ
323XYZVQ9J34M8C2VY
UV3TB2HY4V323XY7CM
5C323XY8VUK7N7974N
7CEWAP65EA323XY2VV
9C8V323XYTVQ2EMKQG
4V2C6BXZHUJM323XYB
SXY3SGV3323XY8C6VZ
4CBGA3DXYZ9V323XYP
6CN8RD6K3Y6V323XYP
3C323XYCS2RANWU7VU
4V2C5JKUB5N5323XYB
XSCF8PZB6C323XY9VX
KLC72Y388C323XY6VX
AT8U5KN9323XY4V8CT
4V323XY8CD8UZ5ZL4C
2V323XYGXNBL48F2CE
323XY2C966492MF4VW
8C323XY6VNGHBDR99N
323XY6C5V9HT7KS8VQ
NFJ73LRZ6V4C323XYK
ETQEQFC4323XY8V6CT
2V8C323XYZMMB7UD9A
323XY6V6CCR4HB9DZJ
323XYVJ985PWU2C3VY
323XY4C2VPYWR7MPDQ
6V4CV45DQUWD323XYB
323XY2V6C54BZA3RPJ
6SPVAT5R4V6C323XYK
LP6BKQ4H323XY8C6VZ
323XY6C6V7H8MF32AQ
H7TQHHSY323XY4V2CT
323XY9QZ4GU7C8C2VY
6V5C323XY8SL9XDQBA
323XY8VXV7ZN4CR4CL
8V323XY4C4JSJ7FW7C
6C8V323XYVN3M2BX9G
ETGG4JJU323XY4C7VZ
3C5VHNGF4BZ6323XYH
GVCQKJ5T323XY6V9CT
BYEZZEFB2C323XY5VX
323XYVGHM6E8Q2C2VY
323XY2CMLR3QQNS2VW
CQAS34PM6C323XY8VX
PMQEUCSK9V323XY2CM
9CTZZVYQ63323XY9VV
2V5CCY3A2PAJ323XYB
323XY4C6VS39Q6SACQ
4V6CBZA3UPEB323XYB
323XYL9V394M78C5VY
323XYNWSAEEF98V3CS
3C323XYTJW9JZLZ2VU
8VLSTMVZPP323XY2CF
323XY8V6AE5JAQR6CL
TZDTAVMJ2V6C323XYK
8V323XYT2LEQ2RU6CE
T2TC8M46323XY2C2VZ
6C2VKY388N6R323XYH
2C323XY2VWWTLXVA7N
QSC5N9322C323XY8VX
8C4V323XYJUHM9874G
7C3V323XY5B4HSTFUG
6V5P7UWCDD7C323XYD
8VC549KN25323XY8CF
7QCHL94X3C323XY5VX
323XY2V66W42ZMF8CL
4V63ZECUCA2C323XYD
7V5C58ZGAMBB323XYB
2C8VERQA5K8B323XYH
GWY5TAWH2C2V323XYR
XZEJU93R323XY6C6VZ
HEBS2WZK323XY6V9CT
323XY5C6VDKTLZ8UNQ
323XY8C4JAPDSKU8VW
Z3LCD5XN2V323XY7CM
323XY5WANS54H8V8CS
3C4F64ZDBY323XY5VV
3V7C9QG8SRCY323XYB
6C323XYBFJJ3UK48VU
3VVNN9VJKT5C323XYD
2C323XY6VKV4R5PZCN
UXLCGGMJ323XY4C4VZ
2V2LSKPNXM2C323XYD
323XY4CTRGN2V8L2VW
323XY3K6LQR857V3CS
B4BBM4GR323XY8V2CT
SSXQ8AT6323XY2V7CT
5C7VGPMJDVSQ323XYH
8VBJEJL8HF323XY6CF
3C6V323XYG8XZ98DAG
BHAX35BQ323XY2V2CT
4V323XY6CM5N42ELDC
8C323XY3GUT69CY6VU
2V5CS3W9BJG6323XYB
4C323XYKDEKNRVY4VU
BN6WR6D44V7C323XYK
323XY6V2CMXKTUJ4CJ
2C323XYR2S6D6644VU
4V323XY5CR7PUAKDJC
8CZFNKHBCB2V323XYP
6CKDH9Z8392V323XYP
323XY6C5VUVGUMJWKQ
4V2C3B9RSHCY323XYB
323XY3V8CYWMAAHBBJ
HXMSAK8K8C323XY6VX
9V4CWWCMR7UB323XYB
9C2V323XYY3L9KNUXG
8V323XY4CLDAL47MEC
6V323XYSGPL5BYK9CE
323XY9UT7B7548V4CS
323XY9C9V7WYABWZBQ
4VUQZ5WMTD7C323XYD
6C4V323XYW6ZRN5CGG
SB2EEY3M6V323XY8CM
323XY7C8VZ25RSUCFQ
323XY8C5VR5ECHXLHQ
6CR2P3QMQJ323XY4VV
RRA9YVJE4V323XY8CM
SPKK38MB323XY6V6CT
VBSAKKR79V4C323XYK
2C323XY9VKDTW9GQGN
6C4V323XYYRQTD4ZKG
9V39AGSLTS323XY3CF
2V8UWZ6UHE4C323XYD
323XYAJJY8W4V5C4VY
6VN6RF2D5V8C323XYD
5CUF5X67LF323XY2VV
8CDPKWF3Q7323XY9VV
323XYTUBMX3VM2V6CS
4C323XY2VZJ36LN4EN
323XYHUPDFSGQ7V3CS
E7W8349V4V5C323XYK
BR3QNNY94V3C323XYK
323XYL7Z3TZSA4V5CS
3VJM8ER82U323XY2CF
GUPJXMJG7V2C323XYK
FN9SQ2LA9C323XY2VX
VQLL5677323XY8V2CT
B97236R54V2C323XYK
6DQQM9U4323XY8C4VZ
323XY8CLFA62TLD7VW
2V323XYAHEAZMYC4CE
9V6C323XYK7E98LJGA
323XY6CKWVNSLXM5VW
8C323XY6UEP9J6M2VU
6V8C6LB8HJUU323XYB
9C323XYX6UJRGF86VU
323XY4VUR3AETH96CL
323XY4V8S8ZYNWD6CL
7C323XY2VER7LM4AWN
GL8XLLJC2V8C323XYK
2C323XYPFQ222PQ5VU
8CVN5QMCZ43V323XYP
323XYV2FE5AB64V4CS
323XY6CUH8W69428VW
KNCHDX8U6C323XY2VX
M8WR9MH6323XY9V8CT
8WZBLJEX323XY2C2VZ
58PJBJMP323XY8V9CT
F62RH9V23V323XY8CM
323XY7CNP7G46NS2VW
7G8APNXS6C2V323XYR
KBRT92VD4C323XY5VX
43ULJV9J323XY7C6VZ
SKRRQGKS3C4V323XYR
323XYVCCK9FK75C8VY
4V323XY8C88RG58PBC
TMSC5DB54C2V323XYR
323XY3C4VM588DZK8Q
8C323XY24VFRM568VU
6VKADD5H9G4C323XYD
323XY6V8CHQTBY9KEJ
6V323XY2CUU8SWEMBC
4C4V323XYMXXEHTQYG
6V8C323XYMD4C7N3SA
3C6V323XYNT3Q4S48G
HDWL56V97C2V323XYR
323XYWXD4G38N2C4VY
7C323XY8V4F49VK6LN
6V6CESPSVWTV323XYB
323XYFDH23MAY2C6VY
55B5E4R62C323XY8VX
9VJMG6ZKXU2C323XYD
9V323XY9C2XGN65Y5C
GL5SAJBH5V323XY9CM
8C2V323XY4HVYYLLFG
6CHAA4QHMG8V323XYP
4V323XY8CKTPMKSQVC
TK5UB9EX323XY2V4CT
N9AB6VWF4V4C323XYK
4C323XY4VRYRXC8TMN
323XY6C2VKV3XNS6VQ
R3DAZVWW323XY4C2VZ
8V323XYTA4XJ2ZH6CE
323XY2VVME63LSB6CL
9VDGFFBLYK323XY4CF
323XYYR3Y6NQE6C6VY
6CNBKP58233V323XYP
323XY6C6VNRM3EYNEQ
2TRFHJGE6V323XY2CM
8V323XY98ZGWXNX4CE
323XY2CH8CJ5PPJ3VW
323XY4EFQUBNU6C7VY
323XY2V4CALRD52M6J
3NM3RKN4323XY4C5VZ
4V323XY3CRWYWRHUXC
2C323XYCATK8H8Y2VU
L5SGMPEH5V323XY8CM
8C6TNF99WE323XY7VV
323XYYN35C6JU3V2CS
323XYM28DNJ3Z6V7CS
6C323XYPJV3QXX46VU
6CTT9UL9S27V323XYP
323XY8V8C8KRTRNRUJ
6X6E8K9M8C8V323XYR
323XY9VLYEUHP8V8CS
323XY2C8LUA8QNN6VW
U92GH7SE7V3C323XYK
323XY8C4VWFHYQF68Q
2V9C323XYTELZ68V9A
JNQPCCFS2C5V323XYR
GUQ9DWDL6V2C323XYK
6V323XY2CUKG8H397C
323XY2V8CVDJF33DRJ
8TR6967Y323XY6V2CT
323XY4CMJTGQKZB3VW
6V4C323XYL874G73ZA
323XY4C8V56CRMR9JQ
2V4CB8MQBE84323XYB
323XY8V4CE57CFW7RJ
323XY9V2CWTAUPQZFJ
9C8VQ9C59YUK323XYH
323XY6VVXLPN6AN4CL
6C8VPR4QV49P323XYH
3V9C323XYGVC5NDSZA
3VXN2DNU8C2C323XYD
HPJ3WHSV4C323XY4VX
323XY4C2VSX5DSAN5Q
323XY4CUZCLJTWZ8VW
4V4CUQ2XU6A3323XYB
5V323XY8CW3TK895KC
8C3V2W5HF7RA323XYH
2C323XY9V3S3WRL5RN
6V5C323XYJZN2HHPSA
2C323XY26ES6LD46VU
2V8CAKR4J2KQ323XYB
WZKUUFSX5C4V323XYR
2V323XYVQWMVF9G8CE
323XY6EC6SA6N2V8CS
323XY8V4C5X3NP6HQJ
7V323XYMG85P2E84CE
5V7QVXDYQW323XY4CF
GGPZKXKD4V323XY2CM
3C2V323XYP8QFWFEVG
N33NUHFM2V323XY4CM
8VWQ278ZQA2C323XYD
8V7C42WZXSAH323XYB
7VWC9ZQ7JF4C323XYD
6V323XY6CJMT86LB7C
2C323XY4VRMETYASWN
KR7KC6MC323XY9V8CT
323XY8C6VPU7AYN6VQ
SHM5R8P76C3V323XYR
5V323XY8CE5QKVFNRC
323XY7C2VGHWK2Y86Q
S7X3HW969V2C323XYK
2VPDLYR7Y5323XY4CF
2VJFXFTPNG4C323XYD
SS9MX3DY323XY2C6VZ
6VDB22AL68323XY6CF
6VGL2PHEVH323XY7CF
4C323XY76JD9LRL8VU
2C4VSZ5Z8HP6323XYH
323XY7VPBJ5U3UY5CL
3V323XYEJZCZLJQ8CE
K658VS7F323XY3V2CT
2CNFUS8LZ24V323XYP
4NUDKG57323XY6V5CT
323XY3V2CZF2PM2YFJ
KHLBKALF323XY6V2CT
323XY7VSMA5F23Z2CL
75AEQDX66V323XY4CM
FN4E7G2D323XY6C2VZ
6V9VWZ9NB42C323XYD
4V6C323XYXPY6SUT9A
ZLXAXNVZ2C323XY5VX
6V2CVKK6VTAB323XYB
6C3V8EH37AUP323XYH
HPLDPKYR323XY4V4CT
UCBN76KU9C4V323XYR
323XY2CX524C24N5VW
2C323XYQVKJ9EGW4VU
ULXHX5VN6V323XY6CM
2V6HYF9EBH323XY3CF
323XY9C5VLNUHA5SUQ
TRYDUNEH6C323XY8VX
TUBJU5HE323XY6V6CT
G84FHDDZ9C2V323XYR
8CRUEQ63GQ323XY4VV
5VUUKKQGQR323XY4CF
TKQRZPF32V323XY7CM
95JV2KGL6V323XY8CM
8CDYB48VKD323XY2VV
5V8C323XYUZHKJGEUA
ELUMJ7FT323XY4V5CT
6RGL2QM4323XY6C6VZ
2V8CPM2GTNAM323XYB
4C2V323XYACL5FY2LG
5V323XY6CT65XHRATC
3G84AFD28V323XY7CM
3C9VPBHZXRZ8323XYH
HZD4DK287C323XY5VX
ZEZGQ7L24C3V323XYR
323XY9C4VVLJQXLPLQ
4C2V323XYND7BPJHNG
2C2V323XYWNURAAPRG
323XY5C4VKKP77ATBQ
7V323XY2ZT5YLHU2CE
323XY7V8CXJANUSM2J
4C7WLLY59H2V323XYP
4C2V323XYWCH98S5SG
2C4VRELCR8J7323XYH
323XY7VNJXGHWGT4CL
7UYD8TM79C323XY7VX
323XYVQ2C7FUB8V8CS
4CJ9RKFKA78V323XYP
323XYMHB4RW8H9C2VY
GUSVEEVE8V8C323XYK
323XY2C2VEKYLBMWMQ
XBFGTDKU6C2V323XYR
2V323XYG2DJNGYA6CE
6V323XY7CHYPFHNLAC
323XY2VX32CD8TC8CL
323XY4VZ2Z5EXYV2CL
2V323XY8TJBDG5A9CE
68528FKK323XY4V3CT
DVTCJCN5323XY8V7CT
5V2C323XYWWRQ4Q2QA
323XY3V2CC2ZS4MJ5J
4C323XY8VBJJ5N9SAN
2C323XYBNNZ6C5A2VU
4CKJ8WQ4UX6V323XYP
4V323XYF2MPLPPC8CE
8V323XY8C22ZZKG7KC
323XY8C2VM8WB4G8YQ
5V323XY2CCNV67T5AC
B7Y23YEV8V7C323XYK
SVBQEBSY323XY2C8VZ
JYAP9ECR4C323XY8VX
TF9Q2WD68V6C323XYK
323XY6VA69H2DHM5CL
8ZCHDJAR8V7C323XYK
7V4C323XY956J3DXHA
9C323XY2VXKT6ZGTSN
323XYZUMEFBD38V8CS
6VU3B2UN3H4C323XYD
Y4L5S3SV2V323XY9CM
3C8V323XYMMQLCCJ2G
2V6C323XYJ8AJJ5L5A
7C2VZDBEVN8X323XYH
8C323XY2VSGT8J3LXN
GMB8SHDD8C323XY2VX
2DHFD9JU4C8V323XYR
5AVXLU72323XY4C5VZ
KNHRKT2V8C5V323XYR
T74PS6HP6C323XY8VX
9RT7AQ4A7V323XY2CM
3V4CQNB8S6NQ323XYB
HNDSUNQ56C4V323XYR
4C9VGH29D7W8323XYH
323XY8V3CRRRQ5URPJ
8VXS987EUQ6C323XYD
323XY9VU7ESF4Z92CL
7YLWQ8YM8V323XY9CM
3C8V2ZY8KSBE323XYH
4C3VQ7RJR9N7323XYH
6C7V323XYXA3C82ZFG
2V323XYHZEH86L34CE
Q2DY3K2X8C6V323XYR
323XY765ALBJR2V4CS
VNNFRLZU9C2V323XYR
323XYBE3998YV4V8CS
XM3YXYHK323XY3C8VZ
XFJAC65M323XY3C6VZ
323XY6V6BPMFELF2CL
8V323XYWNTNA8SK8CE
3V323XYR42B82MG2CE
J8ELZJQR6V9C323XYK
323XY4VPVWPVH5M7CL
4V3BKGP49L2C323XYD
4V6CKLYCNBMR323XYB
3TJWY9MD2C323XY4VX
3FLGX9QZ323XY8V5CT
323XY7XY85N3X4C4VY
8C6V323XY6C524PKLG
FWRCCLSU4V2C323XYK
323XYYQZPMA4Q8C5VY
2CCVEW95HQ323XY2VV
3V698A8V6D2C323XYD
6C323XYCJLUCNC92VU
4V6CUW8AAVQR323XYB
5V323XYUMX433EV4CE
3M7Y74WC2C323XY6VX
JZBHDZNX323XY8V9CT
8V323XY6C2B4J33NWC
A65SMU2L6C323XY5VX
5C323XY2V4H72ZGVZN
8C323XY67DRP5Q62VU
NNB3WU684V4C323XYK
323XY3V4C3B4MVVR4J
8C323XY4VBDZSE65RN
KXL7NYS4323XY2V9CT
4WQEMZTC4V4C323XYK
323XY5B9CW4YY8C7VY
3V8CXJSXX9G6323XYB
5C82YDXKDG323XY6VV
HSNNK9HA323XY8V8CT
8T5USXXJ323XY6C2VZ
PDWQSR4X4V7C323XYK
3CVE2MESSL2V323XYP
6V323XY3C5WXSNEY8C
323XY6C2VURHAE5TLQ
323XY2VSP7RNJNS6CL
323XY66MQBSY32C7VY
J7NFFFZA4V323XY2CM
323XYA3Q3MG3S3V4CS
SSGXRTTH4C9V323XYR
2C323XY6VZ9N5CWQFN
64NKZFNC323XY4V2CT
323XY6V2CGAZ28LMRJ
2C8V323XY7A5N5ZN2G
7C323XY6VLSKJ3DR9N
323XYZM6HKECE2V4CS
323XY8VZG3GTMSL4CL
E9LK455G8C8V323XYR
2C6V323XYSRQ4BSVKG
323XY2CYWAUZYB42VW
6C5V323XY4LNNG6A7G
VJKLWE688C7V323XYR
8V323XYBY5KBAQQ4CE
2C6VHNE4RG57323XYH
HEC6SJD7323XY9V4CT
4C4V323XYVDL9ZVXRG
323XYRYRDZMTG2V8CS
K9UTHN8C8C2V323XYR
BJSPWQYP8C5V323XYR
323XYD8NSRKSG8V9CS
6CG55E54262V323XYP
2VSVELB9H46C323XYD
323XYDBFW57PB4V7CS
323XY6V8C3U6ZA9NWJ
RE2DDBD8323XY8C8VZ
323XYG879RHGH8C9VY
6VGDF6NHB88C323XYD
9AJ9JESK323XY3V6CT
8VZLKJZS5Q4C323XYD
4CJ6Axm[removed]lAV8V323XYP
AZ3D9ACR3C323XY4VX
8C74CZ6F6C9V323XYR
8V323XY8CN366YULQC
NVKPCML83V323XY8CM
7V323XYHMSYWQTC3CE
6V4C323XYKG4HUD5KA
323XY4C2VSU6VYF2ZQ
MB8GPAK2323XY3C8VZ
XUXVMGT74C4V323XYR
98CD4CNE323XY6C6VZ
7V323XY2CT6LY475QC
3V323XY7ETQ3FXR9CE
8CW7MBF6JB6V323XYP
323XYGM8UKPD38C6VY
4C323XYWRZJWNH62VU
2C323XYM78UPT5R7VU
TCMFUG3X2C323XY4VX
323XYXHFJZU4P7C4VY
2C3VGLV7WG323XY3VV
8V2CADT8G8DM323XYB
8V323XY3JNEFJ4B3CE
7VU4R3QCRE323XY2CF
6V4XMY8YNF323XY4CF
SW5JYTSB323XY7C6VZ
2C2VQX4ABB4K323XYH
QMTXUS9X4V323XY2CM
323XY8V8CWAFGD3T3J
2C2V6HTTPRTG323XYH
323XY7CDW2K79C27VW
3VZNERKAUM5C323XYD
4C323XY8VXSWMBHV3N
8UWL5FZA323XY9C3VZ
6VGLL7QCU8323XY6CF
323XY7CRFDQUP9N4VW
4ER97278323XY5C2VZ
L3JR3S4H6V323XY4CM
8VGDEZ43ZN5C323XYD
4V323XYUYRGAMD28CE
6C2VTXPHLCF7323XYH
323XY4C4VNST5BDFYQ
323XYWEXXW6VA5V6CS
4ST64CL82C9V323XYR
323XY3AV5DU4S6V2CS
4VZDAXWMLY9C323XYD
323XY8VMCJH3G6V4CL
2C323XY2VZJNX78QMN
323XY5CATHCAV2N4VW
6C323XYH53LZHMF5VU
8C9V323XYXTSWSNSXG
9C6V323XYYKUST8JUG
2V323XYLGPM6NY37CE
4C6WYQKF8X6V323XYP
8V8CJ93CLPGY323XYB
323XY3V94V32DKS6CL
323XY7BG6D5JV7C4VY
VDGYVFS62C323XY7VX
C3QTQ49Y323XY4V6CT
8V3C323XYSXSKUZNCA
6C323XY6VXU2S3BLSN
3N9SPQTZ8C323XY8VX
4CGXHAPJCR7V323XYP
2CRWBS239Y8V323XYP
7C323XYV594F8JL4VU
6CE8ZYY9S86V323XYP
KD73CXRH323XY4C5VZ
SDSEVXC42V8C323XYK
WECJCMNX323XY4V7CT
2C323XYB75EQBSV5VU
9V2C323XYWTDA7DMWA
3C323XY8VJNFL7VRNN
4C323XY8VDJC2UGXGN
2V323XY8CNSYZ34Y9C
323XY8V4CWR3UJGPKJ
4VNSTNEXYB323XY4CF
59435RS22C6V323XYR
6C323XY8VTH9E5AYBN
6VVHNZX66L323XY5CF
9CE7A893UB3V323XYP
6VA2M6A5V9323XY6CF
7C323XY9V6Q44T7PTN
Z9QTEPXU2V3C323XYK
323XYE226SVST8V6CS
323XY6V8CJ75RFDPNJ
323XY4V2CKM52WXCEJ
6C6V323XYGRMS9S9XG
SUXNCQ9Z323XY6V6CT
L2VW34D36C6V323XYR
RGRFZEKE6V323XY4CM
8CESMZETHZ323XY8VV
4VC2E4ECUP8C323XYD
HCETA5562V7C323XYK
2VC6D6NWPZ323XY3CF
2V8C323XYLK9Y4D2CA
8C6V323XYDJCRS3QBG
323XYBWKVJUMD5V4CS
UT3CUR63323XY2V4CT
DWVEGUJT4V323XY2CM
A3GC2CAB4V4C323XYK
FTEXFB9L2V323XY8CM
323XY8C4VA2PPGNHEQ
4XC7AM5Q6V7C323XYK
GQ46K2LQ8V2C323XYK
UZ23H74G8V323XY5CM
2V323XY5CECNV59RWC
N8AARZPV323XY7C2VZ
323XY4V6C2JQ8QAYTJ
MZJ23SAT323XY5C2VZ
4C8VL3GJNXMU323XYH
4C8VP2YHMGUF323XYH
K2ZFJBXX323XY4C4VZ
6C8V323XY45DT7QUQG
323XY4VMZQNYMNR2CL
G7R6Z98L2V323XY4CM
8CYTTG2UX5323XY8VV
E7Q7UWK72V4C323XYK
323XY2V6C4KZ2YHMRJ
323XY7L9VMPH24C8VY
5VAR75M4K7323XY2CF
9V323XY7WTW4PG36CE
G5A2UYDE323XY3C2VZ
4V323XYKHQDE6MR2CE
2C323XY2VJJBJ5YJQN
4C7V323XYK96RRXDDG
323XYYKZ6VNQC4C9VY
4C323XYW2XC9DTW8VU
323XYTPGZR7U72C2VY
8VNQGSFLQL2C323XYD
7V8C323XY5Q5FYK9KA
4V6L7HNYJ2323XY2CF
8CCJNFB384323XY5VV
4CGTLXPR6V323XY8VV
323XY2V7UQVPQ8D8CL
323XY8VLMC6MCAL3CL
4V2CJJEAYUBP323XYB
4VDYBWMGCM3C323XYD
9VMMSBBRGJ323XY2CF
2C323XY4VWZLEXM72N
DZGPN3V98C323XY8VX
2CS7FK6WZP8V323XYP
323XY3C9Q22TS4H5VW
323XY8V4CQFUWMKCDJ
7VXWZWJRNH323XY2CF
3C85JPEQ862V323XYP
323XY4CQUL3QMFL8VW
323XY4V4CQ4QXHM55J
2V6C323XY7GTGDJRCA
7V323XY6CGG9PB2HEC
323XY9EBSGSS89V4CS
6CZH8JZJDN4V323XYP
32X3W8YN5V323XY2CM
4V3TG6VAFK7C323XYD
8VS6ZALMD45C323XYD
323XY3C2VEGDNNRUGQ
8VREBY86LR6C323XYD
9V323XY4CYCW4D9PVC
8C648JP9ZY7V323XYP
6CBAKFMZCL323XY9VV
A2YL446W5C323XY2VX
BDL6KYZ2323XY6C9VZ
3V6C323XY2S7C3TD3A
NZWNJGMV6V8C323XYK
5V2CAAEDAX89323XYB
323XY4CSL5LG9Y48VW
323XY8CYA7Q5N752VW
323XYXF7J34UC4C6VY
4B4DAZJ5323XY9C6VZ
7559BCV4323XY6C3VZ
323XYJ9YJ3WGH9V8CS
323XY6V3C8RUDX9PNJ
4CSNXL9CYV5V323XYP
J5FEZMSP7V2C323XYK
323XY7V5CA6Z4958XJ
2C9KQQCBW82V323XYP
6VAAFBFKKC4C323XYD
323XY9C4VDZSN2MY7Q
8V323XY4FCVHHTE2CE
2VBTRWM8CE323XY9CF
5VSUEGKS366C323XYD
NGW3CF4V6V5C323XYK
323XY8C4VLN9MH2YWQ
323XY8VLVS47GAY6CL
VPCXK3N52V323XY4CM
3CS646CDW6323XY8VV
9V323XY9MM35W7E4CE
4V6C8UHNUGEP323XYB
323XY8CZK9RX8SA3VW
2V323XY43YLPN7Q4CE
8V323XY8C4CCW4NWAC
MTG26DRW323XY6C4VZ
323XY52VB52B88C3VY
4V323XY3CZCVCYCU9C
E2NRMG4Q4C2V323XYR
323XYZN8XQ4TX2C5VY
8PLF3M2W5V323XY5CM
6CW3JUMZFQ4V323XYP
8C323XYUDTKJ2D36VU
8VB9TCSSU4323XY2CF
6PBFSBUA6V323XY6CM
6V323XY9C9K382SVBC
323XYNNJ5FUEW8V8CS
6V7C323XYJY2RVVCMA
CJC5DPN96V323XY7CM
323XYAQ4RPJN36C6VY
3V5C323XYQ8GJ5BCBA
6V9C323XYVD75XCLUA
5V323XYCEYG67A39CE
8C5V323XYRUKKWHYWG
323XY6V4LK8C4TJ3CL
2V323XY8C2D9L67A2C
323XY6VJBLGT5XU8CL
TA7L44XM2V323XY8CM
77MJGJHV323XY6V4CT
8V4C323XYWQH6AABPA
323XY8V4CG7VA7QHXJ
J8Y2XFVL323XY3C8VZ
WKHFW6SV6C323XY3VX
5CCJQR4UL28V323XYP
4C2VRXPEFHKZ323XYH
6V8FBPBZ692C323XYD
8L3SFUF8323XY4V7CT
HAQC5H7C4C6V323XYR
3C323XYBW95KEBP7VU
323XY4VDE8XRJLQ3CL
5V323XY2SUTH3F39CE
4C4V323XYZDG4PMBJG
5YT2YRQU323XY4V6CT
323XY2C6VUK3PSCKVQ
RJWMDH2Z8C323XY3VX
323XYNV22GN534C7VY
9QP5WEG68V2C323XYK
HMUJ3C398C2V323XYR
6UGGXGSY8V4C323XYK
6V5KV9KHC7323XY9CF
323XY6VCN8SNJCF3CL
323XYYMJ6SDZG4C6VY
7C323XYY8EFFZBN2VU
2V72WPCQX78C323XYD
7V8C98BE95CB323XYB
6C6VYGFE5RQM323XYH
323XYSXSECRZA6C8VY
6C4V37SJD4BZ323XYH
2C323XYLQY8BV496VU
HHVQV43S6C323XY3VX
7CQ69BKWD52V323XYP
4C323XY8V47JJ3T3YN
323XY32FNQW4F2V6CS
3CVKPG2DM5323XY8VV
MJG7GLZL323XY2V4CT
4VC3FESF4Q5C323XYD
323XY3V8CAVVJ8DWJJ
5M2QSTBZ8V323XY7CM
3CNFLENYG97V323XYP
NQNDDXAB4C323XY4VX
9C323XY8VXUHQTDCTN
2V7C4MSUE7XD323XYB
323XY9CRQ39HW4F4VW
EDFZNY89323XY2C9VZ
8C7ZP6RLJZ323XY8VV
MJJYDCF62V323XY3CM
2V2CXAZRWQNJ323XYB
323XY3VK5VA3SH75CL
7V8C323XYZR7E9X9AA
8C4V323XYYBPMRHWFG
6V323XYU2Y2JP466CE
323XY4VRLPYLJLH7CL
6D4AZC2H323XY3C4VZ
7VBR66T2ZX4C323XYD
6VP5L3WT59323XY4CF
3VY9QLF9MY9C323XYD
FBSJBBDH2C323XY6VX
8VCXDY3UBD323XY8CF
2V6CDPPA3FXA323XYB
SX6K68B23C323XY8VX
4V3WRK8L2W4C323XYD
2VJKHDMFME8C323XYD
323XY8CPBS76AFB2VW
A7Q3QLEH4C3V323XYR
7CSPTL4XHW6V323XYP
323XY8V8CQ43BF85QJ
323XYN9PGSDHZ2C4VY
4VKPZCJXCS323XY2CF
7CZYNULYT5323XY7VV
4C7V323XYWPQEVDGBG
7C323XYDDLWHJ8Q2VU
2C9V94DG9KCS323XYH
8CNVDG83AF323XY4VV
3V5C323XY2CLZF7GFA
6PC9HDN6323XY4V8CT
H69L6BXM4V6C323XYK
323XY4CJP6NFQHW8VW
WUDERBTY7C323XY5VX
5C6VWQMMRYEB323XYH
QEDAGDKV323XY8V8CT
323XY7C4VJPKV99P8Q
323XY6CHT965BUC8VW
6V6C8E49LSXB323XYB
8C3V84SGJRZ8323XYH
323XY4C5TE8MT849VW
323XY4CWWALTX9R3VW
4V9C323XY64VVLWELA
8V2C323XYBBFVVYN5A
5V323XY5CN276CQ58C
2C6V8AH3MVJ8323XYH
323XY2V8CT9XFMHJ4J
323XY34XMNBRE8C4VY
7CN77L8PME6V323XYP
E3HLPAHF9C4V323XYR
9C8VPMD7LZR3323XYH
323XY4VXTFVLMYC8CL
6C8VUZ2SFS8N323XYH
323XYDMP76HEG6C9VY
323XY9V5CSU8LZS8QJ
ZG8G3CEL323XY2C2VZ
7V323XY2CKWYVZ83LC
2FC4M2WQ323XY2V4CT
323XY7VSWQHE8UG6CL
6VHCCKVHAW323XY3CF
KNXNE976323XY4V6CT
4V6VJBZ6ZM8C323XYD
MMCGX4S99V2C323XYK
5C323XYEBSJME5Z6VU
323XY9VXPTY2XKY8CL
2ZWBD4E45V2C323XYK
4C323XY7VCKWU6NT3N
4C323XYZNGJ4YPT2VU
K6GTPM8N323XY2V6CT
C6R7RDKG6V323XY8CM
6V323XY9CG54A3SQTC
323XYZWRYEW3M7V7CS
95BCQH8M4V8C323XYK
8V6C323XYX78ENL3JA
323XYSWH5AUUM8V8CS
62XRQFJ72V323XY3CM
8VCZHVFCL85C323XYD
5CT45DGT4G323XY8VV
2VW2H8N957323XY9CF
3SRFPHV46V2C323XYK
6C2V4NDGPKMH323XYH
2V323XYM297XLMB4CE
8V6C323XYH6F48ZBUA
6C323XYRMCPY4VR6VU
5V323XYL7FGB7374CE
Z2XGYQX94V9C323XYK
4CM26MVW5R4V323XYP
2VR35HDA4W8C323XYD
YBENQPV42V323XY2CM
323XY6C3VK546CRZFQ
6CTCHJ8274323XY6VV
8V8C323XYV5MGA65JA
6C6VEKJQJDN9323XYH
8VHRPXVTHP8C323XYD
9C323XY6VTSYCZLLZN
6C2V323XY47WEX54TG
6CCUU6Z9FB6V323XYP
323XY8C2CPD9XD42VW
323XYW2X8CP7H6C4VY
9V323XY2CHKR6YMQNC
323XY4V2CZJBQXSTJJ
3V7C323XYNQ56JDTFA
6CYRED37444V323XYP
2V5FGW8WUU323XY8CF
6C323XY5PRP3L4X5VU
TLEYES288V9C323XYK
BQPUW3JU2V2C323XYK
323XY8VCDSVNEEB2CL
8CD9MQJ72S2V323XYP
8V323XY9MDHC22S8CE
5CM5TE4UP52V323XYP
YKQ6J85J323XY6C8VZ
6C323XY6VGMDB5BJVN
ZNYMRV346C323XY8VX
6C323XY2VGZ775X98N
9VEGULMPH6323XY4CF
9V5CLCLUCDCZ323XYB
7C323XY5VPFC8JUUQN
26N2Z9DV2V8C323XYK
323XYJW24M88U4V4CS
KX97DD2Y2C9V323XYR
8VRSQ56AHB323XY2CF
8C4V6BQ9E8JG323XYH
323XY7C6VEU4V84Y7Q
T3RMBF6L3V8C323XYK
RVCRNPEW6C323XY4VX
4V7QNWFYFW323XY6CF
DFHBP8SR323XY8V5CT
DZJ2PFZG5V323XY4CM
323XY6VRKX8NZAM6CL
7C2V323XYRN6UFVUZG
4VGQHJ4RA66C323XYD
CLWDF6JK8C323XY8VX
4V4C3DNFGNWD323XYB
NQRRWCQR323XY6V2CT
323XY8V3CCVU2D5P4J
323XY4C5VLEGT48PAQ
323XY8C4VFD3NG6ALQ
323XY7CEWMG3A3X4VW
7VXU6ERX33323XY8CF
6C6VUSDXSP47323XYH
2VKAR6NHGX323XY8CF
SSDZ94JQ6C8V323XYR
RLRBKNVM323XY4C4VZ
323XY6CRZVGPFVS3VW
5CN6FR3WP97V323XYP
4V323XY2CZU5JB32LC
8V9CM6GUVA57323XYB
3C2NT5FHHV323XY5VV
323XY4V4C67FCSZ7CJ
FUP9RU2J8V8C323XYK
